2025-09-17T13:52:07.600-05:00  INFO 11193 --- [projectPragma] [restartedMain] co.com.bancolombia.MainApplication       : Starting MainApplication using Java 22.0.2 with PID 11193 (/home/alex/Documentos/crediya-system/pragma/applications/app-service/build/classes/java/main started by alex in /home/alex/Documentos/crediya-system/pragma)
2025-09-17T13:52:07.639-05:00  INFO 11193 --- [projectPragma] [restartedMain] co.com.bancolombia.MainApplication       : The following 1 profile is active: "dev"
2025-09-17T13:52:07.748-05:00  INFO 11193 --- [projectPragma] [restartedMain] .e.DevToolsPropertyDefaultsPostProcessor : Devtools property defaults active! Set 'spring.devtools.add-properties' to 'false' to disable
2025-09-17T13:52:07.750-05:00  INFO 11193 --- [projectPragma] [restartedMain] .e.DevToolsPropertyDefaultsPostProcessor : For additional web related logging consider setting the 'logging.level.web' property to 'DEBUG'
2025-09-17T13:52:09.120-05:00  INFO 11193 --- [projectPragma] [restartedMain] .s.d.r.c.RepositoryConfigurationDelegate : Bootstrapping Spring Data R2DBC repositories in DEFAULT mode.
2025-09-17T13:52:09.271-05:00  INFO 11193 --- [projectPragma] [restartedMain] .s.d.r.c.RepositoryConfigurationDelegate : Finished Spring Data repository scanning in 142 ms. Found 3 R2DBC repository interfaces.
2025-09-17T13:52:10.956-05:00  INFO 11193 --- [projectPragma] [restartedMain] o.s.b.d.a.OptionalLiveReloadServer       : LiveReload server is running on port 35729
2025-09-17T13:52:11.272-05:00  WARN 11193 --- [projectPragma] [restartedMain] jakarta.persistence.spi                  : jakarta.persistence.spi::No valid providers found.
2025-09-17T13:52:11.486-05:00  INFO 11193 --- [projectPragma] [restartedMain] ctiveUserDetailsServiceAutoConfiguration : 

Using generated security password: 9c8ed28b-4ba9-4ab9-bfe7-28bd5d303eaa

2025-09-17T13:52:12.076-05:00  INFO 11193 --- [projectPragma] [restartedMain] o.s.b.a.e.web.EndpointLinksResolver      : Exposing 2 endpoints beneath base path '/actuator'
2025-09-17T13:52:12.938-05:00  INFO 11193 --- [projectPragma] [restartedMain] liquibase.database                       : Set default schema name to public
2025-09-17T13:52:13.498-05:00  INFO 11193 --- [projectPragma] [restartedMain] liquibase.changelog                      : Reading from public.databasechangelog
2025-09-17T13:52:13.559-05:00  INFO 11193 --- [projectPragma] [restartedMain] liquibase.ui                             : Database is up to date, no changesets to execute
2025-09-17T13:52:13.561-05:00  INFO 11193 --- [projectPragma] [restartedMain] liquibase.changelog                      : Reading from public.databasechangelog
2025-09-17T13:52:13.572-05:00  INFO 11193 --- [projectPragma] [restartedMain] liquibase.util                           : UPDATE SUMMARY
2025-09-17T13:52:13.573-05:00  INFO 11193 --- [projectPragma] [restartedMain] liquibase.util                           : Run:                          0
2025-09-17T13:52:13.573-05:00  INFO 11193 --- [projectPragma] [restartedMain] liquibase.util                           : Previously run:               4
2025-09-17T13:52:13.573-05:00  INFO 11193 --- [projectPragma] [restartedMain] liquibase.util                           : Filtered out:                 0
2025-09-17T13:52:13.573-05:00  INFO 11193 --- [projectPragma] [restartedMain] liquibase.util                           : -------------------------------
2025-09-17T13:52:13.573-05:00  INFO 11193 --- [projectPragma] [restartedMain] liquibase.util                           : Total change sets:            4
2025-09-17T13:52:13.574-05:00  INFO 11193 --- [projectPragma] [restartedMain] liquibase.util                           : Update summary generated
2025-09-17T13:52:13.605-05:00  INFO 11193 --- [projectPragma] [restartedMain] liquibase.lockservice                    : Successfully released change log lock
2025-09-17T13:52:13.608-05:00  INFO 11193 --- [projectPragma] [restartedMain] liquibase.command                        : Command execution complete
2025-09-17T13:52:13.991-05:00  INFO 11193 --- [projectPragma] [restartedMain] o.s.b.web.embedded.netty.NettyWebServer  : Netty started on port 8090 (http)
2025-09-17T13:52:14.006-05:00  INFO 11193 --- [projectPragma] [restartedMain] co.com.bancolombia.MainApplication       : Started MainApplication in 7.372 seconds (process running for 11.323)
2025-09-17T18:22:31.854-05:00  INFO 18820 --- [projectPragma] [restartedMain] co.com.bancolombia.MainApplication       : Starting MainApplication using Java 22.0.2 with PID 18820 (/home/alex/Documentos/crediya-system/pragma/applications/app-service/build/classes/java/main started by alex in /home/alex/Documentos/crediya-system/pragma)
2025-09-17T18:22:31.858-05:00  INFO 18820 --- [projectPragma] [restartedMain] co.com.bancolombia.MainApplication       : The following 1 profile is active: "dev"
2025-09-17T18:22:32.040-05:00  INFO 18820 --- [projectPragma] [restartedMain] .e.DevToolsPropertyDefaultsPostProcessor : Devtools property defaults active! Set 'spring.devtools.add-properties' to 'false' to disable
2025-09-17T18:22:32.041-05:00  INFO 18820 --- [projectPragma] [restartedMain] .e.DevToolsPropertyDefaultsPostProcessor : For additional web related logging consider setting the 'logging.level.web' property to 'DEBUG'
2025-09-17T18:22:33.902-05:00  INFO 18820 --- [projectPragma] [restartedMain] .s.d.r.c.RepositoryConfigurationDelegate : Bootstrapping Spring Data R2DBC repositories in DEFAULT mode.
2025-09-17T18:22:34.221-05:00  INFO 18820 --- [projectPragma] [restartedMain] .s.d.r.c.RepositoryConfigurationDelegate : Finished Spring Data repository scanning in 305 ms. Found 3 R2DBC repository interfaces.
2025-09-17T18:22:36.331-05:00  WARN 18820 --- [projectPragma] [restartedMain] o.s.b.d.a.OptionalLiveReloadServer       : Unable to start LiveReload server
2025-09-17T18:22:36.631-05:00  WARN 18820 --- [projectPragma] [restartedMain] jakarta.persistence.spi                  : jakarta.persistence.spi::No valid providers found.
2025-09-17T18:22:36.865-05:00  INFO 18820 --- [projectPragma] [restartedMain] ctiveUserDetailsServiceAutoConfiguration : 

Using generated security password: 2e36cc38-0dcb-4273-969c-13744231b279

2025-09-17T18:22:37.477-05:00  INFO 18820 --- [projectPragma] [restartedMain] o.s.b.a.e.web.EndpointLinksResolver      : Exposing 2 endpoints beneath base path '/actuator'
2025-09-17T18:22:38.435-05:00  INFO 18820 --- [projectPragma] [restartedMain] liquibase.database                       : Set default schema name to public
2025-09-17T18:22:38.975-05:00  INFO 18820 --- [projectPragma] [restartedMain] liquibase.changelog                      : Reading from public.databasechangelog
2025-09-17T18:22:39.066-05:00  INFO 18820 --- [projectPragma] [restartedMain] liquibase.ui                             : Database is up to date, no changesets to execute
2025-09-17T18:22:39.070-05:00  INFO 18820 --- [projectPragma] [restartedMain] liquibase.changelog                      : Reading from public.databasechangelog
2025-09-17T18:22:39.085-05:00  INFO 18820 --- [projectPragma] [restartedMain] liquibase.util                           : UPDATE SUMMARY
2025-09-17T18:22:39.085-05:00  INFO 18820 --- [projectPragma] [restartedMain] liquibase.util                           : Run:                          0
2025-09-17T18:22:39.086-05:00  INFO 18820 --- [projectPragma] [restartedMain] liquibase.util                           : Previously run:               4
2025-09-17T18:22:39.086-05:00  INFO 18820 --- [projectPragma] [restartedMain] liquibase.util                           : Filtered out:                 0
2025-09-17T18:22:39.086-05:00  INFO 18820 --- [projectPragma] [restartedMain] liquibase.util                           : -------------------------------
2025-09-17T18:22:39.086-05:00  INFO 18820 --- [projectPragma] [restartedMain] liquibase.util                           : Total change sets:            4
2025-09-17T18:22:39.088-05:00  INFO 18820 --- [projectPragma] [restartedMain] liquibase.util                           : Update summary generated
2025-09-17T18:22:39.136-05:00  INFO 18820 --- [projectPragma] [restartedMain] liquibase.lockservice                    : Successfully released change log lock
2025-09-17T18:22:39.140-05:00  INFO 18820 --- [projectPragma] [restartedMain] liquibase.command                        : Command execution complete
2025-09-17T18:22:39.559-05:00  INFO 18820 --- [projectPragma] [restartedMain] o.s.b.web.embedded.netty.NettyWebServer  : Netty started on port 8090 (http)
2025-09-17T18:22:39.573-05:00  INFO 18820 --- [projectPragma] [restartedMain] co.com.bancolombia.MainApplication       : Started MainApplication in 8.45 seconds (process running for 10.739)
2025-09-17T18:22:48.702-05:00 DEBUG 18820 --- [projectPragma] [reactor-tcp-epoll-1] c.com.bancolombia.api.auth.AuthHandler   : [AUTH] Comparing password - Raw: 'client123', Hashed: '$2a$10$hCjqnUfEYtOPUg5VIkDmBOHjWPBAuE./SOScQpZBlr2urSUcZNMRW'
2025-09-17T18:22:48.872-05:00  INFO 18820 --- [projectPragma] [reactor-tcp-epoll-1] c.com.bancolombia.api.auth.AuthHandler   : [AUTH] Login attempt processed successfully
