#
# There is insufficient memory for the Java Runtime Environment to continue.
# Native memory allocation (malloc) failed to allocate 252576 bytes. Error detail: Chunk::new
# Possible reasons:
#   The system is out of physical RAM or swap space
#   This process is running with CompressedOops enabled, and the Java Heap may be blocking the growth of the native heap
# Possible solutions:
#   Reduce memory load on the system
#   Increase physical memory or swap space
#   Check if swap backing store is full
#   Decrease Java heap size (-Xmx/-Xms)
#   Decrease number of Java threads
#   Decrease Java thread stack sizes (-Xss)
#   Set larger code cache with -XX:ReservedCodeCacheSize=
#   JVM is running with Unscaled Compressed Oops mode in which the Java heap is
#     placed in the first 4GB address space. The Java Heap base address is the
#     maximum limit for the native heap growth. Please use -XX:HeapBaseMinAddress
#     to set the Java Heap base and to place the Java Heap above 4GB virtual address.
# This output file may be truncated or incomplete.
#
#  Out of Memory Error (arena.cpp:150), pid=7280, tid=20836
#
# JRE version: Java(TM) SE Runtime Environment (22.0.2+9) (build 22.0.2+9-70)
# Java VM: Java HotSpot(TM) 64-Bit Server VM (22.0.2+9-70, mixed mode, sharing, tiered, compressed oops, compressed class ptrs, g1 gc, windows-amd64)
# No core dump will be written. Minidumps are not enabled by default on client versions of Windows
#

---------------  S U M M A R Y ------------

Command Line: -Dnet.bytebuddy.agent.attacher.dump= reactor.blockhound.shaded.net.bytebuddy.agent.Attacher com.sun.tools.attach.VirtualMachine 5500 C:\Users\maria\.gradle\caches\modules-2\files-2.1\net.bytebuddy\byte-buddy-agent\1.14.19\154da3a65b4f4a909d3e5bdec55d1b2b4cbb6ce1\byte-buddy-agent-1.14.19.jar false 

Host: AMD Ryzen 5 7520U with Radeon Graphics         , 8 cores, 7G,  Windows 11 , 64 bit Build 26100 (10.0.26100.4768)
Time: Thu Sep  4 20:02:29 2025 Hora est. Pacífico, Sudamérica elapsed time: 2.660982 seconds (0d 0h 0m 2s)

---------------  T H R E A D  ---------------

Current thread (0x00000243c72a31e0):  JavaThread "C2 CompilerThread0" daemon [_thread_in_native, id=20836, stack(0x0000007b88100000,0x0000007b88200000) (1024K)]


Current CompileTask:
C2:2661  368       4       java.io.StreamTokenizer::nextToken (1266 bytes)

Stack: [0x0000007b88100000,0x0000007b88200000]
Native frames: (J=compiled Java code, j=interpreted, Vv=VM code, C=native code)
V  [jvm.dll+0x6e26e9]  (no source info available)
V  [jvm.dll+0x875753]  (no source info available)
V  [jvm.dll+0x877b7e]  (no source info available)
V  [jvm.dll+0x878253]  (no source info available)
V  [jvm.dll+0x27fc86]  (no source info available)
V  [jvm.dll+0xc3d0f]  (no source info available)
V  [jvm.dll+0xc3f6b]  (no source info available)
V  [jvm.dll+0x2f3c7f]  (no source info available)
V  [jvm.dll+0x60c0fa]  (no source info available)
V  [jvm.dll+0x250c92]  (no source info available)
V  [jvm.dll+0x2492a6]  (no source info available)
V  [jvm.dll+0x246da6]  (no source info available)
V  [jvm.dll+0x1c4e80]  (no source info available)
V  [jvm.dll+0x2568f3]  (no source info available)
V  [jvm.dll+0x254baa]  (no source info available)
V  [jvm.dll+0x3f57a6]  (no source info available)
V  [jvm.dll+0x81dc0b]  (no source info available)
V  [jvm.dll+0x6e0d85]  (no source info available)
C  [ucrtbase.dll+0x37b0]  (no source info available)
C  [KERNEL32.DLL+0x2e8d7]  (no source info available)
C  [ntdll.dll+0x3c34c]  (no source info available)


---------------  P R O C E S S  ---------------

Threads class SMR info:
_java_thread_list=0x00000243c76f7470, length=11, elements={
0x00000243c72839b0, 0x00000243c7284b90, 0x00000243c7289640, 0x00000243c728a820,
0x00000243c7299f60, 0x00000243c72a1790, 0x00000243c72a31e0, 0x00000243c72a4540,
0x00000243c7512050, 0x00000243c7524740, 0x00000243aad59230
}

Java Threads: ( => current thread )
  0x00000243c72839b0 JavaThread "Reference Handler"          daemon [_thread_blocked, id=23376, stack(0x0000007b87b00000,0x0000007b87c00000) (1024K)]
  0x00000243c7284b90 JavaThread "Finalizer"                  daemon [_thread_blocked, id=25828, stack(0x0000007b87c00000,0x0000007b87d00000) (1024K)]
  0x00000243c7289640 JavaThread "Signal Dispatcher"          daemon [_thread_blocked, id=22876, stack(0x0000007b87d00000,0x0000007b87e00000) (1024K)]
  0x00000243c728a820 JavaThread "Attach Listener"            daemon [_thread_blocked, id=13060, stack(0x0000007b87e00000,0x0000007b87f00000) (1024K)]
  0x00000243c7299f60 JavaThread "Service Thread"             daemon [_thread_blocked, id=9924, stack(0x0000007b87f00000,0x0000007b88000000) (1024K)]
  0x00000243c72a1790 JavaThread "Monitor Deflation Thread"   daemon [_thread_blocked, id=24868, stack(0x0000007b88000000,0x0000007b88100000) (1024K)]
=>0x00000243c72a31e0 JavaThread "C2 CompilerThread0"         daemon [_thread_in_native, id=20836, stack(0x0000007b88100000,0x0000007b88200000) (1024K)]
  0x00000243c72a4540 JavaThread "C1 CompilerThread0"         daemon [_thread_blocked, id=1316, stack(0x0000007b88200000,0x0000007b88300000) (1024K)]
  0x00000243c7512050 JavaThread "Notification Thread"        daemon [_thread_blocked, id=6728, stack(0x0000007b88300000,0x0000007b88400000) (1024K)]
  0x00000243c7524740 JavaThread "Common-Cleaner"             daemon [_thread_blocked, id=20336, stack(0x0000007b88400000,0x0000007b88500000) (1024K)]
  0x00000243aad59230 JavaThread "DestroyJavaVM"                     [_thread_blocked, id=8000, stack(0x0000007b87300000,0x0000007b87400000) (1024K)]
Total: 11

Other Threads:
  0x00000243c7263340 VMThread "VM Thread"                           [id=6356, stack(0x0000007b87a00000,0x0000007b87b00000) (1024K)]
  0x00000243c724cbc0 WatcherThread "VM Periodic Task Thread"        [id=14460, stack(0x0000007b87900000,0x0000007b87a00000) (1024K)]
  0x00000243aadab390 WorkerThread "GC Thread#0"                     [id=2436, stack(0x0000007b87400000,0x0000007b87500000) (1024K)]
  0x00000243aadbad20 ConcurrentGCThread "G1 Main Marker"            [id=23380, stack(0x0000007b87500000,0x0000007b87600000) (1024K)]
  0x00000243aadbd560 WorkerThread "G1 Conc#0"                       [id=16292, stack(0x0000007b87600000,0x0000007b87700000) (1024K)]
  0x00000243aae1e7c0 ConcurrentGCThread "G1 Refine#0"               [id=25180, stack(0x0000007b87700000,0x0000007b87800000) (1024K)]
  0x00000243c7122170 ConcurrentGCThread "G1 Service"                [id=4116, stack(0x0000007b87800000,0x0000007b87900000) (1024K)]
Total: 7

Threads with active compile tasks:
C2 CompilerThread0  2732  368       4       java.io.StreamTokenizer::nextToken (1266 bytes)
Total: 1

VM state: not at safepoint (normal execution)

VM Mutex/Monitor currently owned by a thread: None

Heap address: 0x000000008b800000, size: 1864 MB, Compressed Oops mode: 32-bit

CDS archive(s) mapped at: [0x00000243c8000000-0x00000243c8c60000-0x00000243c8c60000), size 12976128, SharedBaseAddress: 0x00000243c8000000, ArchiveRelocationMode: 1.
Compressed class space mapped at: 0x00000243c9000000-0x0000024409000000, reserved size: 1073741824
Narrow klass base: 0x00000243c8000000, Narrow klass shift: 0, Narrow klass range: 0x41000000

GC Precious Log:
 CardTable entry size: 512
 Card Set container configuration: InlinePtr #cards 5 size 8 Array Of Cards #cards 12 size 40 Howl #buckets 4 coarsen threshold 1843 Howl Bitmap #cards 512 size 80 coarsen threshold 460 Card regions per heap region 1 cards per card region 2048
 CPUs: 8 total, 8 available
 Memory: 7455M
 Large Page Support: Disabled
 NUMA Support: Disabled
 Compressed Oops: Enabled (32-bit)
 Heap Region Size: 1M
 Heap Min Capacity: 8M
 Heap Initial Capacity: 118M
 Heap Max Capacity: 1864M
 Pre-touch: Disabled
 Parallel Workers: 8
 Concurrent Workers: 2
 Concurrent Refinement Workers: 8
 Periodic GC: Disabled

Heap:
 garbage-first heap   total reserved 1908736K, committed 120832K, used 3072K [0x000000008b800000, 0x0000000100000000)
  region size 1024K, 4 young (4096K), 0 survivors (0K)
 Metaspace       used 1166K, committed 1344K, reserved 1114112K
  class space    used 117K, committed 192K, reserved 1048576K

Heap Regions: E=young(eden), S=young(survivor), O=old, HS=humongous(starts), HC=humongous(continues), CS=collection set, F=free, TAMS=top-at-mark-start, PB=parsable bottom
|   0|0x000000008b800000, 0x000000008b800000, 0x000000008b900000|  0%| F|  |TAMS 0x000000008b800000| PB 0x000000008b800000| Untracked |  0
|   1|0x000000008b900000, 0x000000008b900000, 0x000000008ba00000|  0%| F|  |TAMS 0x000000008b900000| PB 0x000000008b900000| Untracked |  0
|   2|0x000000008ba00000, 0x000000008ba00000, 0x000000008bb00000|  0%| F|  |TAMS 0x000000008ba00000| PB 0x000000008ba00000| Untracked |  0
|   3|0x000000008bb00000, 0x000000008bb00000, 0x000000008bc00000|  0%| F|  |TAMS 0x000000008bb00000| PB 0x000000008bb00000| Untracked |  0
|   4|0x000000008bc00000, 0x000000008bc00000, 0x000000008bd00000|  0%| F|  |TAMS 0x000000008bc00000| PB 0x000000008bc00000| Untracked |  0
|   5|0x000000008bd00000, 0x000000008bd00000, 0x000000008be00000|  0%| F|  |TAMS 0x000000008bd00000| PB 0x000000008bd00000| Untracked |  0
|   6|0x000000008be00000, 0x000000008be00000, 0x000000008bf00000|  0%| F|  |TAMS 0x000000008be00000| PB 0x000000008be00000| Untracked |  0
|   7|0x000000008bf00000, 0x000000008bf00000, 0x000000008c000000|  0%| F|  |TAMS 0x000000008bf00000| PB 0x000000008bf00000| Untracked |  0
|   8|0x000000008c000000, 0x000000008c000000, 0x000000008c100000|  0%| F|  |TAMS 0x000000008c000000| PB 0x000000008c000000| Untracked |  0
|   9|0x000000008c100000, 0x000000008c100000, 0x000000008c200000|  0%| F|  |TAMS 0x000000008c100000| PB 0x000000008c100000| Untracked |  0
|  10|0x000000008c200000, 0x000000008c200000, 0x000000008c300000|  0%| F|  |TAMS 0x000000008c200000| PB 0x000000008c200000| Untracked |  0
|  11|0x000000008c300000, 0x000000008c300000, 0x000000008c400000|  0%| F|  |TAMS 0x000000008c300000| PB 0x000000008c300000| Untracked |  0
|  12|0x000000008c400000, 0x000000008c400000, 0x000000008c500000|  0%| F|  |TAMS 0x000000008c400000| PB 0x000000008c400000| Untracked |  0
|  13|0x000000008c500000, 0x000000008c500000, 0x000000008c600000|  0%| F|  |TAMS 0x000000008c500000| PB 0x000000008c500000| Untracked |  0
|  14|0x000000008c600000, 0x000000008c600000, 0x000000008c700000|  0%| F|  |TAMS 0x000000008c600000| PB 0x000000008c600000| Untracked |  0
|  15|0x000000008c700000, 0x000000008c700000, 0x000000008c800000|  0%| F|  |TAMS 0x000000008c700000| PB 0x000000008c700000| Untracked |  0
|  16|0x000000008c800000, 0x000000008c800000, 0x000000008c900000|  0%| F|  |TAMS 0x000000008c800000| PB 0x000000008c800000| Untracked |  0
|  17|0x000000008c900000, 0x000000008c900000, 0x000000008ca00000|  0%| F|  |TAMS 0x000000008c900000| PB 0x000000008c900000| Untracked |  0
|  18|0x000000008ca00000, 0x000000008ca00000, 0x000000008cb00000|  0%| F|  |TAMS 0x000000008ca00000| PB 0x000000008ca00000| Untracked |  0
|  19|0x000000008cb00000, 0x000000008cb00000, 0x000000008cc00000|  0%| F|  |TAMS 0x000000008cb00000| PB 0x000000008cb00000| Untracked |  0
|  20|0x000000008cc00000, 0x000000008cc00000, 0x000000008cd00000|  0%| F|  |TAMS 0x000000008cc00000| PB 0x000000008cc00000| Untracked |  0
|  21|0x000000008cd00000, 0x000000008cd00000, 0x000000008ce00000|  0%| F|  |TAMS 0x000000008cd00000| PB 0x000000008cd00000| Untracked |  0
|  22|0x000000008ce00000, 0x000000008ce00000, 0x000000008cf00000|  0%| F|  |TAMS 0x000000008ce00000| PB 0x000000008ce00000| Untracked |  0
|  23|0x000000008cf00000, 0x000000008cf00000, 0x000000008d000000|  0%| F|  |TAMS 0x000000008cf00000| PB 0x000000008cf00000| Untracked |  0
|  24|0x000000008d000000, 0x000000008d000000, 0x000000008d100000|  0%| F|  |TAMS 0x000000008d000000| PB 0x000000008d000000| Untracked |  0
|  25|0x000000008d100000, 0x000000008d100000, 0x000000008d200000|  0%| F|  |TAMS 0x000000008d100000| PB 0x000000008d100000| Untracked |  0
|  26|0x000000008d200000, 0x000000008d200000, 0x000000008d300000|  0%| F|  |TAMS 0x000000008d200000| PB 0x000000008d200000| Untracked |  0
|  27|0x000000008d300000, 0x000000008d300000, 0x000000008d400000|  0%| F|  |TAMS 0x000000008d300000| PB 0x000000008d300000| Untracked |  0
|  28|0x000000008d400000, 0x000000008d400000, 0x000000008d500000|  0%| F|  |TAMS 0x000000008d400000| PB 0x000000008d400000| Untracked |  0
|  29|0x000000008d500000, 0x000000008d500000, 0x000000008d600000|  0%| F|  |TAMS 0x000000008d500000| PB 0x000000008d500000| Untracked |  0
|  30|0x000000008d600000, 0x000000008d600000, 0x000000008d700000|  0%| F|  |TAMS 0x000000008d600000| PB 0x000000008d600000| Untracked |  0
|  31|0x000000008d700000, 0x000000008d700000, 0x000000008d800000|  0%| F|  |TAMS 0x000000008d700000| PB 0x000000008d700000| Untracked |  0
|  32|0x000000008d800000, 0x000000008d800000, 0x000000008d900000|  0%| F|  |TAMS 0x000000008d800000| PB 0x000000008d800000| Untracked |  0
|  33|0x000000008d900000, 0x000000008d900000, 0x000000008da00000|  0%| F|  |TAMS 0x000000008d900000| PB 0x000000008d900000| Untracked |  0
|  34|0x000000008da00000, 0x000000008da00000, 0x000000008db00000|  0%| F|  |TAMS 0x000000008da00000| PB 0x000000008da00000| Untracked |  0
|  35|0x000000008db00000, 0x000000008db00000, 0x000000008dc00000|  0%| F|  |TAMS 0x000000008db00000| PB 0x000000008db00000| Untracked |  0
|  36|0x000000008dc00000, 0x000000008dc00000, 0x000000008dd00000|  0%| F|  |TAMS 0x000000008dc00000| PB 0x000000008dc00000| Untracked |  0
|  37|0x000000008dd00000, 0x000000008dd00000, 0x000000008de00000|  0%| F|  |TAMS 0x000000008dd00000| PB 0x000000008dd00000| Untracked |  0
|  38|0x000000008de00000, 0x000000008de00000, 0x000000008df00000|  0%| F|  |TAMS 0x000000008de00000| PB 0x000000008de00000| Untracked |  0
|  39|0x000000008df00000, 0x000000008df00000, 0x000000008e000000|  0%| F|  |TAMS 0x000000008df00000| PB 0x000000008df00000| Untracked |  0
|  40|0x000000008e000000, 0x000000008e000000, 0x000000008e100000|  0%| F|  |TAMS 0x000000008e000000| PB 0x000000008e000000| Untracked |  0
|  41|0x000000008e100000, 0x000000008e100000, 0x000000008e200000|  0%| F|  |TAMS 0x000000008e100000| PB 0x000000008e100000| Untracked |  0
|  42|0x000000008e200000, 0x000000008e200000, 0x000000008e300000|  0%| F|  |TAMS 0x000000008e200000| PB 0x000000008e200000| Untracked |  0
|  43|0x000000008e300000, 0x000000008e300000, 0x000000008e400000|  0%| F|  |TAMS 0x000000008e300000| PB 0x000000008e300000| Untracked |  0
|  44|0x000000008e400000, 0x000000008e400000, 0x000000008e500000|  0%| F|  |TAMS 0x000000008e400000| PB 0x000000008e400000| Untracked |  0
|  45|0x000000008e500000, 0x000000008e500000, 0x000000008e600000|  0%| F|  |TAMS 0x000000008e500000| PB 0x000000008e500000| Untracked |  0
|  46|0x000000008e600000, 0x000000008e600000, 0x000000008e700000|  0%| F|  |TAMS 0x000000008e600000| PB 0x000000008e600000| Untracked |  0
|  47|0x000000008e700000, 0x000000008e700000, 0x000000008e800000|  0%| F|  |TAMS 0x000000008e700000| PB 0x000000008e700000| Untracked |  0
|  48|0x000000008e800000, 0x000000008e800000, 0x000000008e900000|  0%| F|  |TAMS 0x000000008e800000| PB 0x000000008e800000| Untracked |  0
|  49|0x000000008e900000, 0x000000008e900000, 0x000000008ea00000|  0%| F|  |TAMS 0x000000008e900000| PB 0x000000008e900000| Untracked |  0
|  50|0x000000008ea00000, 0x000000008ea00000, 0x000000008eb00000|  0%| F|  |TAMS 0x000000008ea00000| PB 0x000000008ea00000| Untracked |  0
|  51|0x000000008eb00000, 0x000000008eb00000, 0x000000008ec00000|  0%| F|  |TAMS 0x000000008eb00000| PB 0x000000008eb00000| Untracked |  0
|  52|0x000000008ec00000, 0x000000008ec00000, 0x000000008ed00000|  0%| F|  |TAMS 0x000000008ec00000| PB 0x000000008ec00000| Untracked |  0
|  53|0x000000008ed00000, 0x000000008ed00000, 0x000000008ee00000|  0%| F|  |TAMS 0x000000008ed00000| PB 0x000000008ed00000| Untracked |  0
|  54|0x000000008ee00000, 0x000000008ee00000, 0x000000008ef00000|  0%| F|  |TAMS 0x000000008ee00000| PB 0x000000008ee00000| Untracked |  0
|  55|0x000000008ef00000, 0x000000008ef00000, 0x000000008f000000|  0%| F|  |TAMS 0x000000008ef00000| PB 0x000000008ef00000| Untracked |  0
|  56|0x000000008f000000, 0x000000008f000000, 0x000000008f100000|  0%| F|  |TAMS 0x000000008f000000| PB 0x000000008f000000| Untracked |  0
|  57|0x000000008f100000, 0x000000008f100000, 0x000000008f200000|  0%| F|  |TAMS 0x000000008f100000| PB 0x000000008f100000| Untracked |  0
|  58|0x000000008f200000, 0x000000008f200000, 0x000000008f300000|  0%| F|  |TAMS 0x000000008f200000| PB 0x000000008f200000| Untracked |  0
|  59|0x000000008f300000, 0x000000008f300000, 0x000000008f400000|  0%| F|  |TAMS 0x000000008f300000| PB 0x000000008f300000| Untracked |  0
|  60|0x000000008f400000, 0x000000008f400000, 0x000000008f500000|  0%| F|  |TAMS 0x000000008f400000| PB 0x000000008f400000| Untracked |  0
|  61|0x000000008f500000, 0x000000008f500000, 0x000000008f600000|  0%| F|  |TAMS 0x000000008f500000| PB 0x000000008f500000| Untracked |  0
|  62|0x000000008f600000, 0x000000008f600000, 0x000000008f700000|  0%| F|  |TAMS 0x000000008f600000| PB 0x000000008f600000| Untracked |  0
|  63|0x000000008f700000, 0x000000008f700000, 0x000000008f800000|  0%| F|  |TAMS 0x000000008f700000| PB 0x000000008f700000| Untracked |  0
|  64|0x000000008f800000, 0x000000008f800000, 0x000000008f900000|  0%| F|  |TAMS 0x000000008f800000| PB 0x000000008f800000| Untracked |  0
|  65|0x000000008f900000, 0x000000008f900000, 0x000000008fa00000|  0%| F|  |TAMS 0x000000008f900000| PB 0x000000008f900000| Untracked |  0
|  66|0x000000008fa00000, 0x000000008fa00000, 0x000000008fb00000|  0%| F|  |TAMS 0x000000008fa00000| PB 0x000000008fa00000| Untracked |  0
|  67|0x000000008fb00000, 0x000000008fb00000, 0x000000008fc00000|  0%| F|  |TAMS 0x000000008fb00000| PB 0x000000008fb00000| Untracked |  0
|  68|0x000000008fc00000, 0x000000008fc00000, 0x000000008fd00000|  0%| F|  |TAMS 0x000000008fc00000| PB 0x000000008fc00000| Untracked |  0
|  69|0x000000008fd00000, 0x000000008fd00000, 0x000000008fe00000|  0%| F|  |TAMS 0x000000008fd00000| PB 0x000000008fd00000| Untracked |  0
|  70|0x000000008fe00000, 0x000000008fe00000, 0x000000008ff00000|  0%| F|  |TAMS 0x000000008fe00000| PB 0x000000008fe00000| Untracked |  0
|  71|0x000000008ff00000, 0x000000008ff00000, 0x0000000090000000|  0%| F|  |TAMS 0x000000008ff00000| PB 0x000000008ff00000| Untracked |  0
|  72|0x0000000090000000, 0x0000000090000000, 0x0000000090100000|  0%| F|  |TAMS 0x0000000090000000| PB 0x0000000090000000| Untracked |  0
|  73|0x0000000090100000, 0x0000000090100000, 0x0000000090200000|  0%| F|  |TAMS 0x0000000090100000| PB 0x0000000090100000| Untracked |  0
|  74|0x0000000090200000, 0x0000000090200000, 0x0000000090300000|  0%| F|  |TAMS 0x0000000090200000| PB 0x0000000090200000| Untracked |  0
|  75|0x0000000090300000, 0x0000000090300000, 0x0000000090400000|  0%| F|  |TAMS 0x0000000090300000| PB 0x0000000090300000| Untracked |  0
|  76|0x0000000090400000, 0x0000000090400000, 0x0000000090500000|  0%| F|  |TAMS 0x0000000090400000| PB 0x0000000090400000| Untracked |  0
|  77|0x0000000090500000, 0x0000000090500000, 0x0000000090600000|  0%| F|  |TAMS 0x0000000090500000| PB 0x0000000090500000| Untracked |  0
|  78|0x0000000090600000, 0x0000000090600000, 0x0000000090700000|  0%| F|  |TAMS 0x0000000090600000| PB 0x0000000090600000| Untracked |  0
|  79|0x0000000090700000, 0x0000000090700000, 0x0000000090800000|  0%| F|  |TAMS 0x0000000090700000| PB 0x0000000090700000| Untracked |  0
|  80|0x0000000090800000, 0x0000000090800000, 0x0000000090900000|  0%| F|  |TAMS 0x0000000090800000| PB 0x0000000090800000| Untracked |  0
|  81|0x0000000090900000, 0x0000000090900000, 0x0000000090a00000|  0%| F|  |TAMS 0x0000000090900000| PB 0x0000000090900000| Untracked |  0
|  82|0x0000000090a00000, 0x0000000090a00000, 0x0000000090b00000|  0%| F|  |TAMS 0x0000000090a00000| PB 0x0000000090a00000| Untracked |  0
|  83|0x0000000090b00000, 0x0000000090b00000, 0x0000000090c00000|  0%| F|  |TAMS 0x0000000090b00000| PB 0x0000000090b00000| Untracked |  0
|  84|0x0000000090c00000, 0x0000000090c00000, 0x0000000090d00000|  0%| F|  |TAMS 0x0000000090c00000| PB 0x0000000090c00000| Untracked |  0
|  85|0x0000000090d00000, 0x0000000090d00000, 0x0000000090e00000|  0%| F|  |TAMS 0x0000000090d00000| PB 0x0000000090d00000| Untracked |  0
|  86|0x0000000090e00000, 0x0000000090e00000, 0x0000000090f00000|  0%| F|  |TAMS 0x0000000090e00000| PB 0x0000000090e00000| Untracked |  0
|  87|0x0000000090f00000, 0x0000000090f00000, 0x0000000091000000|  0%| F|  |TAMS 0x0000000090f00000| PB 0x0000000090f00000| Untracked |  0
|  88|0x0000000091000000, 0x0000000091000000, 0x0000000091100000|  0%| F|  |TAMS 0x0000000091000000| PB 0x0000000091000000| Untracked |  0
|  89|0x0000000091100000, 0x0000000091100000, 0x0000000091200000|  0%| F|  |TAMS 0x0000000091100000| PB 0x0000000091100000| Untracked |  0
|  90|0x0000000091200000, 0x0000000091200000, 0x0000000091300000|  0%| F|  |TAMS 0x0000000091200000| PB 0x0000000091200000| Untracked |  0
|  91|0x0000000091300000, 0x0000000091300000, 0x0000000091400000|  0%| F|  |TAMS 0x0000000091300000| PB 0x0000000091300000| Untracked |  0
|  92|0x0000000091400000, 0x0000000091400000, 0x0000000091500000|  0%| F|  |TAMS 0x0000000091400000| PB 0x0000000091400000| Untracked |  0
|  93|0x0000000091500000, 0x0000000091500000, 0x0000000091600000|  0%| F|  |TAMS 0x0000000091500000| PB 0x0000000091500000| Untracked |  0
|  94|0x0000000091600000, 0x0000000091600000, 0x0000000091700000|  0%| F|  |TAMS 0x0000000091600000| PB 0x0000000091600000| Untracked |  0
|  95|0x0000000091700000, 0x0000000091700000, 0x0000000091800000|  0%| F|  |TAMS 0x0000000091700000| PB 0x0000000091700000| Untracked |  0
|  96|0x0000000091800000, 0x0000000091800000, 0x0000000091900000|  0%| F|  |TAMS 0x0000000091800000| PB 0x0000000091800000| Untracked |  0
|  97|0x0000000091900000, 0x0000000091900000, 0x0000000091a00000|  0%| F|  |TAMS 0x0000000091900000| PB 0x0000000091900000| Untracked |  0
|  98|0x0000000091a00000, 0x0000000091a00000, 0x0000000091b00000|  0%| F|  |TAMS 0x0000000091a00000| PB 0x0000000091a00000| Untracked |  0
|  99|0x0000000091b00000, 0x0000000091b00000, 0x0000000091c00000|  0%| F|  |TAMS 0x0000000091b00000| PB 0x0000000091b00000| Untracked |  0
| 100|0x0000000091c00000, 0x0000000091c00000, 0x0000000091d00000|  0%| F|  |TAMS 0x0000000091c00000| PB 0x0000000091c00000| Untracked |  0
| 101|0x0000000091d00000, 0x0000000091d00000, 0x0000000091e00000|  0%| F|  |TAMS 0x0000000091d00000| PB 0x0000000091d00000| Untracked |  0
| 102|0x0000000091e00000, 0x0000000091e00000, 0x0000000091f00000|  0%| F|  |TAMS 0x0000000091e00000| PB 0x0000000091e00000| Untracked |  0
| 103|0x0000000091f00000, 0x0000000091f00000, 0x0000000092000000|  0%| F|  |TAMS 0x0000000091f00000| PB 0x0000000091f00000| Untracked |  0
| 104|0x0000000092000000, 0x0000000092000000, 0x0000000092100000|  0%| F|  |TAMS 0x0000000092000000| PB 0x0000000092000000| Untracked |  0
| 105|0x0000000092100000, 0x0000000092100000, 0x0000000092200000|  0%| F|  |TAMS 0x0000000092100000| PB 0x0000000092100000| Untracked |  0
| 106|0x0000000092200000, 0x0000000092200000, 0x0000000092300000|  0%| F|  |TAMS 0x0000000092200000| PB 0x0000000092200000| Untracked |  0
| 107|0x0000000092300000, 0x0000000092300000, 0x0000000092400000|  0%| F|  |TAMS 0x0000000092300000| PB 0x0000000092300000| Untracked |  0
| 108|0x0000000092400000, 0x0000000092400000, 0x0000000092500000|  0%| F|  |TAMS 0x0000000092400000| PB 0x0000000092400000| Untracked |  0
| 109|0x0000000092500000, 0x0000000092500000, 0x0000000092600000|  0%| F|  |TAMS 0x0000000092500000| PB 0x0000000092500000| Untracked |  0
| 110|0x0000000092600000, 0x0000000092600000, 0x0000000092700000|  0%| F|  |TAMS 0x0000000092600000| PB 0x0000000092600000| Untracked |  0
| 111|0x0000000092700000, 0x0000000092700000, 0x0000000092800000|  0%| F|  |TAMS 0x0000000092700000| PB 0x0000000092700000| Untracked |  0
| 112|0x0000000092800000, 0x0000000092800000, 0x0000000092900000|  0%| F|  |TAMS 0x0000000092800000| PB 0x0000000092800000| Untracked |  0
| 113|0x0000000092900000, 0x0000000092900000, 0x0000000092a00000|  0%| F|  |TAMS 0x0000000092900000| PB 0x0000000092900000| Untracked |  0
| 114|0x0000000092a00000, 0x0000000092b00000, 0x0000000092b00000|100%| E|  |TAMS 0x0000000092a00000| PB 0x0000000092a00000| Complete |  0
| 115|0x0000000092b00000, 0x0000000092c00000, 0x0000000092c00000|100%| E|CS|TAMS 0x0000000092b00000| PB 0x0000000092b00000| Complete |  0
| 116|0x0000000092c00000, 0x0000000092d00000, 0x0000000092d00000|100%| E|CS|TAMS 0x0000000092c00000| PB 0x0000000092c00000| Complete |  0
| 117|0x0000000092d00000, 0x0000000092e00000, 0x0000000092e00000|100%| E|CS|TAMS 0x0000000092d00000| PB 0x0000000092d00000| Complete |  0

Card table byte_map: [0x00000243c2790000,0x00000243c2b40000] _byte_map_base: 0x00000243c2334000

Marking Bits: (CMBitMap*) 0x00000243aadabaa0
 Bits: [0x00000243c2b40000, 0x00000243c4860000)

Polling page: 0x00000243aa520000

Metaspace:

Usage:
  Non-class:      1.02 MB used.
      Class:    117.27 KB used.
       Both:      1.14 MB used.

Virtual space:
  Non-class space:       64.00 MB reserved,       1.12 MB (  2%) committed,  1 nodes.
      Class space:        1.00 GB reserved,     192.00 KB ( <1%) committed,  1 nodes.
             Both:        1.06 GB reserved,       1.31 MB ( <1%) committed. 

Chunk freelists:
   Non-Class:  11.70 MB
       Class:  15.66 MB
        Both:  27.36 MB

MaxMetaspaceSize: unlimited
CompressedClassSpaceSize: 1.00 GB
Initial GC threshold: 21.00 MB
Current GC threshold: 21.00 MB
CDS: on
 - commit_granule_bytes: 65536.
 - commit_granule_words: 8192.
 - virtual_space_node_default_size: 8388608.
 - enlarge_chunks_in_place: 1.
 - use_allocation_guard: 0.


Internal statistics:

num_allocs_failed_limit: 0.
num_arena_births: 102.
num_arena_deaths: 0.
num_vsnodes_births: 2.
num_vsnodes_deaths: 0.
num_space_committed: 21.
num_space_uncommitted: 0.
num_chunks_returned_to_freelist: 0.
num_chunks_taken_from_freelist: 136.
num_chunk_merges: 0.
num_chunk_splits: 83.
num_chunks_enlarged: 38.
num_inconsistent_stats: 0.

CodeHeap 'non-profiled nmethods': size=120000Kb used=132Kb max_used=132Kb free=119868Kb
 bounds [0x00000243bab80000, 0x00000243badf0000, 0x00000243c20b0000]
CodeHeap 'profiled nmethods': size=120000Kb used=578Kb max_used=578Kb free=119421Kb
 bounds [0x00000243b30b0000, 0x00000243b3320000, 0x00000243ba5e0000]
CodeHeap 'non-nmethods': size=5760Kb used=1325Kb max_used=1325Kb free=4434Kb
 bounds [0x00000243ba5e0000, 0x00000243ba850000, 0x00000243bab80000]
 total_blobs=879 nmethods=445 adapters=339
 compilation: enabled
              stopped_count=0, restarted_count=0
 full_count=0

Compilation events (20 events):
Event: 0.623 Thread 0x00000243c72a4540  377       3       jdk.internal.util.ReferencedKeyMap::entryKey (33 bytes)
Event: 0.624 Thread 0x00000243c72a4540 nmethod 377 0x00000243b3126790 code [0x00000243b31269a0, 0x00000243b3127000]
Event: 0.624 Thread 0x00000243c72a4540  380       3       jdk.internal.org.objectweb.asm.Frame::getAbstractTypeFromDescriptor (415 bytes)
Event: 0.626 Thread 0x00000243c72a4540 nmethod 380 0x00000243b3127210 code [0x00000243b31275c0, 0x00000243b3129040]
Event: 0.626 Thread 0x00000243c72a4540  379       3       jdk.internal.org.objectweb.asm.Frame::getLocal (46 bytes)
Event: 0.626 Thread 0x00000243c72a4540 nmethod 379 0x00000243b3129910 code [0x00000243b3129ac0, 0x00000243b3129cc8]
Event: 0.626 Thread 0x00000243c72a4540  381       3       jdk.internal.util.StrongReferenceKey::equals (28 bytes)
Event: 0.627 Thread 0x00000243c72a4540 nmethod 381 0x00000243b3129d90 code [0x00000243b3129f60, 0x00000243b312a540]
Event: 0.630 Thread 0x00000243c72a4540  383   !   3       java.lang.invoke.MemberName::clone (14 bytes)
Event: 0.631 Thread 0x00000243c72a4540 nmethod 383 0x00000243b312a690 code [0x00000243b312a860, 0x00000243b312aba8]
Event: 0.637 Thread 0x00000243c72a4540  385       3       jdk.internal.org.objectweb.asm.Frame::pop (42 bytes)
Event: 0.637 Thread 0x00000243c72a4540 nmethod 385 0x00000243b312ad10 code [0x00000243b312aec0, 0x00000243b312b070]
Event: 0.637 Thread 0x00000243c72a4540  388       1       jdk.internal.util.ClassFileDumper::isEnabled (5 bytes)
Event: 0.637 Thread 0x00000243c72a4540 nmethod 388 0x00000243bab9c710 code [0x00000243bab9c8a0, 0x00000243bab9c970]
Event: 0.637 Thread 0x00000243c72a4540  389       3       java.lang.Class::getName (18 bytes)
Event: 0.638 Thread 0x00000243c72a4540 nmethod 389 0x00000243b312b190 code [0x00000243b312b340, 0x00000243b312b4c8]
Event: 0.638 Thread 0x00000243c72a4540  390       3       sun.invoke.util.BytecodeDescriptor::unparseSig (49 bytes)
Event: 0.638 Thread 0x00000243c72a4540 nmethod 390 0x00000243b312b590 code [0x00000243b312b7c0, 0x00000243b312bc28]
Event: 0.638 Thread 0x00000243c72a4540  392       3       jdk.internal.org.objectweb.asm.SymbolTable::addConstantUtf8Reference (101 bytes)
Event: 2.658 Thread 0x00000243c72a4540 nmethod 392 0x00000243b312be90 code [0x00000243b312c0c0, 0x00000243b312c6a0]

GC Heap History (0 events):
No events

Dll operation events (8 events):
Event: 0.014 Loaded shared library C:\Program Files\Java\jdk-22\bin\java.dll
Event: 0.062 Loaded shared library C:\Program Files\Java\jdk-22\bin\jsvml.dll
Event: 0.099 Loaded shared library C:\Program Files\Java\jdk-22\bin\net.dll
Event: 0.104 Loaded shared library C:\Program Files\Java\jdk-22\bin\nio.dll
Event: 0.123 Loaded shared library C:\Program Files\Java\jdk-22\bin\zip.dll
Event: 0.131 Loaded shared library C:\Program Files\Java\jdk-22\bin\verify.dll
Event: 0.138 Loaded shared library C:\Program Files\Java\jdk-22\bin\jimage.dll
Event: 0.186 Loaded shared library C:\Program Files\Java\jdk-22\bin\attach.dll

Deoptimization events (10 events):
Event: 0.117 Thread 0x00000243aad59230 DEOPT PACKING pc=0x00000243b30c9c49 sp=0x0000007b873fdc40
Event: 0.117 Thread 0x00000243aad59230 DEOPT UNPACKING pc=0x00000243ba634e42 sp=0x0000007b873fd0c8 mode 0
Event: 0.117 Thread 0x00000243aad59230 DEOPT PACKING pc=0x00000243b30c9c49 sp=0x0000007b873fdc40
Event: 0.117 Thread 0x00000243aad59230 DEOPT UNPACKING pc=0x00000243ba634e42 sp=0x0000007b873fd0c8 mode 0
Event: 0.118 Thread 0x00000243aad59230 DEOPT PACKING pc=0x00000243b30c9c49 sp=0x0000007b873fdc40
Event: 0.118 Thread 0x00000243aad59230 DEOPT UNPACKING pc=0x00000243ba634e42 sp=0x0000007b873fd0c8 mode 0
Event: 0.118 Thread 0x00000243aad59230 DEOPT PACKING pc=0x00000243b30c9c49 sp=0x0000007b873fdc40
Event: 0.118 Thread 0x00000243aad59230 DEOPT UNPACKING pc=0x00000243ba634e42 sp=0x0000007b873fd0c8 mode 0
Event: 0.118 Thread 0x00000243aad59230 DEOPT PACKING pc=0x00000243b30c9c49 sp=0x0000007b873fdc70
Event: 0.118 Thread 0x00000243aad59230 DEOPT UNPACKING pc=0x00000243ba634e42 sp=0x0000007b873fd0e0 mode 0

Classes loaded (20 events):
Event: 0.628 Loading class java/util/concurrent/RejectedExecutionHandler done
Event: 0.628 Loading class java/util/concurrent/ThreadPoolExecutor$AbortPolicy done
Event: 0.628 Loading class java/util/concurrent/SynchronousQueue
Event: 0.628 Loading class java/util/concurrent/BlockingQueue
Event: 0.628 Loading class java/util/concurrent/BlockingQueue done
Event: 0.628 Loading class java/util/AbstractQueue
Event: 0.628 Loading class java/util/AbstractQueue done
Event: 0.628 Loading class java/util/concurrent/SynchronousQueue done
Event: 0.629 Loading class java/util/concurrent/SynchronousQueue$Transferer
Event: 0.629 Loading class java/util/concurrent/LinkedTransferQueue
Event: 0.629 Loading class java/util/concurrent/TransferQueue
Event: 0.629 Loading class java/util/concurrent/TransferQueue done
Event: 0.629 Loading class java/util/concurrent/LinkedTransferQueue done
Event: 0.629 Loading class java/util/concurrent/SynchronousQueue$Transferer done
Event: 0.629 Loading class java/util/concurrent/LinkedTransferQueue$DualNode
Event: 0.629 Loading class java/util/concurrent/LinkedTransferQueue$DualNode done
Event: 0.630 Loading class java/lang/invoke/VarHandleInts$FieldInstanceReadWrite
Event: 0.631 Loading class java/lang/invoke/VarHandleInts$FieldInstanceReadOnly
Event: 0.631 Loading class java/lang/invoke/VarHandleInts$FieldInstanceReadOnly done
Event: 0.631 Loading class java/lang/invoke/VarHandleInts$FieldInstanceReadWrite done

Classes unloaded (0 events):
No events

Classes redefined (0 events):
No events

Internal exceptions (9 events):
Event: 0.584 Thread 0x00000243aad59230 Exception <a 'java/lang/NoSuchMethodError'{0x0000000092bb1bd0}: 'java.lang.Object java.lang.invoke.DirectMethodHandle$Holder.newInvokeSpecial(java.lang.Object, java.lang.Object, int)'> (0x0000000092bb1bd0) 
thrown [s\open\src\hotspot\share\interpreter\linkResolver.cpp, line 774]
Event: 0.585 Thread 0x00000243aad59230 Exception <a 'java/lang/NoSuchMethodError'{0x0000000092bb6658}: 'int java.lang.invoke.DirectMethodHandle$Holder.invokeSpecial(java.lang.Object, java.lang.Object, java.lang.Object, int)'> (0x0000000092bb6658) 
thrown [s\open\src\hotspot\share\interpreter\linkResolver.cpp, line 774]
Event: 0.588 Thread 0x00000243aad59230 Exception <a 'java/lang/NoSuchMethodError'{0x0000000092bc9070}: 'java.lang.Object java.lang.invoke.DirectMethodHandle$Holder.invokeStatic(java.lang.Object, java.lang.Object, java.lang.Object, java.lang.Object, int)'> (0x0000000092bc9070) 
thrown [s\open\src\hotspot\share\interpreter\linkResolver.cpp, line 774]
Event: 0.590 Thread 0x00000243aad59230 Exception <a 'java/lang/NoSuchMethodError'{0x0000000092bd50f0}: 'int java.lang.invoke.DirectMethodHandle$Holder.invokeSpecial(java.lang.Object, java.lang.Object, java.lang.Object)'> (0x0000000092bd50f0) 
thrown [s\open\src\hotspot\share\interpreter\linkResolver.cpp, line 774]
Event: 0.622 Thread 0x00000243aad59230 Exception <a 'java/lang/NoSuchMethodError'{0x0000000092a26808}: 'java.lang.Object java.lang.invoke.DirectMethodHandle$Holder.invokeStatic(java.lang.Object, long, java.lang.Object)'> (0x0000000092a26808) 
thrown [s\open\src\hotspot\share\interpreter\linkResolver.cpp, line 774]
Event: 0.623 Thread 0x00000243aad59230 Exception <a 'java/lang/NoSuchMethodError'{0x0000000092a29d10}: 'java.lang.Object java.lang.invoke.DirectMethodHandle$Holder.invokeStaticInit(java.lang.Object, long, java.lang.Object)'> (0x0000000092a29d10) 
thrown [s\open\src\hotspot\share\interpreter\linkResolver.cpp, line 774]
Event: 0.625 Thread 0x00000243aad59230 Exception <a 'java/lang/NoSuchMethodError'{0x0000000092a2f410}: 'java.lang.Object java.lang.invoke.DirectMethodHandle$Holder.newInvokeSpecial(java.lang.Object, long)'> (0x0000000092a2f410) 
thrown [s\open\src\hotspot\share\interpreter\linkResolver.cpp, line 774]
Event: 0.636 Thread 0x00000243aad59230 Exception <a 'java/lang/NoSuchMethodError'{0x0000000092a37130}: 'void java.lang.invoke.DirectMethodHandle$Holder.invokeVirtual(java.lang.Object, java.lang.Object, java.lang.Object, java.lang.Object)'> (0x0000000092a37130) 
thrown [s\open\src\hotspot\share\interpreter\linkResolver.cpp, line 774]
Event: 0.637 Thread 0x00000243aad59230 Exception <a 'java/lang/NoSuchMethodError'{0x0000000092a3afb0}: 'void java.lang.invoke.DirectMethodHandle$Holder.invokeSpecial(java.lang.Object, java.lang.Object, java.lang.Object, java.lang.Object, java.lang.Object)'> (0x0000000092a3afb0) 
thrown [s\open\src\hotspot\share\interpreter\linkResolver.cpp, line 774]

ZGC Phase Switch (0 events):
No events

VM Operations (3 events):
Event: 0.125 Executing VM operation: HandshakeAllThreads (Deoptimize)
Event: 0.125 Executing VM operation: HandshakeAllThreads (Deoptimize) done
Event: 1.135 Executing VM operation: Cleanup

Memory protections (0 events):
No events

Nmethod flushes (0 events):
No events

Events (11 events):
Event: 0.041 Thread 0x00000243aad59230 Thread added: 0x00000243aad59230
Event: 0.058 Thread 0x00000243aad59230 Thread added: 0x00000243c72839b0
Event: 0.058 Thread 0x00000243aad59230 Thread added: 0x00000243c7284b90
Event: 0.059 Thread 0x00000243aad59230 Thread added: 0x00000243c7289640
Event: 0.059 Thread 0x00000243aad59230 Thread added: 0x00000243c728a820
Event: 0.059 Thread 0x00000243aad59230 Thread added: 0x00000243c7299f60
Event: 0.060 Thread 0x00000243aad59230 Thread added: 0x00000243c72a1790
Event: 0.060 Thread 0x00000243aad59230 Thread added: 0x00000243c72a31e0
Event: 0.060 Thread 0x00000243aad59230 Thread added: 0x00000243c72a4540
Event: 0.088 Thread 0x00000243aad59230 Thread added: 0x00000243c7512050
Event: 0.093 Thread 0x00000243aad59230 Thread added: 0x00000243c7524740


Dynamic libraries:
0x00007ff756970000 - 0x00007ff756980000 	C:\Program Files\Java\jdk-22\bin\java.exe
0x00007ffbc4260000 - 0x00007ffbc44c7000 	C:\WINDOWS\SYSTEM32\ntdll.dll
0x00007ffbc3530000 - 0x00007ffbc35f9000 	C:\WINDOWS\System32\KERNEL32.DLL
0x00007ffbc15b0000 - 0x00007ffbc19a0000 	C:\WINDOWS\System32\KERNELBASE.dll
0x00007ffbc19b0000 - 0x00007ffbc1afb000 	C:\WINDOWS\System32\ucrtbase.dll
0x00007ffbb19a0000 - 0x00007ffbb19bb000 	C:\Program Files\Java\jdk-22\bin\VCRUNTIME140.dll
0x00007ffbb0e30000 - 0x00007ffbb0e47000 	C:\Program Files\Java\jdk-22\bin\jli.dll
0x00007ffbc4000000 - 0x00007ffbc41c5000 	C:\WINDOWS\System32\USER32.dll
0x00007ffba9b70000 - 0x00007ffba9e0a000 	C:\WINDOWS\WinSxS\amd64_microsoft.windows.common-controls_6595b64144ccf1df_6.0.26100.4768_none_3e0c112ce331287c\COMCTL32.dll
0x00007ffbc1390000 - 0x00007ffbc13b7000 	C:\WINDOWS\System32\win32u.dll
0x00007ffbc2ae0000 - 0x00007ffbc2b89000 	C:\WINDOWS\System32\msvcrt.dll
0x00007ffbc3360000 - 0x00007ffbc338b000 	C:\WINDOWS\System32\GDI32.dll
0x00007ffbc1470000 - 0x00007ffbc15a8000 	C:\WINDOWS\System32\gdi32full.dll
0x00007ffbc13c0000 - 0x00007ffbc1463000 	C:\WINDOWS\System32\msvcp_win.dll
0x00007ffbc41e0000 - 0x00007ffbc420f000 	C:\WINDOWS\System32\IMM32.DLL
0x00007ffbb60e0000 - 0x00007ffbb60ec000 	C:\Program Files\Java\jdk-22\bin\vcruntime140_1.dll
0x00007ffb97c10000 - 0x00007ffb97c9e000 	C:\Program Files\Java\jdk-22\bin\msvcp140.dll
0x00007ffb49a90000 - 0x00007ffb4a7d9000 	C:\Program Files\Java\jdk-22\bin\server\jvm.dll
0x00007ffbc2a20000 - 0x00007ffbc2ad4000 	C:\WINDOWS\System32\ADVAPI32.dll
0x00007ffbc3ca0000 - 0x00007ffbc3d46000 	C:\WINDOWS\System32\sechost.dll
0x00007ffbc3970000 - 0x00007ffbc3a88000 	C:\WINDOWS\System32\RPCRT4.dll
0x00007ffbc32e0000 - 0x00007ffbc3354000 	C:\WINDOWS\System32\WS2_32.dll
0x00007ffbb6140000 - 0x00007ffbb6175000 	C:\WINDOWS\SYSTEM32\WINMM.dll
0x00007ffbb14a0000 - 0x00007ffbb14ab000 	C:\WINDOWS\SYSTEM32\VERSION.dll
0x00007ffbc11f0000 - 0x00007ffbc124e000 	C:\WINDOWS\SYSTEM32\POWRPROF.dll
0x00007ffbc11d0000 - 0x00007ffbc11e4000 	C:\WINDOWS\SYSTEM32\UMPDC.dll
0x00007ffbc0110000 - 0x00007ffbc012b000 	C:\WINDOWS\SYSTEM32\kernel.appcore.dll
0x00007ffbb5270000 - 0x00007ffbb527a000 	C:\Program Files\Java\jdk-22\bin\jimage.dll
0x00007ffbbb680000 - 0x00007ffbbb8c1000 	C:\WINDOWS\SYSTEM32\DBGHELP.DLL
0x00007ffbc2690000 - 0x00007ffbc2a15000 	C:\WINDOWS\System32\combase.dll
0x00007ffbc33c0000 - 0x00007ffbc34a0000 	C:\WINDOWS\System32\OLEAUT32.dll
0x00007ffb9c900000 - 0x00007ffb9c943000 	C:\WINDOWS\SYSTEM32\dbgcore.DLL
0x00007ffbc1b90000 - 0x00007ffbc1c29000 	C:\WINDOWS\System32\bcryptPrimitives.dll
0x00007ffbad170000 - 0x00007ffbad18e000 	C:\Program Files\Java\jdk-22\bin\java.dll
0x00007ffbc2b90000 - 0x00007ffbc32dd000 	C:\WINDOWS\System32\SHELL32.dll
0x00007ffbc1db0000 - 0x00007ffbc1f23000 	C:\WINDOWS\System32\wintypes.dll
0x00007ffbc3600000 - 0x00007ffbc37a0000 	C:\WINDOWS\System32\ole32.dll
0x00007ffbbef70000 - 0x00007ffbbf7d0000 	C:\WINDOWS\SYSTEM32\windows.storage.dll
0x00007ffbc2590000 - 0x00007ffbc2685000 	C:\WINDOWS\System32\SHCORE.dll
0x00007ffbc37b0000 - 0x00007ffbc381a000 	C:\WINDOWS\System32\shlwapi.dll
0x00007ffbc12b0000 - 0x00007ffbc12d9000 	C:\WINDOWS\SYSTEM32\profapi.dll
0x00007ffb80290000 - 0x00007ffb80367000 	C:\Program Files\Java\jdk-22\bin\jsvml.dll
0x00007ffbb3660000 - 0x00007ffbb3670000 	C:\Program Files\Java\jdk-22\bin\net.dll
0x00007ffbc06a0000 - 0x00007ffbc070b000 	C:\WINDOWS\system32\mswsock.dll
0x00007ffba4470000 - 0x00007ffba4486000 	C:\Program Files\Java\jdk-22\bin\nio.dll
0x00007ffba46a0000 - 0x00007ffba46b7000 	C:\Program Files\Java\jdk-22\bin\zip.dll
0x00007ffbb0fe0000 - 0x00007ffbb0ff0000 	C:\Program Files\Java\jdk-22\bin\verify.dll
0x00007ffbad130000 - 0x00007ffbad139000 	C:\Program Files\Java\jdk-22\bin\attach.dll
0x00007ffbc41d0000 - 0x00007ffbc41d8000 	C:\WINDOWS\System32\PSAPI.DLL

dbghelp: loaded successfully - version: 4.0.5 - missing functions: none
symbol engine: initialized successfully - sym options: 0x614 - pdb path: .;C:\Program Files\Java\jdk-22\bin;C:\WINDOWS\SYSTEM32;C:\WINDOWS\WinSxS\amd64_microsoft.windows.common-controls_6595b64144ccf1df_6.0.26100.4768_none_3e0c112ce331287c;C:\Program Files\Java\jdk-22\bin\server

VM Arguments:
jvm_args: -Dnet.bytebuddy.agent.attacher.dump= 
java_command: reactor.blockhound.shaded.net.bytebuddy.agent.Attacher com.sun.tools.attach.VirtualMachine 5500 C:\Users\maria\.gradle\caches\modules-2\files-2.1\net.bytebuddy\byte-buddy-agent\1.14.19\154da3a65b4f4a909d3e5bdec55d1b2b4cbb6ce1\byte-buddy-agent-1.14.19.jar false 
java_class_path (initial): C:\Users\maria\.gradle\caches\modules-2\files-2.1\io.projectreactor.tools\blockhound\1.0.13.RELEASE\32f5c8d0819d28186f63236c83a8757c03de9cdf\blockhound-1.0.13.RELEASE.jar
Launcher Type: SUN_STANDARD

[Global flags]
     intx CICompilerCount                          = 4                                         {product} {ergonomic}
     uint ConcGCThreads                            = 2                                         {product} {ergonomic}
     uint G1ConcRefinementThreads                  = 8                                         {product} {ergonomic}
   size_t G1HeapRegionSize                         = 1048576                                   {product} {ergonomic}
   size_t InitialHeapSize                          = 123731968                                 {product} {ergonomic}
   size_t MarkStackSize                            = 4194304                                   {product} {ergonomic}
   size_t MaxHeapSize                              = 1954545664                                {product} {ergonomic}
   size_t MaxNewSize                               = 1172307968                                {product} {ergonomic}
   size_t MinHeapDeltaBytes                        = 1048576                                   {product} {ergonomic}
   size_t MinHeapSize                              = 8388608                                   {product} {ergonomic}
    uintx NonNMethodCodeHeapSize                   = 5839372                                {pd product} {ergonomic}
    uintx NonProfiledCodeHeapSize                  = 122909434                              {pd product} {ergonomic}
    uintx ProfiledCodeHeapSize                     = 122909434                              {pd product} {ergonomic}
    uintx ReservedCodeCacheSize                    = 251658240                              {pd product} {ergonomic}
     bool SegmentedCodeCache                       = true                                      {product} {ergonomic}
   size_t SoftMaxHeapSize                          = 1954545664                             {manageable} {ergonomic}
     bool UseCompressedOops                        = true                           {product lp64_product} {ergonomic}
     bool UseG1GC                                  = true                                      {product} {ergonomic}
     bool UseLargePagesIndividualAllocation        = false                                  {pd product} {ergonomic}

Logging:
Log output configuration:
 #0: stdout all=warning uptime,level,tags foldmultilines=false
 #1: stderr all=off uptime,level,tags foldmultilines=false

Environment Variables:
PATH=C:\Program Files\Common Files\Oracle\Java\javapath;C:\WINDOWS\system32;C:\WINDOWS;C:\WINDOWS\System32\Wbem;C:\WINDOWS\System32\WindowsPowerShell\v1.0\;C:\WINDOWS\System32\OpenSSH\;C:\Users\maria\AppData\Roaming\nvm;C:\Program Files\nodejs;C:\Program Files\Docker\Docker\resources\bin;C:\Program Files\Git\cmd;C:\Program Files (x86)\Microsoft SQL Server\160\DTS\Binn\;C:\Program Files\Amazon\AWSCLIV2\;C:\Program Files\dotnet\;C:\Users\maria\AppData\Local\Programs\Python\Python313;C:\Users\maria\AppData\Local\Programs\Python\Python313\Scripts;C:\gradle-8.14.3\bin;C:\Users\maria\AppData\Local\Programs\Python\Launcher\;C:\Users\maria\.console-ninja\.bin;C:\Users\maria\AppData\Local\Microsoft\WindowsApps;C:\Users\maria\AppData\Roaming\nvm;C:\Program Files\nodejs;C:\Users\maria\AppData\Local\Programs\Microsoft VS Code\bin;C:\Program Files\JetBrains\WebStorm 2024.3.1.1\bin;;C:\Users\maria\.bun\bin;C:\Users\maria\AppData\Local\Microsoft\WindowsApps;C:\Users\maria\AppData\Local\Programs\Python\Python313;C:\Users\maria\AppData\Local\Programs\Python\Python313\Scripts;
USERNAME=Irma
OS=Windows_NT
PROCESSOR_IDENTIFIER=AMD64 Family 23 Model 160 Stepping 0, AuthenticAMD
TMP=C:\Users\maria\AppData\Local\Temp
TEMP=C:\Users\maria\AppData\Local\Temp




Periodic native trim disabled

---------------  S Y S T E M  ---------------

OS:
 Windows 11 , 64 bit Build 26100 (10.0.26100.4768)
OS uptime: 5 days 21:04 hours
Hyper-V role detected

CPU: total 8 (initial active 8) (8 cores per cpu, 2 threads per core) family 23 model 160 stepping 0 microcode 0x8a00006, cx8, cmov, fxsr, ht, mmx, 3dnowpref, sse, sse2, sse3, ssse3, sse4a, sse4.1, sse4.2, popcnt, lzcnt, tsc, tscinvbit, avx, avx2, aes, clmul, bmi1, bmi2, adx, sha, fma, vzeroupper, clflush, clflushopt, hv, rdtscp, rdpid, f16c
Processor Information for processor 0
  Max Mhz: 2801, Current Mhz: 2801, Mhz Limit: 2801
Processor Information for processor 1
  Max Mhz: 2801, Current Mhz: 2246, Mhz Limit: 2801
Processor Information for processor 2
  Max Mhz: 2801, Current Mhz: 2801, Mhz Limit: 2801
Processor Information for processor 3
  Max Mhz: 2801, Current Mhz: 2801, Mhz Limit: 2801
Processor Information for processor 4
  Max Mhz: 2801, Current Mhz: 2801, Mhz Limit: 2801
Processor Information for processor 5
  Max Mhz: 2801, Current Mhz: 2246, Mhz Limit: 2801
Processor Information for processor 6
  Max Mhz: 2801, Current Mhz: 2246, Mhz Limit: 2801
Processor Information for processor 7
  Max Mhz: 2801, Current Mhz: 2246, Mhz Limit: 2801

Memory: 4k page, system-wide physical 7455M (332M free)
TotalPageFile size 29983M (AvailPageFile size 6M)
current process WorkingSet (physical memory assigned to process): 45M, peak: 45M
current process commit charge ("private bytes"): 203M, peak: 203M

vm_info: Java HotSpot(TM) 64-Bit Server VM (22.0.2+9-70) for windows-amd64 JRE (22.0.2+9-70), built on 2024-06-04T16:52:23Z by "mach5one" with MS VC++ 17.6 (VS2022)

END.
