2025-09-17T13:52:37.817-05:00  INFO 11542 --- [crediya] [restartedMain] co.com.bancolombia.MainApplication       : Starting MainApplication using Java 22.0.2 with PID 11542 (/home/alex/Documentos/crediya-system/crediya/applications/app-service/build/classes/java/main started by alex in /home/alex/Documentos/crediya-system/crediya)
2025-09-17T13:52:37.857-05:00  INFO 11542 --- [crediya] [restartedMain] co.com.bancolombia.MainApplication       : The following 1 profile is active: "dev"
2025-09-17T13:52:38.010-05:00  INFO 11542 --- [crediya] [restartedMain] .e.DevToolsPropertyDefaultsPostProcessor : For additional web related logging consider setting the 'logging.level.web' property to 'DEBUG'
2025-09-17T13:52:40.484-05:00  INFO 11542 --- [crediya] [restartedMain] .s.d.r.c.RepositoryConfigurationDelegate : Bootstrapping Spring Data R2DBC repositories in DEFAULT mode.
2025-09-17T13:52:40.758-05:00  INFO 11542 --- [crediya] [restartedMain] .s.d.r.c.RepositoryConfigurationDelegate : Finished Spring Data repository scanning in 267 ms. Found 2 R2DBC repository interfaces.
2025-09-17T13:52:41.677-05:00  WARN 11542 --- [crediya] [restartedMain] onfigReactiveWebServerApplicationContext : Exception encountered during context initialization - cancelling refresh attempt: org.springframework.beans.factory.UnsatisfiedDependencyException: Error creating bean with name 'SQSSender' defined in file [/home/alex/Documentos/crediya-system/crediya/infrastructure/driven-adapters/sqs-sender/build/classes/java/main/co/com/bancolombia/sqs/sender/SQSSender.class]: Unsatisfied dependency expressed through constructor parameter 1: Error creating bean with name 'configSqs' defined in class path resource [co/com/bancolombia/sqs/sender/config/SQSSenderConfig.class]: Failed to instantiate [software.amazon.awssdk.services.sqs.SqsAsyncClient]: Factory method 'configSqs' threw exception with message: Illegal character in authority at index 21: http://localhost:4566 # For localstack only
2025-09-17T13:52:41.704-05:00  INFO 11542 --- [crediya] [restartedMain] .s.b.a.l.ConditionEvaluationReportLogger : 

Error starting ApplicationContext. To display the condition evaluation report re-run your application with 'debug' enabled.
2025-09-17T13:52:41.773-05:00 ERROR 11542 --- [crediya] [restartedMain] o.s.boot.SpringApplication               : Application run failed

org.springframework.beans.factory.UnsatisfiedDependencyException: Error creating bean with name 'SQSSender' defined in file [/home/alex/Documentos/crediya-system/crediya/infrastructure/driven-adapters/sqs-sender/build/classes/java/main/co/com/bancolombia/sqs/sender/SQSSender.class]: Unsatisfied dependency expressed through constructor parameter 1: Error creating bean with name 'configSqs' defined in class path resource [co/com/bancolombia/sqs/sender/config/SQSSenderConfig.class]: Failed to instantiate [software.amazon.awssdk.services.sqs.SqsAsyncClient]: Factory method 'configSqs' threw exception with message: Illegal character in authority at index 21: http://localhost:4566 # For localstack only
	at org.springframework.beans.factory.support.ConstructorResolver.createArgumentArray(ConstructorResolver.java:795) ~[spring-beans-6.1.13.jar:6.1.13]
	at org.springframework.beans.factory.support.ConstructorResolver.autowireConstructor(ConstructorResolver.java:237) ~[spring-beans-6.1.13.jar:6.1.13]
	at org.springframework.beans.factory.support.AbstractAutowireCapableBeanFactory.autowireConstructor(AbstractAutowireCapableBeanFactory.java:1375) ~[spring-beans-6.1.13.jar:6.1.13]
	at org.springframework.beans.factory.support.AbstractAutowireCapableBeanFactory.createBeanInstance(AbstractAutowireCapableBeanFactory.java:1212) ~[spring-beans-6.1.13.jar:6.1.13]
	at org.springframework.beans.factory.support.AbstractAutowireCapableBeanFactory.doCreateBean(AbstractAutowireCapableBeanFactory.java:562) ~[spring-beans-6.1.13.jar:6.1.13]
	at org.springframework.beans.factory.support.AbstractAutowireCapableBeanFactory.createBean(AbstractAutowireCapableBeanFactory.java:522) ~[spring-beans-6.1.13.jar:6.1.13]
	at org.springframework.beans.factory.support.AbstractBeanFactory.lambda$doGetBean$0(AbstractBeanFactory.java:337) ~[spring-beans-6.1.13.jar:6.1.13]
	at org.springframework.beans.factory.support.DefaultSingletonBeanRegistry.getSingleton(DefaultSingletonBeanRegistry.java:234) ~[spring-beans-6.1.13.jar:6.1.13]
	at org.springframework.beans.factory.support.AbstractBeanFactory.doGetBean(AbstractBeanFactory.java:335) ~[spring-beans-6.1.13.jar:6.1.13]
	at org.springframework.beans.factory.support.AbstractBeanFactory.getBean(AbstractBeanFactory.java:200) ~[spring-beans-6.1.13.jar:6.1.13]
	at org.springframework.beans.factory.support.DefaultListableBeanFactory.preInstantiateSingletons(DefaultListableBeanFactory.java:975) ~[spring-beans-6.1.13.jar:6.1.13]
	at org.springframework.context.support.AbstractApplicationContext.finishBeanFactoryInitialization(AbstractApplicationContext.java:971) ~[spring-context-6.1.13.jar:6.1.13]
	at org.springframework.context.support.AbstractApplicationContext.refresh(AbstractApplicationContext.java:625) ~[spring-context-6.1.13.jar:6.1.13]
	at org.springframework.boot.web.reactive.context.ReactiveWebServerApplicationContext.refresh(ReactiveWebServerApplicationContext.java:66) ~[spring-boot-3.3.4.jar:3.3.4]
	at org.springframework.boot.SpringApplication.refresh(SpringApplication.java:754) ~[spring-boot-3.3.4.jar:3.3.4]
	at org.springframework.boot.SpringApplication.refreshContext(SpringApplication.java:456) ~[spring-boot-3.3.4.jar:3.3.4]
	at org.springframework.boot.SpringApplication.run(SpringApplication.java:335) ~[spring-boot-3.3.4.jar:3.3.4]
	at org.springframework.boot.SpringApplication.run(SpringApplication.java:1363) ~[spring-boot-3.3.4.jar:3.3.4]
	at org.springframework.boot.SpringApplication.run(SpringApplication.java:1352) ~[spring-boot-3.3.4.jar:3.3.4]
	at co.com.bancolombia.MainApplication.main(MainApplication.java:11) ~[main/:na]
	at java.base/jdk.internal.reflect.DirectMethodHandleAccessor.invoke(DirectMethodHandleAccessor.java:103) ~[na:na]
	at java.base/java.lang.reflect.Method.invoke(Method.java:580) ~[na:na]
	at org.springframework.boot.devtools.restart.RestartLauncher.run(RestartLauncher.java:50) ~[spring-boot-devtools-3.3.4.jar:3.3.4]
Caused by: org.springframework.beans.factory.BeanCreationException: Error creating bean with name 'configSqs' defined in class path resource [co/com/bancolombia/sqs/sender/config/SQSSenderConfig.class]: Failed to instantiate [software.amazon.awssdk.services.sqs.SqsAsyncClient]: Factory method 'configSqs' threw exception with message: Illegal character in authority at index 21: http://localhost:4566 # For localstack only
	at org.springframework.beans.factory.support.ConstructorResolver.instantiate(ConstructorResolver.java:648) ~[spring-beans-6.1.13.jar:6.1.13]
	at org.springframework.beans.factory.support.ConstructorResolver.instantiateUsingFactoryMethod(ConstructorResolver.java:636) ~[spring-beans-6.1.13.jar:6.1.13]
	at org.springframework.beans.factory.support.AbstractAutowireCapableBeanFactory.instantiateUsingFactoryMethod(AbstractAutowireCapableBeanFactory.java:1355) ~[spring-beans-6.1.13.jar:6.1.13]
	at org.springframework.beans.factory.support.AbstractAutowireCapableBeanFactory.createBeanInstance(AbstractAutowireCapableBeanFactory.java:1185) ~[spring-beans-6.1.13.jar:6.1.13]
	at org.springframework.beans.factory.support.AbstractAutowireCapableBeanFactory.doCreateBean(AbstractAutowireCapableBeanFactory.java:562) ~[spring-beans-6.1.13.jar:6.1.13]
	at org.springframework.beans.factory.support.AbstractAutowireCapableBeanFactory.createBean(AbstractAutowireCapableBeanFactory.java:522) ~[spring-beans-6.1.13.jar:6.1.13]
	at org.springframework.beans.factory.support.AbstractBeanFactory.lambda$doGetBean$0(AbstractBeanFactory.java:337) ~[spring-beans-6.1.13.jar:6.1.13]
	at org.springframework.beans.factory.support.DefaultSingletonBeanRegistry.getSingleton(DefaultSingletonBeanRegistry.java:234) ~[spring-beans-6.1.13.jar:6.1.13]
	at org.springframework.beans.factory.support.AbstractBeanFactory.doGetBean(AbstractBeanFactory.java:335) ~[spring-beans-6.1.13.jar:6.1.13]
	at org.springframework.beans.factory.support.AbstractBeanFactory.getBean(AbstractBeanFactory.java:200) ~[spring-beans-6.1.13.jar:6.1.13]
	at org.springframework.beans.factory.config.DependencyDescriptor.resolveCandidate(DependencyDescriptor.java:254) ~[spring-beans-6.1.13.jar:6.1.13]
	at org.springframework.beans.factory.support.DefaultListableBeanFactory.doResolveDependency(DefaultListableBeanFactory.java:1443) ~[spring-beans-6.1.13.jar:6.1.13]
	at org.springframework.beans.factory.support.DefaultListableBeanFactory.resolveDependency(DefaultListableBeanFactory.java:1353) ~[spring-beans-6.1.13.jar:6.1.13]
	at org.springframework.beans.factory.support.ConstructorResolver.resolveAutowiredArgument(ConstructorResolver.java:904) ~[spring-beans-6.1.13.jar:6.1.13]
	at org.springframework.beans.factory.support.ConstructorResolver.createArgumentArray(ConstructorResolver.java:782) ~[spring-beans-6.1.13.jar:6.1.13]
	... 22 common frames omitted
Caused by: org.springframework.beans.BeanInstantiationException: Failed to instantiate [software.amazon.awssdk.services.sqs.SqsAsyncClient]: Factory method 'configSqs' threw exception with message: Illegal character in authority at index 21: http://localhost:4566 # For localstack only
	at org.springframework.beans.factory.support.SimpleInstantiationStrategy.instantiate(SimpleInstantiationStrategy.java:178) ~[spring-beans-6.1.13.jar:6.1.13]
	at org.springframework.beans.factory.support.ConstructorResolver.instantiate(ConstructorResolver.java:644) ~[spring-beans-6.1.13.jar:6.1.13]
	... 36 common frames omitted
Caused by: java.lang.IllegalArgumentException: Illegal character in authority at index 21: http://localhost:4566 # For localstack only
	at java.base/java.net.URI.create(URI.java:932) ~[na:na]
	at co.com.bancolombia.sqs.sender.config.SQSSenderConfig.resolveEndpoint(SQSSenderConfig.java:46) ~[main/:na]
	at co.com.bancolombia.sqs.sender.config.SQSSenderConfig.configSqs(SQSSenderConfig.java:26) ~[main/:na]
	at co.com.bancolombia.sqs.sender.config.SQSSenderConfig$$SpringCGLIB$$0.CGLIB$configSqs$0(<generated>) ~[main/:na]
	at co.com.bancolombia.sqs.sender.config.SQSSenderConfig$$SpringCGLIB$$FastClass$$1.invoke(<generated>) ~[main/:na]
	at org.springframework.cglib.proxy.MethodProxy.invokeSuper(MethodProxy.java:258) ~[spring-core-6.1.13.jar:6.1.13]
	at org.springframework.context.annotation.ConfigurationClassEnhancer$BeanMethodInterceptor.intercept(ConfigurationClassEnhancer.java:348) ~[spring-context-6.1.13.jar:6.1.13]
	at co.com.bancolombia.sqs.sender.config.SQSSenderConfig$$SpringCGLIB$$0.configSqs(<generated>) ~[main/:na]
	at java.base/jdk.internal.reflect.DirectMethodHandleAccessor.invoke(DirectMethodHandleAccessor.java:103) ~[na:na]
	at java.base/java.lang.reflect.Method.invoke(Method.java:580) ~[na:na]
	at org.springframework.beans.factory.support.SimpleInstantiationStrategy.instantiate(SimpleInstantiationStrategy.java:146) ~[spring-beans-6.1.13.jar:6.1.13]
	... 37 common frames omitted
Caused by: java.net.URISyntaxException: Illegal character in authority at index 21: http://localhost:4566 # For localstack only
	at java.base/java.net.URI$Parser.fail(URI.java:2995) ~[na:na]
	at java.base/java.net.URI$Parser.parseAuthority(URI.java:3344) ~[na:na]
	at java.base/java.net.URI$Parser.parseHierarchical(URI.java:3240) ~[na:na]
	at java.base/java.net.URI$Parser.parse(URI.java:3196) ~[na:na]
	at java.base/java.net.URI.<init>(URI.java:645) ~[na:na]
	at java.base/java.net.URI.create(URI.java:930) ~[na:na]
	... 47 common frames omitted

2025-09-17T18:10:37.402-05:00  INFO 9066 --- [crediya] [restartedMain] co.com.bancolombia.MainApplication       : Starting MainApplication using Java 22.0.2 with PID 9066 (/home/alex/Documentos/crediya-system/crediya/applications/app-service/build/classes/java/main started by alex in /home/alex/Documentos/crediya-system/crediya)
2025-09-17T18:10:37.419-05:00  INFO 9066 --- [crediya] [restartedMain] co.com.bancolombia.MainApplication       : The following 1 profile is active: "dev"
2025-09-17T18:10:37.597-05:00  INFO 9066 --- [crediya] [restartedMain] .e.DevToolsPropertyDefaultsPostProcessor : For additional web related logging consider setting the 'logging.level.web' property to 'DEBUG'
2025-09-17T18:10:40.216-05:00  INFO 9066 --- [crediya] [restartedMain] .s.d.r.c.RepositoryConfigurationDelegate : Bootstrapping Spring Data R2DBC repositories in DEFAULT mode.
2025-09-17T18:10:40.398-05:00  INFO 9066 --- [crediya] [restartedMain] .s.d.r.c.RepositoryConfigurationDelegate : Finished Spring Data repository scanning in 174 ms. Found 2 R2DBC repository interfaces.
2025-09-17T18:10:41.510-05:00  WARN 9066 --- [crediya] [restartedMain] onfigReactiveWebServerApplicationContext : Exception encountered during context initialization - cancelling refresh attempt: org.springframework.beans.factory.UnsatisfiedDependencyException: Error creating bean with name 'SQSSender' defined in file [/home/alex/Documentos/crediya-system/crediya/infrastructure/driven-adapters/sqs-sender/build/classes/java/main/co/com/bancolombia/sqs/sender/SQSSender.class]: Unsatisfied dependency expressed through constructor parameter 1: Error creating bean with name 'configSqs' defined in class path resource [co/com/bancolombia/sqs/sender/config/SQSSenderConfig.class]: Failed to instantiate [software.amazon.awssdk.services.sqs.SqsAsyncClient]: Factory method 'configSqs' threw exception with message: Illegal character in authority at index 21: http://localhost:4566 # For localstack only
2025-09-17T18:10:41.529-05:00  INFO 9066 --- [crediya] [restartedMain] .s.b.a.l.ConditionEvaluationReportLogger : 

Error starting ApplicationContext. To display the condition evaluation report re-run your application with 'debug' enabled.
2025-09-17T18:10:41.569-05:00 ERROR 9066 --- [crediya] [restartedMain] o.s.boot.SpringApplication               : Application run failed

org.springframework.beans.factory.UnsatisfiedDependencyException: Error creating bean with name 'SQSSender' defined in file [/home/alex/Documentos/crediya-system/crediya/infrastructure/driven-adapters/sqs-sender/build/classes/java/main/co/com/bancolombia/sqs/sender/SQSSender.class]: Unsatisfied dependency expressed through constructor parameter 1: Error creating bean with name 'configSqs' defined in class path resource [co/com/bancolombia/sqs/sender/config/SQSSenderConfig.class]: Failed to instantiate [software.amazon.awssdk.services.sqs.SqsAsyncClient]: Factory method 'configSqs' threw exception with message: Illegal character in authority at index 21: http://localhost:4566 # For localstack only
	at org.springframework.beans.factory.support.ConstructorResolver.createArgumentArray(ConstructorResolver.java:795) ~[spring-beans-6.1.13.jar:6.1.13]
	at org.springframework.beans.factory.support.ConstructorResolver.autowireConstructor(ConstructorResolver.java:237) ~[spring-beans-6.1.13.jar:6.1.13]
	at org.springframework.beans.factory.support.AbstractAutowireCapableBeanFactory.autowireConstructor(AbstractAutowireCapableBeanFactory.java:1375) ~[spring-beans-6.1.13.jar:6.1.13]
	at org.springframework.beans.factory.support.AbstractAutowireCapableBeanFactory.createBeanInstance(AbstractAutowireCapableBeanFactory.java:1212) ~[spring-beans-6.1.13.jar:6.1.13]
	at org.springframework.beans.factory.support.AbstractAutowireCapableBeanFactory.doCreateBean(AbstractAutowireCapableBeanFactory.java:562) ~[spring-beans-6.1.13.jar:6.1.13]
	at org.springframework.beans.factory.support.AbstractAutowireCapableBeanFactory.createBean(AbstractAutowireCapableBeanFactory.java:522) ~[spring-beans-6.1.13.jar:6.1.13]
	at org.springframework.beans.factory.support.AbstractBeanFactory.lambda$doGetBean$0(AbstractBeanFactory.java:337) ~[spring-beans-6.1.13.jar:6.1.13]
	at org.springframework.beans.factory.support.DefaultSingletonBeanRegistry.getSingleton(DefaultSingletonBeanRegistry.java:234) ~[spring-beans-6.1.13.jar:6.1.13]
	at org.springframework.beans.factory.support.AbstractBeanFactory.doGetBean(AbstractBeanFactory.java:335) ~[spring-beans-6.1.13.jar:6.1.13]
	at org.springframework.beans.factory.support.AbstractBeanFactory.getBean(AbstractBeanFactory.java:200) ~[spring-beans-6.1.13.jar:6.1.13]
	at org.springframework.beans.factory.support.DefaultListableBeanFactory.preInstantiateSingletons(DefaultListableBeanFactory.java:975) ~[spring-beans-6.1.13.jar:6.1.13]
	at org.springframework.context.support.AbstractApplicationContext.finishBeanFactoryInitialization(AbstractApplicationContext.java:971) ~[spring-context-6.1.13.jar:6.1.13]
	at org.springframework.context.support.AbstractApplicationContext.refresh(AbstractApplicationContext.java:625) ~[spring-context-6.1.13.jar:6.1.13]
	at org.springframework.boot.web.reactive.context.ReactiveWebServerApplicationContext.refresh(ReactiveWebServerApplicationContext.java:66) ~[spring-boot-3.3.4.jar:3.3.4]
	at org.springframework.boot.SpringApplication.refresh(SpringApplication.java:754) ~[spring-boot-3.3.4.jar:3.3.4]
	at org.springframework.boot.SpringApplication.refreshContext(SpringApplication.java:456) ~[spring-boot-3.3.4.jar:3.3.4]
	at org.springframework.boot.SpringApplication.run(SpringApplication.java:335) ~[spring-boot-3.3.4.jar:3.3.4]
	at org.springframework.boot.SpringApplication.run(SpringApplication.java:1363) ~[spring-boot-3.3.4.jar:3.3.4]
	at org.springframework.boot.SpringApplication.run(SpringApplication.java:1352) ~[spring-boot-3.3.4.jar:3.3.4]
	at co.com.bancolombia.MainApplication.main(MainApplication.java:11) ~[main/:na]
	at java.base/jdk.internal.reflect.DirectMethodHandleAccessor.invoke(DirectMethodHandleAccessor.java:103) ~[na:na]
	at java.base/java.lang.reflect.Method.invoke(Method.java:580) ~[na:na]
	at org.springframework.boot.devtools.restart.RestartLauncher.run(RestartLauncher.java:50) ~[spring-boot-devtools-3.3.4.jar:3.3.4]
Caused by: org.springframework.beans.factory.BeanCreationException: Error creating bean with name 'configSqs' defined in class path resource [co/com/bancolombia/sqs/sender/config/SQSSenderConfig.class]: Failed to instantiate [software.amazon.awssdk.services.sqs.SqsAsyncClient]: Factory method 'configSqs' threw exception with message: Illegal character in authority at index 21: http://localhost:4566 # For localstack only
	at org.springframework.beans.factory.support.ConstructorResolver.instantiate(ConstructorResolver.java:648) ~[spring-beans-6.1.13.jar:6.1.13]
	at org.springframework.beans.factory.support.ConstructorResolver.instantiateUsingFactoryMethod(ConstructorResolver.java:636) ~[spring-beans-6.1.13.jar:6.1.13]
	at org.springframework.beans.factory.support.AbstractAutowireCapableBeanFactory.instantiateUsingFactoryMethod(AbstractAutowireCapableBeanFactory.java:1355) ~[spring-beans-6.1.13.jar:6.1.13]
	at org.springframework.beans.factory.support.AbstractAutowireCapableBeanFactory.createBeanInstance(AbstractAutowireCapableBeanFactory.java:1185) ~[spring-beans-6.1.13.jar:6.1.13]
	at org.springframework.beans.factory.support.AbstractAutowireCapableBeanFactory.doCreateBean(AbstractAutowireCapableBeanFactory.java:562) ~[spring-beans-6.1.13.jar:6.1.13]
	at org.springframework.beans.factory.support.AbstractAutowireCapableBeanFactory.createBean(AbstractAutowireCapableBeanFactory.java:522) ~[spring-beans-6.1.13.jar:6.1.13]
	at org.springframework.beans.factory.support.AbstractBeanFactory.lambda$doGetBean$0(AbstractBeanFactory.java:337) ~[spring-beans-6.1.13.jar:6.1.13]
	at org.springframework.beans.factory.support.DefaultSingletonBeanRegistry.getSingleton(DefaultSingletonBeanRegistry.java:234) ~[spring-beans-6.1.13.jar:6.1.13]
	at org.springframework.beans.factory.support.AbstractBeanFactory.doGetBean(AbstractBeanFactory.java:335) ~[spring-beans-6.1.13.jar:6.1.13]
	at org.springframework.beans.factory.support.AbstractBeanFactory.getBean(AbstractBeanFactory.java:200) ~[spring-beans-6.1.13.jar:6.1.13]
	at org.springframework.beans.factory.config.DependencyDescriptor.resolveCandidate(DependencyDescriptor.java:254) ~[spring-beans-6.1.13.jar:6.1.13]
	at org.springframework.beans.factory.support.DefaultListableBeanFactory.doResolveDependency(DefaultListableBeanFactory.java:1443) ~[spring-beans-6.1.13.jar:6.1.13]
	at org.springframework.beans.factory.support.DefaultListableBeanFactory.resolveDependency(DefaultListableBeanFactory.java:1353) ~[spring-beans-6.1.13.jar:6.1.13]
	at org.springframework.beans.factory.support.ConstructorResolver.resolveAutowiredArgument(ConstructorResolver.java:904) ~[spring-beans-6.1.13.jar:6.1.13]
	at org.springframework.beans.factory.support.ConstructorResolver.createArgumentArray(ConstructorResolver.java:782) ~[spring-beans-6.1.13.jar:6.1.13]
	... 22 common frames omitted
Caused by: org.springframework.beans.BeanInstantiationException: Failed to instantiate [software.amazon.awssdk.services.sqs.SqsAsyncClient]: Factory method 'configSqs' threw exception with message: Illegal character in authority at index 21: http://localhost:4566 # For localstack only
	at org.springframework.beans.factory.support.SimpleInstantiationStrategy.instantiate(SimpleInstantiationStrategy.java:178) ~[spring-beans-6.1.13.jar:6.1.13]
	at org.springframework.beans.factory.support.ConstructorResolver.instantiate(ConstructorResolver.java:644) ~[spring-beans-6.1.13.jar:6.1.13]
	... 36 common frames omitted
Caused by: java.lang.IllegalArgumentException: Illegal character in authority at index 21: http://localhost:4566 # For localstack only
	at java.base/java.net.URI.create(URI.java:932) ~[na:na]
	at co.com.bancolombia.sqs.sender.config.SQSSenderConfig.resolveEndpoint(SQSSenderConfig.java:46) ~[main/:na]
	at co.com.bancolombia.sqs.sender.config.SQSSenderConfig.configSqs(SQSSenderConfig.java:26) ~[main/:na]
	at co.com.bancolombia.sqs.sender.config.SQSSenderConfig$$SpringCGLIB$$0.CGLIB$configSqs$0(<generated>) ~[main/:na]
	at co.com.bancolombia.sqs.sender.config.SQSSenderConfig$$SpringCGLIB$$FastClass$$1.invoke(<generated>) ~[main/:na]
	at org.springframework.cglib.proxy.MethodProxy.invokeSuper(MethodProxy.java:258) ~[spring-core-6.1.13.jar:6.1.13]
	at org.springframework.context.annotation.ConfigurationClassEnhancer$BeanMethodInterceptor.intercept(ConfigurationClassEnhancer.java:348) ~[spring-context-6.1.13.jar:6.1.13]
	at co.com.bancolombia.sqs.sender.config.SQSSenderConfig$$SpringCGLIB$$0.configSqs(<generated>) ~[main/:na]
	at java.base/jdk.internal.reflect.DirectMethodHandleAccessor.invoke(DirectMethodHandleAccessor.java:103) ~[na:na]
	at java.base/java.lang.reflect.Method.invoke(Method.java:580) ~[na:na]
	at org.springframework.beans.factory.support.SimpleInstantiationStrategy.instantiate(SimpleInstantiationStrategy.java:146) ~[spring-beans-6.1.13.jar:6.1.13]
	... 37 common frames omitted
Caused by: java.net.URISyntaxException: Illegal character in authority at index 21: http://localhost:4566 # For localstack only
	at java.base/java.net.URI$Parser.fail(URI.java:2995) ~[na:na]
	at java.base/java.net.URI$Parser.parseAuthority(URI.java:3344) ~[na:na]
	at java.base/java.net.URI$Parser.parseHierarchical(URI.java:3240) ~[na:na]
	at java.base/java.net.URI$Parser.parse(URI.java:3196) ~[na:na]
	at java.base/java.net.URI.<init>(URI.java:645) ~[na:na]
	at java.base/java.net.URI.create(URI.java:930) ~[na:na]
	... 47 common frames omitted

2025-09-17T18:17:13.247-05:00  INFO 12464 --- [crediya] [restartedMain] co.com.bancolombia.MainApplication       : Starting MainApplication using Java 22.0.2 with PID 12464 (/home/alex/Documentos/crediya-system/crediya/applications/app-service/build/classes/java/main started by alex in /home/alex/Documentos/crediya-system/crediya)
2025-09-17T18:17:13.251-05:00  INFO 12464 --- [crediya] [restartedMain] co.com.bancolombia.MainApplication       : The following 1 profile is active: "dev"
2025-09-17T18:17:13.320-05:00  INFO 12464 --- [crediya] [restartedMain] .e.DevToolsPropertyDefaultsPostProcessor : For additional web related logging consider setting the 'logging.level.web' property to 'DEBUG'
2025-09-17T18:17:14.807-05:00  INFO 12464 --- [crediya] [restartedMain] .s.d.r.c.RepositoryConfigurationDelegate : Bootstrapping Spring Data R2DBC repositories in DEFAULT mode.
2025-09-17T18:17:14.943-05:00  INFO 12464 --- [crediya] [restartedMain] .s.d.r.c.RepositoryConfigurationDelegate : Finished Spring Data repository scanning in 129 ms. Found 2 R2DBC repository interfaces.
2025-09-17T18:17:16.660-05:00  INFO 12464 --- [crediya] [restartedMain] o.s.b.d.a.OptionalLiveReloadServer       : LiveReload server is running on port 35729
2025-09-17T18:17:17.508-05:00  INFO 12464 --- [crediya] [restartedMain] o.s.b.a.e.web.EndpointLinksResolver      : Exposing 2 endpoints beneath base path '/actuator'
2025-09-17T18:17:18.367-05:00  INFO 12464 --- [crediya] [restartedMain] liquibase.database                       : Set default schema name to public
2025-09-17T18:17:18.887-05:00  INFO 12464 --- [crediya] [restartedMain] liquibase.changelog                      : Reading from public.databasechangelog
2025-09-17T18:17:18.953-05:00  INFO 12464 --- [crediya] [restartedMain] liquibase.ui                             : Database is up to date, no changesets to execute
2025-09-17T18:17:18.955-05:00  INFO 12464 --- [crediya] [restartedMain] liquibase.changelog                      : Reading from public.databasechangelog
2025-09-17T18:17:18.967-05:00  INFO 12464 --- [crediya] [restartedMain] liquibase.util                           : UPDATE SUMMARY
2025-09-17T18:17:18.967-05:00  INFO 12464 --- [crediya] [restartedMain] liquibase.util                           : Run:                          0
2025-09-17T18:17:18.967-05:00  INFO 12464 --- [crediya] [restartedMain] liquibase.util                           : Previously run:               3
2025-09-17T18:17:18.967-05:00  INFO 12464 --- [crediya] [restartedMain] liquibase.util                           : Filtered out:                 0
2025-09-17T18:17:18.968-05:00  INFO 12464 --- [crediya] [restartedMain] liquibase.util                           : -------------------------------
2025-09-17T18:17:18.968-05:00  INFO 12464 --- [crediya] [restartedMain] liquibase.util                           : Total change sets:            3
2025-09-17T18:17:18.973-05:00  INFO 12464 --- [crediya] [restartedMain] liquibase.util                           : Update summary generated
2025-09-17T18:17:19.006-05:00  INFO 12464 --- [crediya] [restartedMain] liquibase.lockservice                    : Successfully released change log lock
2025-09-17T18:17:19.008-05:00  INFO 12464 --- [crediya] [restartedMain] liquibase.command                        : Command execution complete
2025-09-17T18:17:19.378-05:00  INFO 12464 --- [crediya] [restartedMain] o.s.b.web.embedded.netty.NettyWebServer  : Netty started on port 8091 (http)
2025-09-17T18:17:19.392-05:00  INFO 12464 --- [crediya] [restartedMain] co.com.bancolombia.MainApplication       : Started MainApplication in 6.883 seconds (process running for 8.821)
2025-09-17T18:18:48.423-05:00  INFO 12464 --- [crediya] [File Watcher] rtingClassPathChangeChangedEventListener : Restarting due to 83 class path changes (0 additions, 0 deletions, 83 modifications)
2025-09-17T18:18:52.614-05:00  INFO 12464 --- [crediya] [restartedMain] co.com.bancolombia.MainApplication       : Starting MainApplication using Java 22.0.2 with PID 12464 (/home/alex/Documentos/crediya-system/crediya/applications/app-service/build/classes/java/main started by alex in /home/alex/Documentos/crediya-system/crediya)
2025-09-17T18:18:52.614-05:00  INFO 12464 --- [crediya] [restartedMain] co.com.bancolombia.MainApplication       : The following 1 profile is active: "dev"
2025-09-17T18:18:53.273-05:00  INFO 12464 --- [crediya] [restartedMain] .s.d.r.c.RepositoryConfigurationDelegate : Bootstrapping Spring Data R2DBC repositories in DEFAULT mode.
2025-09-17T18:18:53.291-05:00  INFO 12464 --- [crediya] [restartedMain] .s.d.r.c.RepositoryConfigurationDelegate : Finished Spring Data repository scanning in 17 ms. Found 2 R2DBC repository interfaces.
2025-09-17T18:18:53.441-05:00  INFO 12464 --- [crediya] [restartedMain] o.s.b.d.a.OptionalLiveReloadServer       : LiveReload server is running on port 35729
2025-09-17T18:18:53.664-05:00  INFO 12464 --- [crediya] [restartedMain] o.s.b.a.e.web.EndpointLinksResolver      : Exposing 2 endpoints beneath base path '/actuator'
2025-09-17T18:18:53.771-05:00  INFO 12464 --- [crediya] [restartedMain] liquibase.database                       : Set default schema name to public
2025-09-17T18:18:53.915-05:00  INFO 12464 --- [crediya] [restartedMain] liquibase.changelog                      : Reading from public.databasechangelog
2025-09-17T18:18:53.943-05:00  INFO 12464 --- [crediya] [restartedMain] liquibase.ui                             : Database is up to date, no changesets to execute
2025-09-17T18:18:53.945-05:00  INFO 12464 --- [crediya] [restartedMain] liquibase.changelog                      : Reading from public.databasechangelog
2025-09-17T18:18:53.948-05:00  INFO 12464 --- [crediya] [restartedMain] liquibase.util                           : UPDATE SUMMARY
2025-09-17T18:18:53.948-05:00  INFO 12464 --- [crediya] [restartedMain] liquibase.util                           : Run:                          0
2025-09-17T18:18:53.948-05:00  INFO 12464 --- [crediya] [restartedMain] liquibase.util                           : Previously run:               3
2025-09-17T18:18:53.949-05:00  INFO 12464 --- [crediya] [restartedMain] liquibase.util                           : Filtered out:                 0
2025-09-17T18:18:53.949-05:00  INFO 12464 --- [crediya] [restartedMain] liquibase.util                           : -------------------------------
2025-09-17T18:18:53.949-05:00  INFO 12464 --- [crediya] [restartedMain] liquibase.util                           : Total change sets:            3
2025-09-17T18:18:53.949-05:00  INFO 12464 --- [crediya] [restartedMain] liquibase.util                           : Update summary generated
2025-09-17T18:18:53.955-05:00  INFO 12464 --- [crediya] [restartedMain] liquibase.lockservice                    : Successfully released change log lock
2025-09-17T18:18:53.957-05:00  INFO 12464 --- [crediya] [restartedMain] liquibase.command                        : Command execution complete
2025-09-17T18:18:53.999-05:00  INFO 12464 --- [crediya] [restartedMain] o.s.b.web.embedded.netty.NettyWebServer  : Netty started on port 8091 (http)
2025-09-17T18:18:54.006-05:00  INFO 12464 --- [crediya] [restartedMain] co.com.bancolombia.MainApplication       : Started MainApplication in 1.44 seconds (process running for 103.435)
2025-09-17T18:18:54.009-05:00  INFO 12464 --- [crediya] [restartedMain] .ConditionEvaluationDeltaLoggingListener : Condition evaluation unchanged
2025-09-17T18:21:43.289-05:00  INFO 17745 --- [crediya] [restartedMain] co.com.bancolombia.MainApplication       : Starting MainApplication using Java 22.0.2 with PID 17745 (/home/alex/Documentos/crediya-system/crediya/applications/app-service/build/classes/java/main started by alex in /home/alex/Documentos/crediya-system/crediya)
2025-09-17T18:21:43.293-05:00  INFO 17745 --- [crediya] [restartedMain] co.com.bancolombia.MainApplication       : The following 1 profile is active: "dev"
2025-09-17T18:21:43.374-05:00  INFO 17745 --- [crediya] [restartedMain] .e.DevToolsPropertyDefaultsPostProcessor : For additional web related logging consider setting the 'logging.level.web' property to 'DEBUG'
2025-09-17T18:21:45.037-05:00  INFO 17745 --- [crediya] [restartedMain] .s.d.r.c.RepositoryConfigurationDelegate : Bootstrapping Spring Data R2DBC repositories in DEFAULT mode.
2025-09-17T18:21:45.178-05:00  INFO 17745 --- [crediya] [restartedMain] .s.d.r.c.RepositoryConfigurationDelegate : Finished Spring Data repository scanning in 135 ms. Found 2 R2DBC repository interfaces.
2025-09-17T18:21:46.789-05:00  INFO 17745 --- [crediya] [restartedMain] o.s.b.d.a.OptionalLiveReloadServer       : LiveReload server is running on port 35729
2025-09-17T18:21:47.758-05:00  INFO 17745 --- [crediya] [restartedMain] o.s.b.a.e.web.EndpointLinksResolver      : Exposing 2 endpoints beneath base path '/actuator'
2025-09-17T18:21:49.038-05:00  INFO 17745 --- [crediya] [restartedMain] liquibase.database                       : Set default schema name to public
2025-09-17T18:21:50.559-05:00  INFO 17745 --- [crediya] [restartedMain] liquibase.changelog                      : Reading from public.databasechangelog
2025-09-17T18:21:50.734-05:00  INFO 17745 --- [crediya] [restartedMain] liquibase.ui                             : Database is up to date, no changesets to execute
2025-09-17T18:21:50.739-05:00  INFO 17745 --- [crediya] [restartedMain] liquibase.changelog                      : Reading from public.databasechangelog
2025-09-17T18:21:50.761-05:00  INFO 17745 --- [crediya] [restartedMain] liquibase.util                           : UPDATE SUMMARY
2025-09-17T18:21:50.762-05:00  INFO 17745 --- [crediya] [restartedMain] liquibase.util                           : Run:                          0
2025-09-17T18:21:50.763-05:00  INFO 17745 --- [crediya] [restartedMain] liquibase.util                           : Previously run:               3
2025-09-17T18:21:50.763-05:00  INFO 17745 --- [crediya] [restartedMain] liquibase.util                           : Filtered out:                 0
2025-09-17T18:21:50.764-05:00  INFO 17745 --- [crediya] [restartedMain] liquibase.util                           : -------------------------------
2025-09-17T18:21:50.766-05:00  INFO 17745 --- [crediya] [restartedMain] liquibase.util                           : Total change sets:            3
2025-09-17T18:21:50.770-05:00  INFO 17745 --- [crediya] [restartedMain] liquibase.util                           : Update summary generated
2025-09-17T18:21:50.868-05:00  INFO 17745 --- [crediya] [restartedMain] liquibase.lockservice                    : Successfully released change log lock
2025-09-17T18:21:50.876-05:00  INFO 17745 --- [crediya] [restartedMain] liquibase.command                        : Command execution complete
2025-09-17T18:21:52.192-05:00  INFO 17745 --- [crediya] [restartedMain] o.s.b.web.embedded.netty.NettyWebServer  : Netty started on port 8091 (http)
2025-09-17T18:21:52.232-05:00  INFO 17745 --- [crediya] [restartedMain] co.com.bancolombia.MainApplication       : Started MainApplication in 9.696 seconds (process running for 11.847)
2025-09-17T18:23:04.119-05:00  INFO 17745 --- [crediya] [reactor-http-epoll-4] c.c.b.api.handler.OrderHandler           : [ORDER-1758151384116-51] Iniciando procesamiento de solicitud de préstamo
2025-09-17T18:23:04.343-05:00 ERROR 17745 --- [crediya] [reactor-http-epoll-1] c.c.b.api.handler.OrderHandler           : [ORDER-1758151384116-51] Error procesando solicitud: Failed to resolve 'pragma' [A(1)]
2025-09-17T18:23:04.350-05:00 ERROR 17745 --- [crediya] [reactor-http-epoll-1] c.c.b.api.config.GlobalExceptionHandler  : 500 at /api/v1/solicitud -> org.springframework.web.reactive.function.client.WebClientRequestException: Failed to resolve 'pragma' [A(1)]

org.springframework.web.reactive.function.client.WebClientRequestException: Failed to resolve 'pragma' [A(1)]
	at org.springframework.web.reactive.function.client.ExchangeFunctions$DefaultExchangeFunction.lambda$wrapException$9(ExchangeFunctions.java:136) ~[spring-webflux-6.1.13.jar:6.1.13]
	Suppressed: reactor.core.publisher.FluxOnAssembly$OnAssemblyException: 
Error has been observed at the following site(s):
	*__checkpoint ⇢ Request to GET http://pragma:8090/api/v1/auth/validate [DefaultWebClient]
	*__checkpoint ⇢ co.com.bancolombia.api.config.SecurityHeadersConfig$$Lambda/0x00007a1f3b75c880 [DefaultWebFilterChain]
	*__checkpoint ⇢ org.springframework.web.cors.reactive.CorsWebFilter [DefaultWebFilterChain]
	*__checkpoint ⇢ HTTP POST "/api/v1/solicitud" [ExceptionHandlingWebHandler]
Original Stack Trace:
		at org.springframework.web.reactive.function.client.ExchangeFunctions$DefaultExchangeFunction.lambda$wrapException$9(ExchangeFunctions.java:136) ~[spring-webflux-6.1.13.jar:6.1.13]
		at reactor.core.publisher.MonoErrorSupplied.subscribe(MonoErrorSupplied.java:55) ~[reactor-core-3.6.10.jar:3.6.10]
		at reactor.core.publisher.Mono.subscribe(Mono.java:4576) ~[reactor-core-3.6.10.jar:3.6.10]
		at reactor.core.publisher.FluxOnErrorResume$ResumeSubscriber.onError(FluxOnErrorResume.java:103) ~[reactor-core-3.6.10.jar:3.6.10]
		at reactor.core.publisher.FluxPeek$PeekSubscriber.onError(FluxPeek.java:222) ~[reactor-core-3.6.10.jar:3.6.10]
		at reactor.core.publisher.FluxPeek$PeekSubscriber.onError(FluxPeek.java:222) ~[reactor-core-3.6.10.jar:3.6.10]
		at reactor.core.publisher.FluxPeek$PeekSubscriber.onError(FluxPeek.java:222) ~[reactor-core-3.6.10.jar:3.6.10]
		at reactor.core.publisher.MonoNext$NextSubscriber.onError(MonoNext.java:93) ~[reactor-core-3.6.10.jar:3.6.10]
		at reactor.core.publisher.MonoFlatMapMany$FlatMapManyMain.onError(MonoFlatMapMany.java:205) ~[reactor-core-3.6.10.jar:3.6.10]
		at reactor.core.publisher.SerializedSubscriber.onError(SerializedSubscriber.java:124) ~[reactor-core-3.6.10.jar:3.6.10]
		at reactor.core.publisher.FluxRetryWhen$RetryWhenMainSubscriber.whenError(FluxRetryWhen.java:229) ~[reactor-core-3.6.10.jar:3.6.10]
		at reactor.core.publisher.FluxRetryWhen$RetryWhenOtherSubscriber.onError(FluxRetryWhen.java:279) ~[reactor-core-3.6.10.jar:3.6.10]
		at reactor.core.publisher.FluxContextWrite$ContextWriteSubscriber.onError(FluxContextWrite.java:121) ~[reactor-core-3.6.10.jar:3.6.10]
		at reactor.core.publisher.FluxConcatMapNoPrefetch$FluxConcatMapNoPrefetchSubscriber.maybeOnError(FluxConcatMapNoPrefetch.java:327) ~[reactor-core-3.6.10.jar:3.6.10]
		at reactor.core.publisher.FluxConcatMapNoPrefetch$FluxConcatMapNoPrefetchSubscriber.onNext(FluxConcatMapNoPrefetch.java:212) ~[reactor-core-3.6.10.jar:3.6.10]
		at reactor.core.publisher.FluxContextWrite$ContextWriteSubscriber.onNext(FluxContextWrite.java:107) ~[reactor-core-3.6.10.jar:3.6.10]
		at reactor.core.publisher.SinkManyEmitterProcessor.drain(SinkManyEmitterProcessor.java:476) ~[reactor-core-3.6.10.jar:3.6.10]
		at reactor.core.publisher.SinkManyEmitterProcessor$EmitterInner.drainParent(SinkManyEmitterProcessor.java:620) ~[reactor-core-3.6.10.jar:3.6.10]
		at reactor.core.publisher.FluxPublish$PubSubInner.request(FluxPublish.java:874) ~[reactor-core-3.6.10.jar:3.6.10]
		at reactor.core.publisher.FluxContextWrite$ContextWriteSubscriber.request(FluxContextWrite.java:136) ~[reactor-core-3.6.10.jar:3.6.10]
		at reactor.core.publisher.FluxConcatMapNoPrefetch$FluxConcatMapNoPrefetchSubscriber.request(FluxConcatMapNoPrefetch.java:337) ~[reactor-core-3.6.10.jar:3.6.10]
		at reactor.core.publisher.FluxContextWrite$ContextWriteSubscriber.request(FluxContextWrite.java:136) ~[reactor-core-3.6.10.jar:3.6.10]
		at reactor.core.publisher.Operators$DeferredSubscription.request(Operators.java:1743) ~[reactor-core-3.6.10.jar:3.6.10]
		at reactor.core.publisher.FluxRetryWhen$RetryWhenMainSubscriber.onError(FluxRetryWhen.java:196) ~[reactor-core-3.6.10.jar:3.6.10]
		at reactor.core.publisher.MonoCreate$DefaultMonoSink.error(MonoCreate.java:205) ~[reactor-core-3.6.10.jar:3.6.10]
		at reactor.netty.http.client.HttpClientConnect$MonoHttpConnect$ClientTransportSubscriber.onError(HttpClientConnect.java:311) ~[reactor-netty-http-1.1.22.jar:1.1.22]
		at reactor.core.publisher.MonoCreate$DefaultMonoSink.error(MonoCreate.java:205) ~[reactor-core-3.6.10.jar:3.6.10]
		at reactor.netty.resources.DefaultPooledConnectionProvider$DisposableAcquire.onError(DefaultPooledConnectionProvider.java:172) ~[reactor-netty-core-1.1.22.jar:1.1.22]
		at reactor.core.publisher.FluxContextWrite$ContextWriteSubscriber.onError(FluxContextWrite.java:121) ~[reactor-core-3.6.10.jar:3.6.10]
		at reactor.netty.internal.shaded.reactor.pool.AbstractPool$Borrower.fail(AbstractPool.java:480) ~[reactor-netty-core-1.1.22.jar:1.1.22]
		at reactor.netty.internal.shaded.reactor.pool.SimpleDequePool.lambda$drainLoop$9(SimpleDequePool.java:436) ~[reactor-netty-core-1.1.22.jar:1.1.22]
		at reactor.core.publisher.FluxDoOnEach$DoOnEachSubscriber.onError(FluxDoOnEach.java:186) ~[reactor-core-3.6.10.jar:3.6.10]
		at reactor.core.publisher.MonoCreate$DefaultMonoSink.error(MonoCreate.java:205) ~[reactor-core-3.6.10.jar:3.6.10]
		at reactor.netty.resources.DefaultPooledConnectionProvider$PooledConnectionAllocator$PooledConnectionInitializer.onError(DefaultPooledConnectionProvider.java:583) ~[reactor-netty-core-1.1.22.jar:1.1.22]
		at reactor.core.publisher.MonoFlatMap$FlatMapMain.secondError(MonoFlatMap.java:241) ~[reactor-core-3.6.10.jar:3.6.10]
		at reactor.core.publisher.MonoFlatMap$FlatMapInner.onError(MonoFlatMap.java:315) ~[reactor-core-3.6.10.jar:3.6.10]
		at reactor.core.publisher.FluxOnErrorResume$ResumeSubscriber.onError(FluxOnErrorResume.java:106) ~[reactor-core-3.6.10.jar:3.6.10]
		at reactor.core.publisher.Operators.error(Operators.java:198) ~[reactor-core-3.6.10.jar:3.6.10]
		at reactor.core.publisher.MonoError.subscribe(MonoError.java:53) ~[reactor-core-3.6.10.jar:3.6.10]
		at reactor.core.publisher.Mono.subscribe(Mono.java:4576) ~[reactor-core-3.6.10.jar:3.6.10]
		at reactor.core.publisher.FluxOnErrorResume$ResumeSubscriber.onError(FluxOnErrorResume.java:103) ~[reactor-core-3.6.10.jar:3.6.10]
		at reactor.netty.transport.TransportConnector$MonoChannelPromise.tryFailure(TransportConnector.java:576) ~[reactor-netty-core-1.1.22.jar:1.1.22]
		at reactor.netty.transport.TransportConnector.lambda$doResolveAndConnect$11(TransportConnector.java:375) ~[reactor-netty-core-1.1.22.jar:1.1.22]
		at io.netty.util.concurrent.DefaultPromise.notifyListener0(DefaultPromise.java:590) ~[netty-common-4.1.113.Final.jar:4.1.113.Final]
		at io.netty.util.concurrent.DefaultPromise.notifyListenersNow(DefaultPromise.java:557) ~[netty-common-4.1.113.Final.jar:4.1.113.Final]
		at io.netty.util.concurrent.DefaultPromise.notifyListeners(DefaultPromise.java:492) ~[netty-common-4.1.113.Final.jar:4.1.113.Final]
		at io.netty.util.concurrent.DefaultPromise.setValue0(DefaultPromise.java:636) ~[netty-common-4.1.113.Final.jar:4.1.113.Final]
		at io.netty.util.concurrent.DefaultPromise.setFailure0(DefaultPromise.java:629) ~[netty-common-4.1.113.Final.jar:4.1.113.Final]
		at io.netty.util.concurrent.DefaultPromise.setFailure(DefaultPromise.java:110) ~[netty-common-4.1.113.Final.jar:4.1.113.Final]
		at io.netty.resolver.InetSocketAddressResolver$2.operationComplete(InetSocketAddressResolver.java:86) ~[netty-resolver-4.1.113.Final.jar:4.1.113.Final]
		at io.netty.util.concurrent.DefaultPromise.notifyListener0(DefaultPromise.java:590) ~[netty-common-4.1.113.Final.jar:4.1.113.Final]
		at io.netty.util.concurrent.DefaultPromise.notifyListeners0(DefaultPromise.java:583) ~[netty-common-4.1.113.Final.jar:4.1.113.Final]
		at io.netty.util.concurrent.DefaultPromise.notifyListenersNow(DefaultPromise.java:559) ~[netty-common-4.1.113.Final.jar:4.1.113.Final]
		at io.netty.util.concurrent.DefaultPromise.notifyListeners(DefaultPromise.java:492) ~[netty-common-4.1.113.Final.jar:4.1.113.Final]
		at io.netty.util.concurrent.DefaultPromise.setValue0(DefaultPromise.java:636) ~[netty-common-4.1.113.Final.jar:4.1.113.Final]
		at io.netty.util.concurrent.DefaultPromise.setFailure0(DefaultPromise.java:629) ~[netty-common-4.1.113.Final.jar:4.1.113.Final]
		at io.netty.util.concurrent.DefaultPromise.tryFailure(DefaultPromise.java:118) ~[netty-common-4.1.113.Final.jar:4.1.113.Final]
		at io.netty.resolver.dns.DnsResolveContext.finishResolve(DnsResolveContext.java:1159) ~[netty-resolver-dns-4.1.113.Final.jar:4.1.113.Final]
		at io.netty.resolver.dns.DnsResolveContext.tryToFinishResolve(DnsResolveContext.java:1098) ~[netty-resolver-dns-4.1.113.Final.jar:4.1.113.Final]
		at io.netty.resolver.dns.DnsResolveContext.query(DnsResolveContext.java:457) ~[netty-resolver-dns-4.1.113.Final.jar:4.1.113.Final]
		at io.netty.resolver.dns.DnsResolveContext.onResponse(DnsResolveContext.java:664) ~[netty-resolver-dns-4.1.113.Final.jar:4.1.113.Final]
		at io.netty.resolver.dns.DnsResolveContext.access$500(DnsResolveContext.java:69) ~[netty-resolver-dns-4.1.113.Final.jar:4.1.113.Final]
		at io.netty.resolver.dns.DnsResolveContext$2.operationComplete(DnsResolveContext.java:515) ~[netty-resolver-dns-4.1.113.Final.jar:4.1.113.Final]
		at io.netty.util.concurrent.DefaultPromise.notifyListener0(DefaultPromise.java:590) ~[netty-common-4.1.113.Final.jar:4.1.113.Final]
		at io.netty.util.concurrent.DefaultPromise.notifyListeners0(DefaultPromise.java:583) ~[netty-common-4.1.113.Final.jar:4.1.113.Final]
		at io.netty.util.concurrent.DefaultPromise.notifyListenersNow(DefaultPromise.java:559) ~[netty-common-4.1.113.Final.jar:4.1.113.Final]
		at io.netty.util.concurrent.DefaultPromise.notifyListeners(DefaultPromise.java:492) ~[netty-common-4.1.113.Final.jar:4.1.113.Final]
		at io.netty.util.concurrent.DefaultPromise.setValue0(DefaultPromise.java:636) ~[netty-common-4.1.113.Final.jar:4.1.113.Final]
		at io.netty.util.concurrent.DefaultPromise.setSuccess0(DefaultPromise.java:625) ~[netty-common-4.1.113.Final.jar:4.1.113.Final]
		at io.netty.util.concurrent.DefaultPromise.trySuccess(DefaultPromise.java:105) ~[netty-common-4.1.113.Final.jar:4.1.113.Final]
		at io.netty.resolver.dns.DnsQueryContext.trySuccess(DnsQueryContext.java:345) ~[netty-resolver-dns-4.1.113.Final.jar:4.1.113.Final]
		at io.netty.resolver.dns.DnsQueryContext.finishSuccess(DnsQueryContext.java:336) ~[netty-resolver-dns-4.1.113.Final.jar:4.1.113.Final]
		at io.netty.resolver.dns.DnsNameResolver$DnsResponseHandler.channelRead(DnsNameResolver.java:1401) ~[netty-resolver-dns-4.1.113.Final.jar:4.1.113.Final]
		at io.netty.channel.AbstractChannelHandlerContext.invokeChannelRead(AbstractChannelHandlerContext.java:444) ~[netty-transport-4.1.113.Final.jar:4.1.113.Final]
		at io.netty.channel.AbstractChannelHandlerContext.invokeChannelRead(AbstractChannelHandlerContext.java:420) ~[netty-transport-4.1.113.Final.jar:4.1.113.Final]
		at io.netty.channel.AbstractChannelHandlerContext.fireChannelRead(AbstractChannelHandlerContext.java:412) ~[netty-transport-4.1.113.Final.jar:4.1.113.Final]
		at io.netty.handler.codec.MessageToMessageDecoder.channelRead(MessageToMessageDecoder.java:103) ~[netty-codec-4.1.113.Final.jar:4.1.113.Final]
		at io.netty.channel.AbstractChannelHandlerContext.invokeChannelRead(AbstractChannelHandlerContext.java:444) ~[netty-transport-4.1.113.Final.jar:4.1.113.Final]
		at io.netty.channel.AbstractChannelHandlerContext.invokeChannelRead(AbstractChannelHandlerContext.java:420) ~[netty-transport-4.1.113.Final.jar:4.1.113.Final]
		at io.netty.channel.AbstractChannelHandlerContext.fireChannelRead(AbstractChannelHandlerContext.java:412) ~[netty-transport-4.1.113.Final.jar:4.1.113.Final]
		at io.netty.channel.DefaultChannelPipeline$HeadContext.channelRead(DefaultChannelPipeline.java:1357) ~[netty-transport-4.1.113.Final.jar:4.1.113.Final]
		at io.netty.channel.AbstractChannelHandlerContext.invokeChannelRead(AbstractChannelHandlerContext.java:440) ~[netty-transport-4.1.113.Final.jar:4.1.113.Final]
		at io.netty.channel.AbstractChannelHandlerContext.invokeChannelRead(AbstractChannelHandlerContext.java:420) ~[netty-transport-4.1.113.Final.jar:4.1.113.Final]
		at io.netty.channel.DefaultChannelPipeline.fireChannelRead(DefaultChannelPipeline.java:868) ~[netty-transport-4.1.113.Final.jar:4.1.113.Final]
		at io.netty.channel.epoll.EpollDatagramChannel.processPacket(EpollDatagramChannel.java:662) ~[netty-transport-classes-epoll-4.1.113.Final.jar:4.1.113.Final]
		at io.netty.channel.epoll.EpollDatagramChannel.recvmsg(EpollDatagramChannel.java:697) ~[netty-transport-classes-epoll-4.1.113.Final.jar:4.1.113.Final]
		at io.netty.channel.epoll.EpollDatagramChannel.access$300(EpollDatagramChannel.java:56) ~[netty-transport-classes-epoll-4.1.113.Final.jar:4.1.113.Final]
		at io.netty.channel.epoll.EpollDatagramChannel$EpollDatagramChannelUnsafe.epollInReady(EpollDatagramChannel.java:536) ~[netty-transport-classes-epoll-4.1.113.Final.jar:4.1.113.Final]
		at io.netty.channel.epoll.EpollEventLoop.processReady(EpollEventLoop.java:501) ~[netty-transport-classes-epoll-4.1.113.Final.jar:4.1.113.Final]
		at io.netty.channel.epoll.EpollEventLoop.run(EpollEventLoop.java:399) ~[netty-transport-classes-epoll-4.1.113.Final.jar:4.1.113.Final]
		at io.netty.util.concurrent.SingleThreadEventExecutor$4.run(SingleThreadEventExecutor.java:997) ~[netty-common-4.1.113.Final.jar:4.1.113.Final]
		at io.netty.util.internal.ThreadExecutorMap$2.run(ThreadExecutorMap.java:74) ~[netty-common-4.1.113.Final.jar:4.1.113.Final]
		at io.netty.util.concurrent.FastThreadLocalRunnable.run(FastThreadLocalRunnable.java:30) ~[netty-common-4.1.113.Final.jar:4.1.113.Final]
		at java.base/java.lang.Thread.run(Thread.java:1570) ~[na:na]
Caused by: java.net.UnknownHostException: Failed to resolve 'pragma' [A(1)]
	at io.netty.resolver.dns.DnsResolveContext.finishResolve(DnsResolveContext.java:1151) ~[netty-resolver-dns-4.1.113.Final.jar:4.1.113.Final]
	at io.netty.resolver.dns.DnsResolveContext.tryToFinishResolve(DnsResolveContext.java:1098) ~[netty-resolver-dns-4.1.113.Final.jar:4.1.113.Final]
	at io.netty.resolver.dns.DnsResolveContext.query(DnsResolveContext.java:457) ~[netty-resolver-dns-4.1.113.Final.jar:4.1.113.Final]
	at io.netty.resolver.dns.DnsResolveContext.onResponse(DnsResolveContext.java:664) ~[netty-resolver-dns-4.1.113.Final.jar:4.1.113.Final]
	at io.netty.resolver.dns.DnsResolveContext.access$500(DnsResolveContext.java:69) ~[netty-resolver-dns-4.1.113.Final.jar:4.1.113.Final]
	at io.netty.resolver.dns.DnsResolveContext$2.operationComplete(DnsResolveContext.java:515) ~[netty-resolver-dns-4.1.113.Final.jar:4.1.113.Final]
	at io.netty.util.concurrent.DefaultPromise.notifyListener0(DefaultPromise.java:590) ~[netty-common-4.1.113.Final.jar:4.1.113.Final]
	at io.netty.util.concurrent.DefaultPromise.notifyListeners0(DefaultPromise.java:583) ~[netty-common-4.1.113.Final.jar:4.1.113.Final]
	at io.netty.util.concurrent.DefaultPromise.notifyListenersNow(DefaultPromise.java:559) ~[netty-common-4.1.113.Final.jar:4.1.113.Final]
	at io.netty.util.concurrent.DefaultPromise.notifyListeners(DefaultPromise.java:492) ~[netty-common-4.1.113.Final.jar:4.1.113.Final]
	at io.netty.util.concurrent.DefaultPromise.setValue0(DefaultPromise.java:636) ~[netty-common-4.1.113.Final.jar:4.1.113.Final]
	at io.netty.util.concurrent.DefaultPromise.setSuccess0(DefaultPromise.java:625) ~[netty-common-4.1.113.Final.jar:4.1.113.Final]
	at io.netty.util.concurrent.DefaultPromise.trySuccess(DefaultPromise.java:105) ~[netty-common-4.1.113.Final.jar:4.1.113.Final]
	at io.netty.resolver.dns.DnsQueryContext.trySuccess(DnsQueryContext.java:345) ~[netty-resolver-dns-4.1.113.Final.jar:4.1.113.Final]
	at io.netty.resolver.dns.DnsQueryContext.finishSuccess(DnsQueryContext.java:336) ~[netty-resolver-dns-4.1.113.Final.jar:4.1.113.Final]
	at io.netty.resolver.dns.DnsNameResolver$DnsResponseHandler.channelRead(DnsNameResolver.java:1401) ~[netty-resolver-dns-4.1.113.Final.jar:4.1.113.Final]
	at io.netty.channel.AbstractChannelHandlerContext.invokeChannelRead(AbstractChannelHandlerContext.java:444) ~[netty-transport-4.1.113.Final.jar:4.1.113.Final]
	at io.netty.channel.AbstractChannelHandlerContext.invokeChannelRead(AbstractChannelHandlerContext.java:420) ~[netty-transport-4.1.113.Final.jar:4.1.113.Final]
	at io.netty.channel.AbstractChannelHandlerContext.fireChannelRead(AbstractChannelHandlerContext.java:412) ~[netty-transport-4.1.113.Final.jar:4.1.113.Final]
	at io.netty.handler.codec.MessageToMessageDecoder.channelRead(MessageToMessageDecoder.java:103) ~[netty-codec-4.1.113.Final.jar:4.1.113.Final]
	at io.netty.channel.AbstractChannelHandlerContext.invokeChannelRead(AbstractChannelHandlerContext.java:444) ~[netty-transport-4.1.113.Final.jar:4.1.113.Final]
	at io.netty.channel.AbstractChannelHandlerContext.invokeChannelRead(AbstractChannelHandlerContext.java:420) ~[netty-transport-4.1.113.Final.jar:4.1.113.Final]
	at io.netty.channel.AbstractChannelHandlerContext.fireChannelRead(AbstractChannelHandlerContext.java:412) ~[netty-transport-4.1.113.Final.jar:4.1.113.Final]
	at io.netty.channel.DefaultChannelPipeline$HeadContext.channelRead(DefaultChannelPipeline.java:1357) ~[netty-transport-4.1.113.Final.jar:4.1.113.Final]
	at io.netty.channel.AbstractChannelHandlerContext.invokeChannelRead(AbstractChannelHandlerContext.java:440) ~[netty-transport-4.1.113.Final.jar:4.1.113.Final]
	at io.netty.channel.AbstractChannelHandlerContext.invokeChannelRead(AbstractChannelHandlerContext.java:420) ~[netty-transport-4.1.113.Final.jar:4.1.113.Final]
	at io.netty.channel.DefaultChannelPipeline.fireChannelRead(DefaultChannelPipeline.java:868) ~[netty-transport-4.1.113.Final.jar:4.1.113.Final]
	at io.netty.channel.epoll.EpollDatagramChannel.processPacket(EpollDatagramChannel.java:662) ~[netty-transport-classes-epoll-4.1.113.Final.jar:4.1.113.Final]
	at io.netty.channel.epoll.EpollDatagramChannel.recvmsg(EpollDatagramChannel.java:697) ~[netty-transport-classes-epoll-4.1.113.Final.jar:4.1.113.Final]
	at io.netty.channel.epoll.EpollDatagramChannel.access$300(EpollDatagramChannel.java:56) ~[netty-transport-classes-epoll-4.1.113.Final.jar:4.1.113.Final]
	at io.netty.channel.epoll.EpollDatagramChannel$EpollDatagramChannelUnsafe.epollInReady(EpollDatagramChannel.java:536) ~[netty-transport-classes-epoll-4.1.113.Final.jar:4.1.113.Final]
	at io.netty.channel.epoll.EpollEventLoop.processReady(EpollEventLoop.java:501) ~[netty-transport-classes-epoll-4.1.113.Final.jar:4.1.113.Final]
	at io.netty.channel.epoll.EpollEventLoop.run(EpollEventLoop.java:399) ~[netty-transport-classes-epoll-4.1.113.Final.jar:4.1.113.Final]
	at io.netty.util.concurrent.SingleThreadEventExecutor$4.run(SingleThreadEventExecutor.java:997) ~[netty-common-4.1.113.Final.jar:4.1.113.Final]
	at io.netty.util.internal.ThreadExecutorMap$2.run(ThreadExecutorMap.java:74) ~[netty-common-4.1.113.Final.jar:4.1.113.Final]
	at io.netty.util.concurrent.FastThreadLocalRunnable.run(FastThreadLocalRunnable.java:30) ~[netty-common-4.1.113.Final.jar:4.1.113.Final]
	at java.base/java.lang.Thread.run(Thread.java:1570) ~[na:na]
Caused by: io.netty.resolver.dns.DnsErrorCauseException: Query failed with SERVFAIL
	at io.netty.resolver.dns.DnsResolveContext.onResponse(..)(Unknown Source) ~[netty-resolver-dns-4.1.113.Final.jar:4.1.113.Final]

