#
# There is insufficient memory for the Java Runtime Environment to continue.
# Native memory allocation (malloc) failed to allocate 1469616 bytes. Error detail: Chunk::new
# Possible reasons:
#   The system is out of physical RAM or swap space
#   This process is running with CompressedOops enabled, and the Java Heap may be blocking the growth of the native heap
# Possible solutions:
#   Reduce memory load on the system
#   Increase physical memory or swap space
#   Check if swap backing store is full
#   Decrease Java heap size (-Xmx/-Xms)
#   Decrease number of Java threads
#   Decrease Java thread stack sizes (-Xss)
#   Set larger code cache with -XX:ReservedCodeCacheSize=
#   JVM is running with Unscaled Compressed Oops mode in which the Java heap is
#     placed in the first 4GB address space. The Java Heap base address is the
#     maximum limit for the native heap growth. Please use -XX:HeapBaseMinAddress
#     to set the Java Heap base and to place the Java Heap above 4GB virtual address.
# This output file may be truncated or incomplete.
#
#  Out of Memory Error (arena.cpp:150), pid=9900, tid=4832
#
# JRE version: Java(TM) SE Runtime Environment (22.0.2+9) (build 22.0.2+9-70)
# Java VM: Java HotSpot(TM) 64-Bit Server VM (22.0.2+9-70, mixed mode, sharing, tiered, compressed oops, compressed class ptrs, g1 gc, windows-amd64)
# No core dump will be written. Minidumps are not enabled by default on client versions of Windows
#

---------------  S U M M A R Y ------------

Command Line: --add-opens=java.base/java.lang=ALL-UNNAMED --add-opens=java.base/java.lang.invoke=ALL-UNNAMED --add-opens=java.base/java.util=ALL-UNNAMED --add-opens=java.prefs/java.util.prefs=ALL-UNNAMED --add-exports=jdk.compiler/com.sun.tools.javac.api=ALL-UNNAMED --add-exports=jdk.compiler/com.sun.tools.javac.util=ALL-UNNAMED --add-opens=java.base/java.util=ALL-UNNAMED --add-opens=java.prefs/java.util.prefs=ALL-UNNAMED --add-opens=java.base/java.nio.charset=ALL-UNNAMED --add-opens=java.base/java.net=ALL-UNNAMED --add-opens=java.base/java.util.concurrent.atomic=ALL-UNNAMED --add-opens=java.xml/javax.xml.namespace=ALL-UNNAMED -XX:MaxMetaspaceSize=384m -XX:+HeapDumpOnOutOfMemoryError -Xms256m -Xmx512m -Dfile.encoding=UTF-8 -Duser.country=PE -Duser.language=es -Duser.variant -javaagent:C:\Users\maria\.gradle\wrapper\dists\gradle-8.14.3-bin\cv11ve7ro1n3o1j4so8xd9n66\gradle-8.14.3\lib\agents\gradle-instrumentation-agent-8.14.3.jar org.gradle.launcher.daemon.bootstrap.GradleDaemon 8.14.3

Host: AMD Ryzen 5 7520U with Radeon Graphics         , 8 cores, 7G,  Windows 11 , 64 bit Build 26100 (10.0.26100.4768)
Time: Thu Sep  4 19:53:05 2025 Hora est. Pacífico, Sudamérica elapsed time: 62.901771 seconds (0d 0h 1m 2s)

---------------  T H R E A D  ---------------

Current thread (0x00000235c13b4d40):  JavaThread "C2 CompilerThread0" daemon [_thread_in_native, id=4832, stack(0x000000c258800000,0x000000c258900000) (1024K)]


Current CompileTask:
C2:62901 9880       4       org.gradle.internal.instantiation.generator.AbstractClassGenerator::inspectType (602 bytes)

Stack: [0x000000c258800000,0x000000c258900000]
Native frames: (J=compiled Java code, j=interpreted, Vv=VM code, C=native code)
V  [jvm.dll+0x6e26e9]  (no source info available)
V  [jvm.dll+0x875753]  (no source info available)
V  [jvm.dll+0x877b7e]  (no source info available)
V  [jvm.dll+0x878253]  (no source info available)
V  [jvm.dll+0x27fc86]  (no source info available)
V  [jvm.dll+0xc3d0f]  (no source info available)
V  [jvm.dll+0xc3f6b]  (no source info available)
V  [jvm.dll+0x3bb442]  (no source info available)
V  [jvm.dll+0x1df6ae]  (no source info available)
V  [jvm.dll+0x24793c]  (no source info available)
V  [jvm.dll+0x246e9f]  (no source info available)
V  [jvm.dll+0x1c4e80]  (no source info available)
V  [jvm.dll+0x2568f3]  (no source info available)
V  [jvm.dll+0x254baa]  (no source info available)
V  [jvm.dll+0x3f57a6]  (no source info available)
V  [jvm.dll+0x81dc0b]  (no source info available)
V  [jvm.dll+0x6e0d85]  (no source info available)
C  [ucrtbase.dll+0x37b0]  (no source info available)
C  [KERNEL32.DLL+0x2e8d7]  (no source info available)
C  [ntdll.dll+0x3c34c]  (no source info available)


---------------  P R O C E S S  ---------------

Threads class SMR info:
_java_thread_list=0x00000235dc734ea0, length=65, elements={
0x00000235a47a0430, 0x00000235c1277d80, 0x00000235c1279700, 0x00000235c13b0080,
0x00000235c13b2af0, 0x00000235c13b3550, 0x00000235c13b3fb0, 0x00000235c13b4d40,
0x00000235c13b9990, 0x00000235c1244d60, 0x00000235c16cdd30, 0x00000235db3c48b0,
0x00000235db3c4f40, 0x00000235db3c4220, 0x00000235db3c7010, 0x00000235db3c5c60,
0x00000235db3c76a0, 0x00000235db3c6980, 0x00000235dbe5a3c0, 0x00000235dbe5aa50,
0x00000235dbe57c60, 0x00000235dbe582f0, 0x00000235dbe575d0, 0x00000235dbe596a0,
0x00000235dbe59d30, 0x00000235dbe5c490, 0x00000235dbe5b0e0, 0x00000235dbe5b770,
0x00000235dbe5ebf0, 0x00000235dbe5ded0, 0x00000235dbe5cb20, 0x00000235dbe5e560,
0x00000235dbe5d1b0, 0x00000235dbe5d840, 0x00000235db3c62f0, 0x00000235dd013aa0,
0x00000235dd0154e0, 0x00000235dd015b70, 0x00000235dd0147c0, 0x00000235dd014130,
0x00000235dd0126f0, 0x00000235dd016200, 0x00000235dd012d80, 0x00000235dd018960,
0x00000235dd0175b0, 0x00000235dd016f20, 0x00000235dd017c40, 0x00000235dd019d10,
0x00000235dd018ff0, 0x00000235dd019680, 0x00000235dd016890, 0x00000235de0a2390,
0x00000235de0a30b0, 0x00000235de09fc30, 0x00000235de0a2a20, 0x00000235de0a02c0,
0x00000235de0a0950, 0x00000235de0a1670, 0x00000235de0a1d00, 0x00000235dfe79da0,
0x00000235dfe7d220, 0x00000235dfe7d8b0, 0x00000235dfe7be70, 0x00000235dfe7a430,
0x00000235dfe7df40
}

Java Threads: ( => current thread )
  0x00000235a47a0430 JavaThread "main"                              [_thread_blocked, id=10148, stack(0x000000c257a00000,0x000000c257b00000) (1024K)]
  0x00000235c1277d80 JavaThread "Reference Handler"          daemon [_thread_blocked, id=11360, stack(0x000000c258200000,0x000000c258300000) (1024K)]
  0x00000235c1279700 JavaThread "Finalizer"                  daemon [_thread_blocked, id=25824, stack(0x000000c258300000,0x000000c258400000) (1024K)]
  0x00000235c13b0080 JavaThread "Signal Dispatcher"          daemon [_thread_blocked, id=6576, stack(0x000000c258400000,0x000000c258500000) (1024K)]
  0x00000235c13b2af0 JavaThread "Attach Listener"            daemon [_thread_blocked, id=4324, stack(0x000000c258500000,0x000000c258600000) (1024K)]
  0x00000235c13b3550 JavaThread "Service Thread"             daemon [_thread_blocked, id=14268, stack(0x000000c258600000,0x000000c258700000) (1024K)]
  0x00000235c13b3fb0 JavaThread "Monitor Deflation Thread"   daemon [_thread_blocked, id=6092, stack(0x000000c258700000,0x000000c258800000) (1024K)]
=>0x00000235c13b4d40 JavaThread "C2 CompilerThread0"         daemon [_thread_in_native, id=4832, stack(0x000000c258800000,0x000000c258900000) (1024K)]
  0x00000235c13b9990 JavaThread "C1 CompilerThread0"         daemon [_thread_blocked, id=9896, stack(0x000000c258900000,0x000000c258a00000) (1024K)]
  0x00000235c1244d60 JavaThread "Common-Cleaner"             daemon [_thread_blocked, id=2260, stack(0x000000c258a00000,0x000000c258b00000) (1024K)]
  0x00000235c16cdd30 JavaThread "Notification Thread"        daemon [_thread_blocked, id=17388, stack(0x000000c258b00000,0x000000c258c00000) (1024K)]
  0x00000235db3c48b0 JavaThread "Daemon health stats"               [_thread_blocked, id=17848, stack(0x000000c259400000,0x000000c259500000) (1024K)]
  0x00000235db3c4f40 JavaThread "Incoming local TCP Connector on port 51243"        [_thread_in_native, id=24624, stack(0x000000c259100000,0x000000c259200000) (1024K)]
  0x00000235db3c4220 JavaThread "Daemon periodic checks"            [_thread_blocked, id=14912, stack(0x000000c259500000,0x000000c259600000) (1024K)]
  0x00000235db3c7010 JavaThread "Daemon"                            [_thread_blocked, id=12704, stack(0x000000c259600000,0x000000c259700000) (1024K)]
  0x00000235db3c5c60 JavaThread "Handler for socket connection from /127.0.0.1:51243 to /127.0.0.1:51244"        [_thread_in_native, id=1396, stack(0x000000c259700000,0x000000c259800000) (1024K)]
  0x00000235db3c76a0 JavaThread "Cancel handler"                    [_thread_blocked, id=6504, stack(0x000000c259800000,0x000000c259900000) (1024K)]
  0x00000235db3c6980 JavaThread "Daemon worker"                     [_thread_in_Java, id=9444, stack(0x000000c259900000,0x000000c259a00000) (1024K)]
  0x00000235dbe5a3c0 JavaThread "Asynchronous log dispatcher for DefaultDaemonConnection: socket connection from /127.0.0.1:51243 to /127.0.0.1:51244"        [_thread_blocked, id=10516, stack(0x000000c259a00000,0x000000c259b00000) (1024K)]
  0x00000235dbe5aa50 JavaThread "Stdin handler"                     [_thread_blocked, id=9552, stack(0x000000c259b00000,0x000000c259c00000) (1024K)]
  0x00000235dbe57c60 JavaThread "Daemon client event forwarder"        [_thread_blocked, id=7544, stack(0x000000c259c00000,0x000000c259d00000) (1024K)]
  0x00000235dbe582f0 JavaThread "Cache worker for journal cache (C:\Users\maria\.gradle\caches\journal-1)"        [_thread_blocked, id=20312, stack(0x000000c259d00000,0x000000c259e00000) (1024K)]
  0x00000235dbe575d0 JavaThread "File lock request listener"        [_thread_in_native, id=4200, stack(0x000000c259e00000,0x000000c259f00000) (1024K)]
  0x00000235dbe596a0 JavaThread "Cache worker for file hash cache (C:\Users\maria\.gradle\caches\8.14.3\fileHashes)"        [_thread_blocked, id=2780, stack(0x000000c259f00000,0x000000c25a000000) (1024K)]
  0x00000235dbe59d30 JavaThread "Cache worker for file hash cache (C:\Users\maria\Documents\pragma\.gradle\8.14.3\fileHashes)"        [_thread_blocked, id=2636, stack(0x000000c25a100000,0x000000c25a200000) (1024K)]
  0x00000235dbe5c490 JavaThread "Cache worker for checksums cache (C:\Users\maria\Documents\pragma\.gradle\8.14.3\checksums)"        [_thread_blocked, id=23748, stack(0x000000c25a300000,0x000000c25a400000) (1024K)]
  0x00000235dbe5b0e0 JavaThread "Cache worker for Build Output Cleanup Cache (C:\Users\maria\Documents\pragma\.gradle\buildOutputCleanup)"        [_thread_blocked, id=11312, stack(0x000000c25a400000,0x000000c25a500000) (1024K)]
  0x00000235dbe5b770 JavaThread "File lock release action executor"        [_thread_blocked, id=6408, stack(0x000000c25a500000,0x000000c25a600000) (1024K)]
  0x00000235dbe5ebf0 JavaThread "Cache worker for file content cache (C:\Users\maria\.gradle\caches\8.14.3\fileContent)"        [_thread_blocked, id=3872, stack(0x000000c25a600000,0x000000c25a700000) (1024K)]
  0x00000235dbe5ded0 JavaThread "File watcher server"        daemon [_thread_in_native, id=16268, stack(0x000000c25a200000,0x000000c25a300000) (1024K)]
  0x00000235dbe5cb20 JavaThread "File watcher consumer"      daemon [_thread_blocked, id=10192, stack(0x000000c25a700000,0x000000c25a800000) (1024K)]
  0x00000235dbe5e560 JavaThread "jar transforms"                    [_thread_blocked, id=5596, stack(0x000000c25a800000,0x000000c25a900000) (1024K)]
  0x00000235dbe5d1b0 JavaThread "jar transforms Thread 2"           [_thread_blocked, id=20252, stack(0x000000c25a900000,0x000000c25aa00000) (1024K)]
  0x00000235dbe5d840 JavaThread "jar transforms Thread 3"           [_thread_blocked, id=21516, stack(0x000000c25ab00000,0x000000c25ac00000) (1024K)]
  0x00000235db3c62f0 JavaThread "Cache worker for cache directory md-supplier (C:\Users\maria\.gradle\caches\8.14.3\md-supplier)"        [_thread_blocked, id=3640, stack(0x000000c257800000,0x000000c257900000) (1024K)]
  0x00000235dd013aa0 JavaThread "Cache worker for cache directory md-rule (C:\Users\maria\.gradle\caches\8.14.3\md-rule)"        [_thread_blocked, id=9492, stack(0x000000c25aa00000,0x000000c25ab00000) (1024K)]
  0x00000235dd0154e0 JavaThread "Unconstrained build operations"        [_thread_blocked, id=2924, stack(0x000000c25ac00000,0x000000c25ad00000) (1024K)]
  0x00000235dd015b70 JavaThread "Unconstrained build operations Thread 2"        [_thread_blocked, id=23244, stack(0x000000c25ad00000,0x000000c25ae00000) (1024K)]
  0x00000235dd0147c0 JavaThread "jar transforms Thread 4"           [_thread_blocked, id=17596, stack(0x000000c25ae00000,0x000000c25af00000) (1024K)]
  0x00000235dd014130 JavaThread "jar transforms Thread 5"           [_thread_blocked, id=10912, stack(0x000000c25af00000,0x000000c25b000000) (1024K)]
  0x00000235dd0126f0 JavaThread "jar transforms Thread 6"           [_thread_blocked, id=16120, stack(0x000000c25b000000,0x000000c25b100000) (1024K)]
  0x00000235dd016200 JavaThread "jar transforms Thread 7"           [_thread_blocked, id=9408, stack(0x000000c25b100000,0x000000c25b200000) (1024K)]
  0x00000235dd012d80 JavaThread "jar transforms Thread 8"           [_thread_blocked, id=22564, stack(0x000000c25b200000,0x000000c25b300000) (1024K)]
  0x00000235dd018960 JavaThread "Unconstrained build operations Thread 3"        [_thread_blocked, id=9608, stack(0x000000c25b300000,0x000000c25b400000) (1024K)]
  0x00000235dd0175b0 JavaThread "Unconstrained build operations Thread 4"        [_thread_blocked, id=22252, stack(0x000000c25b400000,0x000000c25b500000) (1024K)]
  0x00000235dd016f20 JavaThread "Unconstrained build operations Thread 5"        [_thread_blocked, id=13756, stack(0x000000c25b500000,0x000000c25b600000) (1024K)]
  0x00000235dd017c40 JavaThread "Unconstrained build operations Thread 6"        [_thread_blocked, id=20984, stack(0x000000c25b600000,0x000000c25b700000) (1024K)]
  0x00000235dd019d10 JavaThread "Unconstrained build operations Thread 7"        [_thread_blocked, id=2320, stack(0x000000c25b700000,0x000000c25b800000) (1024K)]
  0x00000235dd018ff0 JavaThread "Unconstrained build operations Thread 8"        [_thread_blocked, id=19632, stack(0x000000c25b800000,0x000000c25b900000) (1024K)]
  0x00000235dd019680 JavaThread "Unconstrained build operations Thread 9"        [_thread_blocked, id=24904, stack(0x000000c25b900000,0x000000c25ba00000) (1024K)]
  0x00000235dd016890 JavaThread "Unconstrained build operations Thread 10"        [_thread_blocked, id=12824, stack(0x000000c25ba00000,0x000000c25bb00000) (1024K)]
  0x00000235de0a2390 JavaThread "Unconstrained build operations Thread 11"        [_thread_blocked, id=12556, stack(0x000000c25bb00000,0x000000c25bc00000) (1024K)]
  0x00000235de0a30b0 JavaThread "Unconstrained build operations Thread 12"        [_thread_blocked, id=12740, stack(0x000000c25bc00000,0x000000c25bd00000) (1024K)]
  0x00000235de09fc30 JavaThread "Unconstrained build operations Thread 13"        [_thread_blocked, id=14372, stack(0x000000c25bd00000,0x000000c25be00000) (1024K)]
  0x00000235de0a2a20 JavaThread "Unconstrained build operations Thread 14"        [_thread_blocked, id=24560, stack(0x000000c25be00000,0x000000c25bf00000) (1024K)]
  0x00000235de0a02c0 JavaThread "Unconstrained build operations Thread 15"        [_thread_blocked, id=25924, stack(0x000000c25bf00000,0x000000c25c000000) (1024K)]
  0x00000235de0a0950 JavaThread "Unconstrained build operations Thread 16"        [_thread_blocked, id=16876, stack(0x000000c25c000000,0x000000c25c100000) (1024K)]
  0x00000235de0a1670 JavaThread "Unconstrained build operations Thread 17"        [_thread_blocked, id=25112, stack(0x000000c25c200000,0x000000c25c300000) (1024K)]
  0x00000235de0a1d00 JavaThread "Unconstrained build operations Thread 18"        [_thread_blocked, id=20648, stack(0x000000c25c300000,0x000000c25c400000) (1024K)]
  0x00000235dfe79da0 JavaThread "Unconstrained build operations Thread 19"        [_thread_blocked, id=17572, stack(0x000000c25c400000,0x000000c25c500000) (1024K)]
  0x00000235dfe7d220 JavaThread "Unconstrained build operations Thread 20"        [_thread_blocked, id=4604, stack(0x000000c25c500000,0x000000c25c600000) (1024K)]
  0x00000235dfe7d8b0 JavaThread "Unconstrained build operations Thread 21"        [_thread_blocked, id=21644, stack(0x000000c25c600000,0x000000c25c700000) (1024K)]
  0x00000235dfe7be70 JavaThread "Unconstrained build operations Thread 22"        [_thread_blocked, id=11296, stack(0x000000c25c700000,0x000000c25c800000) (1024K)]
  0x00000235dfe7a430 JavaThread "Unconstrained build operations Thread 23"        [_thread_blocked, id=16276, stack(0x000000c25c800000,0x000000c25c900000) (1024K)]
  0x00000235dfe7df40 JavaThread "Memory manager"                    [_thread_blocked, id=7188, stack(0x000000c25c100000,0x000000c25c200000) (1024K)]
Total: 65

Other Threads:
  0x00000235c1258d90 VMThread "VM Thread"                           [id=19988, stack(0x000000c258100000,0x000000c258200000) (1024K)]
  0x00000235c1244400 WatcherThread "VM Periodic Task Thread"        [id=276, stack(0x000000c258000000,0x000000c258100000) (1024K)]
  0x00000235a47c9a10 WorkerThread "GC Thread#0"                     [id=16952, stack(0x000000c257b00000,0x000000c257c00000) (1024K)]
  0x00000235c16d19f0 WorkerThread "GC Thread#1"                     [id=12156, stack(0x000000c258c00000,0x000000c258d00000) (1024K)]
  0x00000235c16d1da0 WorkerThread "GC Thread#2"                     [id=10572, stack(0x000000c258d00000,0x000000c258e00000) (1024K)]
  0x00000235c187a7e0 WorkerThread "GC Thread#3"                     [id=14236, stack(0x000000c258e00000,0x000000c258f00000) (1024K)]
  0x00000235c187ab90 WorkerThread "GC Thread#4"                     [id=1864, stack(0x000000c258f00000,0x000000c259000000) (1024K)]
  0x00000235c187af40 WorkerThread "GC Thread#5"                     [id=21372, stack(0x000000c259000000,0x000000c259100000) (1024K)]
  0x00000235dbbad650 WorkerThread "GC Thread#6"                     [id=23276, stack(0x000000c259200000,0x000000c259300000) (1024K)]
  0x00000235dbbada00 WorkerThread "GC Thread#7"                     [id=21896, stack(0x000000c259300000,0x000000c259400000) (1024K)]
  0x00000235a47ce910 ConcurrentGCThread "G1 Main Marker"            [id=6512, stack(0x000000c257c00000,0x000000c257d00000) (1024K)]
  0x00000235a47d0a60 WorkerThread "G1 Conc#0"                       [id=7116, stack(0x000000c257d00000,0x000000c257e00000) (1024K)]
  0x00000235dc9596d0 WorkerThread "G1 Conc#1"                       [id=11184, stack(0x000000c25a000000,0x000000c25a100000) (1024K)]
  0x00000235c1115d60 ConcurrentGCThread "G1 Refine#0"               [id=25356, stack(0x000000c257e00000,0x000000c257f00000) (1024K)]
  0x00000235c11166f0 ConcurrentGCThread "G1 Service"                [id=9156, stack(0x000000c257f00000,0x000000c258000000) (1024K)]
Total: 15

Threads with active compile tasks:
C2 CompilerThread0  63012 9880       4       org.gradle.internal.instantiation.generator.AbstractClassGenerator::inspectType (602 bytes)
Total: 1

VM state: not at safepoint (normal execution)

VM Mutex/Monitor currently owned by a thread: None

Heap address: 0x00000000e0000000, size: 512 MB, Compressed Oops mode: 32-bit

CDS archive(s) mapped at: [0x00000235c2000000-0x00000235c2c60000-0x00000235c2c60000), size 12976128, SharedBaseAddress: 0x00000235c2000000, ArchiveRelocationMode: 1.
Compressed class space mapped at: 0x00000235c3000000-0x00000235d7000000, reserved size: 335544320
Narrow klass base: 0x00000235c2000000, Narrow klass shift: 0, Narrow klass range: 0x15000000

GC Precious Log:
 CardTable entry size: 512
 Card Set container configuration: InlinePtr #cards 5 size 8 Array Of Cards #cards 12 size 40 Howl #buckets 4 coarsen threshold 1843 Howl Bitmap #cards 512 size 80 coarsen threshold 460 Card regions per heap region 1 cards per card region 2048
 CPUs: 8 total, 8 available
 Memory: 7455M
 Large Page Support: Disabled
 NUMA Support: Disabled
 Compressed Oops: Enabled (32-bit)
 Heap Region Size: 1M
 Heap Min Capacity: 256M
 Heap Initial Capacity: 256M
 Heap Max Capacity: 512M
 Pre-touch: Disabled
 Parallel Workers: 8
 Concurrent Workers: 2
 Concurrent Refinement Workers: 8
 Periodic GC: Disabled

Heap:
 garbage-first heap   total reserved 524288K, committed 262144K, used 94754K [0x00000000e0000000, 0x0000000100000000)
  region size 1024K, 49 young (50176K), 20 survivors (20480K)
 Metaspace       used 68258K, committed 70592K, reserved 393216K
  class space    used 9846K, committed 10944K, reserved 327680K

Heap Regions: E=young(eden), S=young(survivor), O=old, HS=humongous(starts), HC=humongous(continues), CS=collection set, F=free, TAMS=top-at-mark-start, PB=parsable bottom
|   0|0x00000000e0000000, 0x00000000e0100000, 0x00000000e0100000|100%|HS|  |TAMS 0x00000000e0000000| PB 0x00000000e0000000| Complete |  0
|   1|0x00000000e0100000, 0x00000000e0200000, 0x00000000e0200000|100%|HC|  |TAMS 0x00000000e0100000| PB 0x00000000e0100000| Complete |  0
|   2|0x00000000e0200000, 0x00000000e0300000, 0x00000000e0300000|100%|HC|  |TAMS 0x00000000e0200000| PB 0x00000000e0200000| Complete |  0
|   3|0x00000000e0300000, 0x00000000e0400000, 0x00000000e0400000|100%| O|  |TAMS 0x00000000e0300000| PB 0x00000000e0300000| Untracked |  0
|   4|0x00000000e0400000, 0x00000000e0500000, 0x00000000e0500000|100%| O|  |TAMS 0x00000000e0400000| PB 0x00000000e0400000| Untracked |  0
|   5|0x00000000e0500000, 0x00000000e0600000, 0x00000000e0600000|100%| O|  |TAMS 0x00000000e0500000| PB 0x00000000e0500000| Untracked |  0
|   6|0x00000000e0600000, 0x00000000e0700000, 0x00000000e0700000|100%| O|  |TAMS 0x00000000e0600000| PB 0x00000000e0600000| Untracked |  0
|   7|0x00000000e0700000, 0x00000000e0800000, 0x00000000e0800000|100%|HS|  |TAMS 0x00000000e0700000| PB 0x00000000e0700000| Complete |  0
|   8|0x00000000e0800000, 0x00000000e0900000, 0x00000000e0900000|100%| O|  |TAMS 0x00000000e0800000| PB 0x00000000e0800000| Untracked |  0
|   9|0x00000000e0900000, 0x00000000e0a00000, 0x00000000e0a00000|100%| O|  |TAMS 0x00000000e0900000| PB 0x00000000e0900000| Untracked |  0
|  10|0x00000000e0a00000, 0x00000000e0b00000, 0x00000000e0b00000|100%| O|  |TAMS 0x00000000e0a00000| PB 0x00000000e0a00000| Untracked |  0
|  11|0x00000000e0b00000, 0x00000000e0c00000, 0x00000000e0c00000|100%| O|  |TAMS 0x00000000e0b00000| PB 0x00000000e0b00000| Untracked |  0
|  12|0x00000000e0c00000, 0x00000000e0d00000, 0x00000000e0d00000|100%| O|  |TAMS 0x00000000e0c00000| PB 0x00000000e0c00000| Untracked |  0
|  13|0x00000000e0d00000, 0x00000000e0e00000, 0x00000000e0e00000|100%| O|  |TAMS 0x00000000e0d00000| PB 0x00000000e0d00000| Untracked |  0
|  14|0x00000000e0e00000, 0x00000000e0f00000, 0x00000000e0f00000|100%| O|  |TAMS 0x00000000e0e00000| PB 0x00000000e0e00000| Untracked |  0
|  15|0x00000000e0f00000, 0x00000000e1000000, 0x00000000e1000000|100%| O|  |TAMS 0x00000000e0f00000| PB 0x00000000e0f00000| Untracked |  0
|  16|0x00000000e1000000, 0x00000000e1100000, 0x00000000e1100000|100%| O|  |TAMS 0x00000000e1000000| PB 0x00000000e1000000| Untracked |  0
|  17|0x00000000e1100000, 0x00000000e1200000, 0x00000000e1200000|100%| O|  |TAMS 0x00000000e1100000| PB 0x00000000e1100000| Untracked |  0
|  18|0x00000000e1200000, 0x00000000e1300000, 0x00000000e1300000|100%| O|  |TAMS 0x00000000e1200000| PB 0x00000000e1200000| Untracked |  0
|  19|0x00000000e1300000, 0x00000000e1400000, 0x00000000e1400000|100%| O|  |TAMS 0x00000000e1300000| PB 0x00000000e1300000| Untracked |  0
|  20|0x00000000e1400000, 0x00000000e1500000, 0x00000000e1500000|100%| O|  |TAMS 0x00000000e1400000| PB 0x00000000e1400000| Untracked |  0
|  21|0x00000000e1500000, 0x00000000e1600000, 0x00000000e1600000|100%|HS|  |TAMS 0x00000000e1500000| PB 0x00000000e1500000| Complete |  0
|  22|0x00000000e1600000, 0x00000000e1700000, 0x00000000e1700000|100%| O|  |TAMS 0x00000000e1600000| PB 0x00000000e1600000| Untracked |  0
|  23|0x00000000e1700000, 0x00000000e1800000, 0x00000000e1800000|100%| O|  |TAMS 0x00000000e1700000| PB 0x00000000e1700000| Untracked |  0
|  24|0x00000000e1800000, 0x00000000e1900000, 0x00000000e1900000|100%| O|  |TAMS 0x00000000e1800000| PB 0x00000000e1800000| Untracked |  0
|  25|0x00000000e1900000, 0x00000000e1a00000, 0x00000000e1a00000|100%| O|  |TAMS 0x00000000e1900000| PB 0x00000000e1900000| Untracked |  0
|  26|0x00000000e1a00000, 0x00000000e1b00000, 0x00000000e1b00000|100%| O|  |TAMS 0x00000000e1a00000| PB 0x00000000e1a00000| Untracked |  0
|  27|0x00000000e1b00000, 0x00000000e1c00000, 0x00000000e1c00000|100%| O|  |TAMS 0x00000000e1b00000| PB 0x00000000e1b00000| Untracked |  0
|  28|0x00000000e1c00000, 0x00000000e1d00000, 0x00000000e1d00000|100%| O|  |TAMS 0x00000000e1c00000| PB 0x00000000e1c00000| Untracked |  0
|  29|0x00000000e1d00000, 0x00000000e1e00000, 0x00000000e1e00000|100%| O|  |TAMS 0x00000000e1d00000| PB 0x00000000e1d00000| Untracked |  0
|  30|0x00000000e1e00000, 0x00000000e1f00000, 0x00000000e1f00000|100%| O|  |TAMS 0x00000000e1e00000| PB 0x00000000e1e00000| Untracked |  0
|  31|0x00000000e1f00000, 0x00000000e2000000, 0x00000000e2000000|100%| O|  |TAMS 0x00000000e1f00000| PB 0x00000000e1f00000| Untracked |  0
|  32|0x00000000e2000000, 0x00000000e2100000, 0x00000000e2100000|100%| O|  |TAMS 0x00000000e2000000| PB 0x00000000e2000000| Untracked |  0
|  33|0x00000000e2100000, 0x00000000e2200000, 0x00000000e2200000|100%| O|  |TAMS 0x00000000e2100000| PB 0x00000000e2100000| Untracked |  0
|  34|0x00000000e2200000, 0x00000000e2300000, 0x00000000e2300000|100%| O|  |TAMS 0x00000000e2200000| PB 0x00000000e2200000| Untracked |  0
|  35|0x00000000e2300000, 0x00000000e2400000, 0x00000000e2400000|100%| O|  |TAMS 0x00000000e2300000| PB 0x00000000e2300000| Untracked |  0
|  36|0x00000000e2400000, 0x00000000e2500000, 0x00000000e2500000|100%| O|  |TAMS 0x00000000e2400000| PB 0x00000000e2400000| Untracked |  0
|  37|0x00000000e2500000, 0x00000000e2600000, 0x00000000e2600000|100%| O|  |TAMS 0x00000000e2500000| PB 0x00000000e2500000| Untracked |  0
|  38|0x00000000e2600000, 0x00000000e2700000, 0x00000000e2700000|100%| O|  |TAMS 0x00000000e2600000| PB 0x00000000e2600000| Untracked |  0
|  39|0x00000000e2700000, 0x00000000e2800000, 0x00000000e2800000|100%| O|Cm|TAMS 0x00000000e2700000| PB 0x00000000e2700000| Complete |  0
|  40|0x00000000e2800000, 0x00000000e2900000, 0x00000000e2900000|100%| O|  |TAMS 0x00000000e2800000| PB 0x00000000e2800000| Untracked |  0
|  41|0x00000000e2900000, 0x00000000e2900000, 0x00000000e2a00000|  0%| F|  |TAMS 0x00000000e2900000| PB 0x00000000e2900000| Untracked |  0
|  42|0x00000000e2a00000, 0x00000000e2b00000, 0x00000000e2b00000|100%| O|  |TAMS 0x00000000e2a00000| PB 0x00000000e2a00000| Untracked |  0
|  43|0x00000000e2b00000, 0x00000000e2c00000, 0x00000000e2c00000|100%| O|  |TAMS 0x00000000e2b00000| PB 0x00000000e2b00000| Untracked |  0
|  44|0x00000000e2c00000, 0x00000000e2d00000, 0x00000000e2d00000|100%| O|  |TAMS 0x00000000e2c00000| PB 0x00000000e2c00000| Untracked |  0
|  45|0x00000000e2d00000, 0x00000000e2d88918, 0x00000000e2e00000| 53%| O|  |TAMS 0x00000000e2d00000| PB 0x00000000e2d00000| Untracked |  0
|  46|0x00000000e2e00000, 0x00000000e2e00000, 0x00000000e2f00000|  0%| F|  |TAMS 0x00000000e2e00000| PB 0x00000000e2e00000| Untracked |  0
|  47|0x00000000e2f00000, 0x00000000e2f00000, 0x00000000e3000000|  0%| F|  |TAMS 0x00000000e2f00000| PB 0x00000000e2f00000| Untracked |  0
|  48|0x00000000e3000000, 0x00000000e3000000, 0x00000000e3100000|  0%| F|  |TAMS 0x00000000e3000000| PB 0x00000000e3000000| Untracked |  0
|  49|0x00000000e3100000, 0x00000000e3100000, 0x00000000e3200000|  0%| F|  |TAMS 0x00000000e3100000| PB 0x00000000e3100000| Untracked |  0
|  50|0x00000000e3200000, 0x00000000e3200000, 0x00000000e3300000|  0%| F|  |TAMS 0x00000000e3200000| PB 0x00000000e3200000| Untracked |  0
|  51|0x00000000e3300000, 0x00000000e3300000, 0x00000000e3400000|  0%| F|  |TAMS 0x00000000e3300000| PB 0x00000000e3300000| Untracked |  0
|  52|0x00000000e3400000, 0x00000000e3400000, 0x00000000e3500000|  0%| F|  |TAMS 0x00000000e3400000| PB 0x00000000e3400000| Untracked |  0
|  53|0x00000000e3500000, 0x00000000e3500000, 0x00000000e3600000|  0%| F|  |TAMS 0x00000000e3500000| PB 0x00000000e3500000| Untracked |  0
|  54|0x00000000e3600000, 0x00000000e3600000, 0x00000000e3700000|  0%| F|  |TAMS 0x00000000e3600000| PB 0x00000000e3600000| Untracked |  0
|  55|0x00000000e3700000, 0x00000000e3700000, 0x00000000e3800000|  0%| F|  |TAMS 0x00000000e3700000| PB 0x00000000e3700000| Untracked |  0
|  56|0x00000000e3800000, 0x00000000e3800000, 0x00000000e3900000|  0%| F|  |TAMS 0x00000000e3800000| PB 0x00000000e3800000| Untracked |  0
|  57|0x00000000e3900000, 0x00000000e3900000, 0x00000000e3a00000|  0%| F|  |TAMS 0x00000000e3900000| PB 0x00000000e3900000| Untracked |  0
|  58|0x00000000e3a00000, 0x00000000e3a00000, 0x00000000e3b00000|  0%| F|  |TAMS 0x00000000e3a00000| PB 0x00000000e3a00000| Untracked |  0
|  59|0x00000000e3b00000, 0x00000000e3b00000, 0x00000000e3c00000|  0%| F|  |TAMS 0x00000000e3b00000| PB 0x00000000e3b00000| Untracked |  0
|  60|0x00000000e3c00000, 0x00000000e3c00000, 0x00000000e3d00000|  0%| F|  |TAMS 0x00000000e3c00000| PB 0x00000000e3c00000| Untracked |  0
|  61|0x00000000e3d00000, 0x00000000e3d00000, 0x00000000e3e00000|  0%| F|  |TAMS 0x00000000e3d00000| PB 0x00000000e3d00000| Untracked |  0
|  62|0x00000000e3e00000, 0x00000000e3e00000, 0x00000000e3f00000|  0%| F|  |TAMS 0x00000000e3e00000| PB 0x00000000e3e00000| Untracked |  0
|  63|0x00000000e3f00000, 0x00000000e3f00000, 0x00000000e4000000|  0%| F|  |TAMS 0x00000000e3f00000| PB 0x00000000e3f00000| Untracked |  0
|  64|0x00000000e4000000, 0x00000000e4000000, 0x00000000e4100000|  0%| F|  |TAMS 0x00000000e4000000| PB 0x00000000e4000000| Untracked |  0
|  65|0x00000000e4100000, 0x00000000e4100000, 0x00000000e4200000|  0%| F|  |TAMS 0x00000000e4100000| PB 0x00000000e4100000| Untracked |  0
|  66|0x00000000e4200000, 0x00000000e4200000, 0x00000000e4300000|  0%| F|  |TAMS 0x00000000e4200000| PB 0x00000000e4200000| Untracked |  0
|  67|0x00000000e4300000, 0x00000000e4300000, 0x00000000e4400000|  0%| F|  |TAMS 0x00000000e4300000| PB 0x00000000e4300000| Untracked |  0
|  68|0x00000000e4400000, 0x00000000e4400000, 0x00000000e4500000|  0%| F|  |TAMS 0x00000000e4400000| PB 0x00000000e4400000| Untracked |  0
|  69|0x00000000e4500000, 0x00000000e4500000, 0x00000000e4600000|  0%| F|  |TAMS 0x00000000e4500000| PB 0x00000000e4500000| Untracked |  0
|  70|0x00000000e4600000, 0x00000000e4600000, 0x00000000e4700000|  0%| F|  |TAMS 0x00000000e4600000| PB 0x00000000e4600000| Untracked |  0
|  71|0x00000000e4700000, 0x00000000e4700000, 0x00000000e4800000|  0%| F|  |TAMS 0x00000000e4700000| PB 0x00000000e4700000| Untracked |  0
|  72|0x00000000e4800000, 0x00000000e4800000, 0x00000000e4900000|  0%| F|  |TAMS 0x00000000e4800000| PB 0x00000000e4800000| Untracked |  0
|  73|0x00000000e4900000, 0x00000000e4900000, 0x00000000e4a00000|  0%| F|  |TAMS 0x00000000e4900000| PB 0x00000000e4900000| Untracked |  0
|  74|0x00000000e4a00000, 0x00000000e4a00000, 0x00000000e4b00000|  0%| F|  |TAMS 0x00000000e4a00000| PB 0x00000000e4a00000| Untracked |  0
|  75|0x00000000e4b00000, 0x00000000e4b00000, 0x00000000e4c00000|  0%| F|  |TAMS 0x00000000e4b00000| PB 0x00000000e4b00000| Untracked |  0
|  76|0x00000000e4c00000, 0x00000000e4c00000, 0x00000000e4d00000|  0%| F|  |TAMS 0x00000000e4c00000| PB 0x00000000e4c00000| Untracked |  0
|  77|0x00000000e4d00000, 0x00000000e4d00000, 0x00000000e4e00000|  0%| F|  |TAMS 0x00000000e4d00000| PB 0x00000000e4d00000| Untracked |  0
|  78|0x00000000e4e00000, 0x00000000e4e00000, 0x00000000e4f00000|  0%| F|  |TAMS 0x00000000e4e00000| PB 0x00000000e4e00000| Untracked |  0
|  79|0x00000000e4f00000, 0x00000000e4f00000, 0x00000000e5000000|  0%| F|  |TAMS 0x00000000e4f00000| PB 0x00000000e4f00000| Untracked |  0
|  80|0x00000000e5000000, 0x00000000e5000000, 0x00000000e5100000|  0%| F|  |TAMS 0x00000000e5000000| PB 0x00000000e5000000| Untracked |  0
|  81|0x00000000e5100000, 0x00000000e5100000, 0x00000000e5200000|  0%| F|  |TAMS 0x00000000e5100000| PB 0x00000000e5100000| Untracked |  0
|  82|0x00000000e5200000, 0x00000000e5200000, 0x00000000e5300000|  0%| F|  |TAMS 0x00000000e5200000| PB 0x00000000e5200000| Untracked |  0
|  83|0x00000000e5300000, 0x00000000e5400000, 0x00000000e5400000|100%| S|CS|TAMS 0x00000000e5300000| PB 0x00000000e5300000| Complete |  0
|  84|0x00000000e5400000, 0x00000000e5500000, 0x00000000e5500000|100%| S|CS|TAMS 0x00000000e5400000| PB 0x00000000e5400000| Complete |  0
|  85|0x00000000e5500000, 0x00000000e5600000, 0x00000000e5600000|100%| S|CS|TAMS 0x00000000e5500000| PB 0x00000000e5500000| Complete |  0
|  86|0x00000000e5600000, 0x00000000e5700000, 0x00000000e5700000|100%| S|CS|TAMS 0x00000000e5600000| PB 0x00000000e5600000| Complete |  0
|  87|0x00000000e5700000, 0x00000000e5800000, 0x00000000e5800000|100%| S|CS|TAMS 0x00000000e5700000| PB 0x00000000e5700000| Complete |  0
|  88|0x00000000e5800000, 0x00000000e5900000, 0x00000000e5900000|100%| S|CS|TAMS 0x00000000e5800000| PB 0x00000000e5800000| Complete |  0
|  89|0x00000000e5900000, 0x00000000e5a00000, 0x00000000e5a00000|100%| S|CS|TAMS 0x00000000e5900000| PB 0x00000000e5900000| Complete |  0
|  90|0x00000000e5a00000, 0x00000000e5b00000, 0x00000000e5b00000|100%| S|CS|TAMS 0x00000000e5a00000| PB 0x00000000e5a00000| Complete |  0
|  91|0x00000000e5b00000, 0x00000000e5c00000, 0x00000000e5c00000|100%| S|CS|TAMS 0x00000000e5b00000| PB 0x00000000e5b00000| Complete |  0
|  92|0x00000000e5c00000, 0x00000000e5d00000, 0x00000000e5d00000|100%| S|CS|TAMS 0x00000000e5c00000| PB 0x00000000e5c00000| Complete |  0
|  93|0x00000000e5d00000, 0x00000000e5e00000, 0x00000000e5e00000|100%| S|CS|TAMS 0x00000000e5d00000| PB 0x00000000e5d00000| Complete |  0
|  94|0x00000000e5e00000, 0x00000000e5f00000, 0x00000000e5f00000|100%| S|CS|TAMS 0x00000000e5e00000| PB 0x00000000e5e00000| Complete |  0
|  95|0x00000000e5f00000, 0x00000000e6000000, 0x00000000e6000000|100%| S|CS|TAMS 0x00000000e5f00000| PB 0x00000000e5f00000| Complete |  0
|  96|0x00000000e6000000, 0x00000000e6100000, 0x00000000e6100000|100%| S|CS|TAMS 0x00000000e6000000| PB 0x00000000e6000000| Complete |  0
|  97|0x00000000e6100000, 0x00000000e6200000, 0x00000000e6200000|100%| S|CS|TAMS 0x00000000e6100000| PB 0x00000000e6100000| Complete |  0
|  98|0x00000000e6200000, 0x00000000e6300000, 0x00000000e6300000|100%| S|CS|TAMS 0x00000000e6200000| PB 0x00000000e6200000| Complete |  0
|  99|0x00000000e6300000, 0x00000000e6400000, 0x00000000e6400000|100%| S|CS|TAMS 0x00000000e6300000| PB 0x00000000e6300000| Complete |  0
| 100|0x00000000e6400000, 0x00000000e6500000, 0x00000000e6500000|100%| S|CS|TAMS 0x00000000e6400000| PB 0x00000000e6400000| Complete |  0
| 101|0x00000000e6500000, 0x00000000e6600000, 0x00000000e6600000|100%| S|CS|TAMS 0x00000000e6500000| PB 0x00000000e6500000| Complete |  0
| 102|0x00000000e6600000, 0x00000000e6700000, 0x00000000e6700000|100%| S|CS|TAMS 0x00000000e6600000| PB 0x00000000e6600000| Complete |  0
| 103|0x00000000e6700000, 0x00000000e6700000, 0x00000000e6800000|  0%| F|  |TAMS 0x00000000e6700000| PB 0x00000000e6700000| Untracked |  0
| 104|0x00000000e6800000, 0x00000000e6800000, 0x00000000e6900000|  0%| F|  |TAMS 0x00000000e6800000| PB 0x00000000e6800000| Untracked |  0
| 105|0x00000000e6900000, 0x00000000e6900000, 0x00000000e6a00000|  0%| F|  |TAMS 0x00000000e6900000| PB 0x00000000e6900000| Untracked |  0
| 106|0x00000000e6a00000, 0x00000000e6a00000, 0x00000000e6b00000|  0%| F|  |TAMS 0x00000000e6a00000| PB 0x00000000e6a00000| Untracked |  0
| 107|0x00000000e6b00000, 0x00000000e6b00000, 0x00000000e6c00000|  0%| F|  |TAMS 0x00000000e6b00000| PB 0x00000000e6b00000| Untracked |  0
| 108|0x00000000e6c00000, 0x00000000e6c00000, 0x00000000e6d00000|  0%| F|  |TAMS 0x00000000e6c00000| PB 0x00000000e6c00000| Untracked |  0
| 109|0x00000000e6d00000, 0x00000000e6d00000, 0x00000000e6e00000|  0%| F|  |TAMS 0x00000000e6d00000| PB 0x00000000e6d00000| Untracked |  0
| 110|0x00000000e6e00000, 0x00000000e6e00000, 0x00000000e6f00000|  0%| F|  |TAMS 0x00000000e6e00000| PB 0x00000000e6e00000| Untracked |  0
| 111|0x00000000e6f00000, 0x00000000e6f00000, 0x00000000e7000000|  0%| F|  |TAMS 0x00000000e6f00000| PB 0x00000000e6f00000| Untracked |  0
| 112|0x00000000e7000000, 0x00000000e7000000, 0x00000000e7100000|  0%| F|  |TAMS 0x00000000e7000000| PB 0x00000000e7000000| Untracked |  0
| 113|0x00000000e7100000, 0x00000000e7100000, 0x00000000e7200000|  0%| F|  |TAMS 0x00000000e7100000| PB 0x00000000e7100000| Untracked |  0
| 114|0x00000000e7200000, 0x00000000e7200000, 0x00000000e7300000|  0%| F|  |TAMS 0x00000000e7200000| PB 0x00000000e7200000| Untracked |  0
| 115|0x00000000e7300000, 0x00000000e7300000, 0x00000000e7400000|  0%| F|  |TAMS 0x00000000e7300000| PB 0x00000000e7300000| Untracked |  0
| 116|0x00000000e7400000, 0x00000000e7400000, 0x00000000e7500000|  0%| F|  |TAMS 0x00000000e7400000| PB 0x00000000e7400000| Untracked |  0
| 117|0x00000000e7500000, 0x00000000e7500000, 0x00000000e7600000|  0%| F|  |TAMS 0x00000000e7500000| PB 0x00000000e7500000| Untracked |  0
| 118|0x00000000e7600000, 0x00000000e7600000, 0x00000000e7700000|  0%| F|  |TAMS 0x00000000e7600000| PB 0x00000000e7600000| Untracked |  0
| 119|0x00000000e7700000, 0x00000000e7700000, 0x00000000e7800000|  0%| F|  |TAMS 0x00000000e7700000| PB 0x00000000e7700000| Untracked |  0
| 120|0x00000000e7800000, 0x00000000e7800000, 0x00000000e7900000|  0%| F|  |TAMS 0x00000000e7800000| PB 0x00000000e7800000| Untracked |  0
| 121|0x00000000e7900000, 0x00000000e7900000, 0x00000000e7a00000|  0%| F|  |TAMS 0x00000000e7900000| PB 0x00000000e7900000| Untracked |  0
| 122|0x00000000e7a00000, 0x00000000e7a00000, 0x00000000e7b00000|  0%| F|  |TAMS 0x00000000e7a00000| PB 0x00000000e7a00000| Untracked |  0
| 123|0x00000000e7b00000, 0x00000000e7b00000, 0x00000000e7c00000|  0%| F|  |TAMS 0x00000000e7b00000| PB 0x00000000e7b00000| Untracked |  0
| 124|0x00000000e7c00000, 0x00000000e7c00000, 0x00000000e7d00000|  0%| F|  |TAMS 0x00000000e7c00000| PB 0x00000000e7c00000| Untracked |  0
| 125|0x00000000e7d00000, 0x00000000e7d00000, 0x00000000e7e00000|  0%| F|  |TAMS 0x00000000e7d00000| PB 0x00000000e7d00000| Untracked |  0
| 126|0x00000000e7e00000, 0x00000000e7e00000, 0x00000000e7f00000|  0%| F|  |TAMS 0x00000000e7e00000| PB 0x00000000e7e00000| Untracked |  0
| 127|0x00000000e7f00000, 0x00000000e7f00000, 0x00000000e8000000|  0%| F|  |TAMS 0x00000000e7f00000| PB 0x00000000e7f00000| Untracked |  0
| 128|0x00000000e8000000, 0x00000000e8000000, 0x00000000e8100000|  0%| F|  |TAMS 0x00000000e8000000| PB 0x00000000e8000000| Untracked |  0
| 129|0x00000000e8100000, 0x00000000e8100000, 0x00000000e8200000|  0%| F|  |TAMS 0x00000000e8100000| PB 0x00000000e8100000| Untracked |  0
| 130|0x00000000e8200000, 0x00000000e8200000, 0x00000000e8300000|  0%| F|  |TAMS 0x00000000e8200000| PB 0x00000000e8200000| Untracked |  0
| 131|0x00000000e8300000, 0x00000000e8300000, 0x00000000e8400000|  0%| F|  |TAMS 0x00000000e8300000| PB 0x00000000e8300000| Untracked |  0
| 132|0x00000000e8400000, 0x00000000e8400000, 0x00000000e8500000|  0%| F|  |TAMS 0x00000000e8400000| PB 0x00000000e8400000| Untracked |  0
| 133|0x00000000e8500000, 0x00000000e8500000, 0x00000000e8600000|  0%| F|  |TAMS 0x00000000e8500000| PB 0x00000000e8500000| Untracked |  0
| 134|0x00000000e8600000, 0x00000000e8600000, 0x00000000e8700000|  0%| F|  |TAMS 0x00000000e8600000| PB 0x00000000e8600000| Untracked |  0
| 135|0x00000000e8700000, 0x00000000e8700000, 0x00000000e8800000|  0%| F|  |TAMS 0x00000000e8700000| PB 0x00000000e8700000| Untracked |  0
| 136|0x00000000e8800000, 0x00000000e8800000, 0x00000000e8900000|  0%| F|  |TAMS 0x00000000e8800000| PB 0x00000000e8800000| Untracked |  0
| 137|0x00000000e8900000, 0x00000000e8900000, 0x00000000e8a00000|  0%| F|  |TAMS 0x00000000e8900000| PB 0x00000000e8900000| Untracked |  0
| 138|0x00000000e8a00000, 0x00000000e8a00000, 0x00000000e8b00000|  0%| F|  |TAMS 0x00000000e8a00000| PB 0x00000000e8a00000| Untracked |  0
| 139|0x00000000e8b00000, 0x00000000e8b00000, 0x00000000e8c00000|  0%| F|  |TAMS 0x00000000e8b00000| PB 0x00000000e8b00000| Untracked |  0
| 140|0x00000000e8c00000, 0x00000000e8c00000, 0x00000000e8d00000|  0%| F|  |TAMS 0x00000000e8c00000| PB 0x00000000e8c00000| Untracked |  0
| 141|0x00000000e8d00000, 0x00000000e8d00000, 0x00000000e8e00000|  0%| F|  |TAMS 0x00000000e8d00000| PB 0x00000000e8d00000| Untracked |  0
| 142|0x00000000e8e00000, 0x00000000e8e00000, 0x00000000e8f00000|  0%| F|  |TAMS 0x00000000e8e00000| PB 0x00000000e8e00000| Untracked |  0
| 143|0x00000000e8f00000, 0x00000000e8f00000, 0x00000000e9000000|  0%| F|  |TAMS 0x00000000e8f00000| PB 0x00000000e8f00000| Untracked |  0
| 144|0x00000000e9000000, 0x00000000e9000000, 0x00000000e9100000|  0%| F|  |TAMS 0x00000000e9000000| PB 0x00000000e9000000| Untracked |  0
| 145|0x00000000e9100000, 0x00000000e9100000, 0x00000000e9200000|  0%| F|  |TAMS 0x00000000e9100000| PB 0x00000000e9100000| Untracked |  0
| 146|0x00000000e9200000, 0x00000000e9200000, 0x00000000e9300000|  0%| F|  |TAMS 0x00000000e9200000| PB 0x00000000e9200000| Untracked |  0
| 147|0x00000000e9300000, 0x00000000e9300000, 0x00000000e9400000|  0%| F|  |TAMS 0x00000000e9300000| PB 0x00000000e9300000| Untracked |  0
| 148|0x00000000e9400000, 0x00000000e9400000, 0x00000000e9500000|  0%| F|  |TAMS 0x00000000e9400000| PB 0x00000000e9400000| Untracked |  0
| 149|0x00000000e9500000, 0x00000000e9500000, 0x00000000e9600000|  0%| F|  |TAMS 0x00000000e9500000| PB 0x00000000e9500000| Untracked |  0
| 150|0x00000000e9600000, 0x00000000e9600000, 0x00000000e9700000|  0%| F|  |TAMS 0x00000000e9600000| PB 0x00000000e9600000| Untracked |  0
| 151|0x00000000e9700000, 0x00000000e9700000, 0x00000000e9800000|  0%| F|  |TAMS 0x00000000e9700000| PB 0x00000000e9700000| Untracked |  0
| 152|0x00000000e9800000, 0x00000000e9800000, 0x00000000e9900000|  0%| F|  |TAMS 0x00000000e9800000| PB 0x00000000e9800000| Untracked |  0
| 153|0x00000000e9900000, 0x00000000e9900000, 0x00000000e9a00000|  0%| F|  |TAMS 0x00000000e9900000| PB 0x00000000e9900000| Untracked |  0
| 154|0x00000000e9a00000, 0x00000000e9a00000, 0x00000000e9b00000|  0%| F|  |TAMS 0x00000000e9a00000| PB 0x00000000e9a00000| Untracked |  0
| 155|0x00000000e9b00000, 0x00000000e9b00000, 0x00000000e9c00000|  0%| F|  |TAMS 0x00000000e9b00000| PB 0x00000000e9b00000| Untracked |  0
| 156|0x00000000e9c00000, 0x00000000e9c00000, 0x00000000e9d00000|  0%| F|  |TAMS 0x00000000e9c00000| PB 0x00000000e9c00000| Untracked |  0
| 157|0x00000000e9d00000, 0x00000000e9d00000, 0x00000000e9e00000|  0%| F|  |TAMS 0x00000000e9d00000| PB 0x00000000e9d00000| Untracked |  0
| 158|0x00000000e9e00000, 0x00000000e9e00000, 0x00000000e9f00000|  0%| F|  |TAMS 0x00000000e9e00000| PB 0x00000000e9e00000| Untracked |  0
| 159|0x00000000e9f00000, 0x00000000e9f00000, 0x00000000ea000000|  0%| F|  |TAMS 0x00000000e9f00000| PB 0x00000000e9f00000| Untracked |  0
| 160|0x00000000ea000000, 0x00000000ea000000, 0x00000000ea100000|  0%| F|  |TAMS 0x00000000ea000000| PB 0x00000000ea000000| Untracked |  0
| 161|0x00000000ea100000, 0x00000000ea100000, 0x00000000ea200000|  0%| F|  |TAMS 0x00000000ea100000| PB 0x00000000ea100000| Untracked |  0
| 162|0x00000000ea200000, 0x00000000ea200000, 0x00000000ea300000|  0%| F|  |TAMS 0x00000000ea200000| PB 0x00000000ea200000| Untracked |  0
| 163|0x00000000ea300000, 0x00000000ea300000, 0x00000000ea400000|  0%| F|  |TAMS 0x00000000ea300000| PB 0x00000000ea300000| Untracked |  0
| 164|0x00000000ea400000, 0x00000000ea400000, 0x00000000ea500000|  0%| F|  |TAMS 0x00000000ea400000| PB 0x00000000ea400000| Untracked |  0
| 165|0x00000000ea500000, 0x00000000ea500000, 0x00000000ea600000|  0%| F|  |TAMS 0x00000000ea500000| PB 0x00000000ea500000| Untracked |  0
| 166|0x00000000ea600000, 0x00000000ea600000, 0x00000000ea700000|  0%| F|  |TAMS 0x00000000ea600000| PB 0x00000000ea600000| Untracked |  0
| 167|0x00000000ea700000, 0x00000000ea700000, 0x00000000ea800000|  0%| F|  |TAMS 0x00000000ea700000| PB 0x00000000ea700000| Untracked |  0
| 168|0x00000000ea800000, 0x00000000ea800000, 0x00000000ea900000|  0%| F|  |TAMS 0x00000000ea800000| PB 0x00000000ea800000| Untracked |  0
| 169|0x00000000ea900000, 0x00000000ea900000, 0x00000000eaa00000|  0%| F|  |TAMS 0x00000000ea900000| PB 0x00000000ea900000| Untracked |  0
| 170|0x00000000eaa00000, 0x00000000eaa00000, 0x00000000eab00000|  0%| F|  |TAMS 0x00000000eaa00000| PB 0x00000000eaa00000| Untracked |  0
| 171|0x00000000eab00000, 0x00000000eab00000, 0x00000000eac00000|  0%| F|  |TAMS 0x00000000eab00000| PB 0x00000000eab00000| Untracked |  0
| 172|0x00000000eac00000, 0x00000000eac00000, 0x00000000ead00000|  0%| F|  |TAMS 0x00000000eac00000| PB 0x00000000eac00000| Untracked |  0
| 173|0x00000000ead00000, 0x00000000ead00000, 0x00000000eae00000|  0%| F|  |TAMS 0x00000000ead00000| PB 0x00000000ead00000| Untracked |  0
| 174|0x00000000eae00000, 0x00000000eae00000, 0x00000000eaf00000|  0%| F|  |TAMS 0x00000000eae00000| PB 0x00000000eae00000| Untracked |  0
| 175|0x00000000eaf00000, 0x00000000eaf00000, 0x00000000eb000000|  0%| F|  |TAMS 0x00000000eaf00000| PB 0x00000000eaf00000| Untracked |  0
| 176|0x00000000eb000000, 0x00000000eb000000, 0x00000000eb100000|  0%| F|  |TAMS 0x00000000eb000000| PB 0x00000000eb000000| Untracked |  0
| 177|0x00000000eb100000, 0x00000000eb100000, 0x00000000eb200000|  0%| F|  |TAMS 0x00000000eb100000| PB 0x00000000eb100000| Untracked |  0
| 178|0x00000000eb200000, 0x00000000eb200000, 0x00000000eb300000|  0%| F|  |TAMS 0x00000000eb200000| PB 0x00000000eb200000| Untracked |  0
| 179|0x00000000eb300000, 0x00000000eb300000, 0x00000000eb400000|  0%| F|  |TAMS 0x00000000eb300000| PB 0x00000000eb300000| Untracked |  0
| 180|0x00000000eb400000, 0x00000000eb400000, 0x00000000eb500000|  0%| F|  |TAMS 0x00000000eb400000| PB 0x00000000eb400000| Untracked |  0
| 181|0x00000000eb500000, 0x00000000eb500000, 0x00000000eb600000|  0%| F|  |TAMS 0x00000000eb500000| PB 0x00000000eb500000| Untracked |  0
| 182|0x00000000eb600000, 0x00000000eb600000, 0x00000000eb700000|  0%| F|  |TAMS 0x00000000eb600000| PB 0x00000000eb600000| Untracked |  0
| 183|0x00000000eb700000, 0x00000000eb700000, 0x00000000eb800000|  0%| F|  |TAMS 0x00000000eb700000| PB 0x00000000eb700000| Untracked |  0
| 184|0x00000000eb800000, 0x00000000eb800000, 0x00000000eb900000|  0%| F|  |TAMS 0x00000000eb800000| PB 0x00000000eb800000| Untracked |  0
| 185|0x00000000eb900000, 0x00000000eb900000, 0x00000000eba00000|  0%| F|  |TAMS 0x00000000eb900000| PB 0x00000000eb900000| Untracked |  0
| 186|0x00000000eba00000, 0x00000000eba00000, 0x00000000ebb00000|  0%| F|  |TAMS 0x00000000eba00000| PB 0x00000000eba00000| Untracked |  0
| 187|0x00000000ebb00000, 0x00000000ebb00000, 0x00000000ebc00000|  0%| F|  |TAMS 0x00000000ebb00000| PB 0x00000000ebb00000| Untracked |  0
| 188|0x00000000ebc00000, 0x00000000ebc00000, 0x00000000ebd00000|  0%| F|  |TAMS 0x00000000ebc00000| PB 0x00000000ebc00000| Untracked |  0
| 189|0x00000000ebd00000, 0x00000000ebd00000, 0x00000000ebe00000|  0%| F|  |TAMS 0x00000000ebd00000| PB 0x00000000ebd00000| Untracked |  0
| 190|0x00000000ebe00000, 0x00000000ebe00000, 0x00000000ebf00000|  0%| F|  |TAMS 0x00000000ebe00000| PB 0x00000000ebe00000| Untracked |  0
| 191|0x00000000ebf00000, 0x00000000ebf00000, 0x00000000ec000000|  0%| F|  |TAMS 0x00000000ebf00000| PB 0x00000000ebf00000| Untracked |  0
| 192|0x00000000ec000000, 0x00000000ec000000, 0x00000000ec100000|  0%| F|  |TAMS 0x00000000ec000000| PB 0x00000000ec000000| Untracked |  0
| 193|0x00000000ec100000, 0x00000000ec100000, 0x00000000ec200000|  0%| F|  |TAMS 0x00000000ec100000| PB 0x00000000ec100000| Untracked |  0
| 194|0x00000000ec200000, 0x00000000ec200000, 0x00000000ec300000|  0%| F|  |TAMS 0x00000000ec200000| PB 0x00000000ec200000| Untracked |  0
| 195|0x00000000ec300000, 0x00000000ec300000, 0x00000000ec400000|  0%| F|  |TAMS 0x00000000ec300000| PB 0x00000000ec300000| Untracked |  0
| 196|0x00000000ec400000, 0x00000000ec400000, 0x00000000ec500000|  0%| F|  |TAMS 0x00000000ec400000| PB 0x00000000ec400000| Untracked |  0
| 197|0x00000000ec500000, 0x00000000ec500000, 0x00000000ec600000|  0%| F|  |TAMS 0x00000000ec500000| PB 0x00000000ec500000| Untracked |  0
| 198|0x00000000ec600000, 0x00000000ec600000, 0x00000000ec700000|  0%| F|  |TAMS 0x00000000ec600000| PB 0x00000000ec600000| Untracked |  0
| 199|0x00000000ec700000, 0x00000000ec700000, 0x00000000ec800000|  0%| F|  |TAMS 0x00000000ec700000| PB 0x00000000ec700000| Untracked |  0
| 200|0x00000000ec800000, 0x00000000ec800000, 0x00000000ec900000|  0%| F|  |TAMS 0x00000000ec800000| PB 0x00000000ec800000| Untracked |  0
| 201|0x00000000ec900000, 0x00000000ec900000, 0x00000000eca00000|  0%| F|  |TAMS 0x00000000ec900000| PB 0x00000000ec900000| Untracked |  0
| 202|0x00000000eca00000, 0x00000000eca00000, 0x00000000ecb00000|  0%| F|  |TAMS 0x00000000eca00000| PB 0x00000000eca00000| Untracked |  0
| 203|0x00000000ecb00000, 0x00000000ecb00000, 0x00000000ecc00000|  0%| F|  |TAMS 0x00000000ecb00000| PB 0x00000000ecb00000| Untracked |  0
| 204|0x00000000ecc00000, 0x00000000ecc00000, 0x00000000ecd00000|  0%| F|  |TAMS 0x00000000ecc00000| PB 0x00000000ecc00000| Untracked |  0
| 205|0x00000000ecd00000, 0x00000000ecd00000, 0x00000000ece00000|  0%| F|  |TAMS 0x00000000ecd00000| PB 0x00000000ecd00000| Untracked |  0
| 206|0x00000000ece00000, 0x00000000ece00000, 0x00000000ecf00000|  0%| F|  |TAMS 0x00000000ece00000| PB 0x00000000ece00000| Untracked |  0
| 207|0x00000000ecf00000, 0x00000000ecf00000, 0x00000000ed000000|  0%| F|  |TAMS 0x00000000ecf00000| PB 0x00000000ecf00000| Untracked |  0
| 208|0x00000000ed000000, 0x00000000ed000000, 0x00000000ed100000|  0%| F|  |TAMS 0x00000000ed000000| PB 0x00000000ed000000| Untracked |  0
| 209|0x00000000ed100000, 0x00000000ed100000, 0x00000000ed200000|  0%| F|  |TAMS 0x00000000ed100000| PB 0x00000000ed100000| Untracked |  0
| 210|0x00000000ed200000, 0x00000000ed200000, 0x00000000ed300000|  0%| F|  |TAMS 0x00000000ed200000| PB 0x00000000ed200000| Untracked |  0
| 211|0x00000000ed300000, 0x00000000ed300000, 0x00000000ed400000|  0%| F|  |TAMS 0x00000000ed300000| PB 0x00000000ed300000| Untracked |  0
| 212|0x00000000ed400000, 0x00000000ed400000, 0x00000000ed500000|  0%| F|  |TAMS 0x00000000ed400000| PB 0x00000000ed400000| Untracked |  0
| 213|0x00000000ed500000, 0x00000000ed500000, 0x00000000ed600000|  0%| F|  |TAMS 0x00000000ed500000| PB 0x00000000ed500000| Untracked |  0
| 214|0x00000000ed600000, 0x00000000ed600000, 0x00000000ed700000|  0%| F|  |TAMS 0x00000000ed600000| PB 0x00000000ed600000| Untracked |  0
| 215|0x00000000ed700000, 0x00000000ed700000, 0x00000000ed800000|  0%| F|  |TAMS 0x00000000ed700000| PB 0x00000000ed700000| Untracked |  0
| 216|0x00000000ed800000, 0x00000000ed800000, 0x00000000ed900000|  0%| F|  |TAMS 0x00000000ed800000| PB 0x00000000ed800000| Untracked |  0
| 217|0x00000000ed900000, 0x00000000ed900000, 0x00000000eda00000|  0%| F|  |TAMS 0x00000000ed900000| PB 0x00000000ed900000| Untracked |  0
| 218|0x00000000eda00000, 0x00000000eda00000, 0x00000000edb00000|  0%| F|  |TAMS 0x00000000eda00000| PB 0x00000000eda00000| Untracked |  0
| 219|0x00000000edb00000, 0x00000000edb00000, 0x00000000edc00000|  0%| F|  |TAMS 0x00000000edb00000| PB 0x00000000edb00000| Untracked |  0
| 220|0x00000000edc00000, 0x00000000edc00000, 0x00000000edd00000|  0%| F|  |TAMS 0x00000000edc00000| PB 0x00000000edc00000| Untracked |  0
| 221|0x00000000edd00000, 0x00000000edd00000, 0x00000000ede00000|  0%| F|  |TAMS 0x00000000edd00000| PB 0x00000000edd00000| Untracked |  0
| 222|0x00000000ede00000, 0x00000000ede00000, 0x00000000edf00000|  0%| F|  |TAMS 0x00000000ede00000| PB 0x00000000ede00000| Untracked |  0
| 223|0x00000000edf00000, 0x00000000edf00000, 0x00000000ee000000|  0%| F|  |TAMS 0x00000000edf00000| PB 0x00000000edf00000| Untracked |  0
| 224|0x00000000ee000000, 0x00000000ee000000, 0x00000000ee100000|  0%| F|  |TAMS 0x00000000ee000000| PB 0x00000000ee000000| Untracked |  0
| 225|0x00000000ee100000, 0x00000000ee100000, 0x00000000ee200000|  0%| F|  |TAMS 0x00000000ee100000| PB 0x00000000ee100000| Untracked |  0
| 226|0x00000000ee200000, 0x00000000ee200000, 0x00000000ee300000|  0%| F|  |TAMS 0x00000000ee200000| PB 0x00000000ee200000| Untracked |  0
| 227|0x00000000ee300000, 0x00000000ee381010, 0x00000000ee400000| 50%| E|  |TAMS 0x00000000ee300000| PB 0x00000000ee300000| Complete |  0
| 228|0x00000000ee400000, 0x00000000ee500000, 0x00000000ee500000|100%| E|CS|TAMS 0x00000000ee400000| PB 0x00000000ee400000| Complete |  0
| 229|0x00000000ee500000, 0x00000000ee600000, 0x00000000ee600000|100%| E|CS|TAMS 0x00000000ee500000| PB 0x00000000ee500000| Complete |  0
| 230|0x00000000ee600000, 0x00000000ee700000, 0x00000000ee700000|100%| E|CS|TAMS 0x00000000ee600000| PB 0x00000000ee600000| Complete |  0
| 231|0x00000000ee700000, 0x00000000ee800000, 0x00000000ee800000|100%| E|CS|TAMS 0x00000000ee700000| PB 0x00000000ee700000| Complete |  0
| 232|0x00000000ee800000, 0x00000000ee900000, 0x00000000ee900000|100%| E|CS|TAMS 0x00000000ee800000| PB 0x00000000ee800000| Complete |  0
| 233|0x00000000ee900000, 0x00000000eea00000, 0x00000000eea00000|100%| E|CS|TAMS 0x00000000ee900000| PB 0x00000000ee900000| Complete |  0
| 234|0x00000000eea00000, 0x00000000eeb00000, 0x00000000eeb00000|100%| E|CS|TAMS 0x00000000eea00000| PB 0x00000000eea00000| Complete |  0
| 235|0x00000000eeb00000, 0x00000000eec00000, 0x00000000eec00000|100%| E|CS|TAMS 0x00000000eeb00000| PB 0x00000000eeb00000| Complete |  0
| 236|0x00000000eec00000, 0x00000000eed00000, 0x00000000eed00000|100%| E|CS|TAMS 0x00000000eec00000| PB 0x00000000eec00000| Complete |  0
| 237|0x00000000eed00000, 0x00000000eee00000, 0x00000000eee00000|100%| E|CS|TAMS 0x00000000eed00000| PB 0x00000000eed00000| Complete |  0
| 238|0x00000000eee00000, 0x00000000eef00000, 0x00000000eef00000|100%| E|CS|TAMS 0x00000000eee00000| PB 0x00000000eee00000| Complete |  0
| 239|0x00000000eef00000, 0x00000000ef000000, 0x00000000ef000000|100%| E|CS|TAMS 0x00000000eef00000| PB 0x00000000eef00000| Complete |  0
| 240|0x00000000ef000000, 0x00000000ef100000, 0x00000000ef100000|100%| E|CS|TAMS 0x00000000ef000000| PB 0x00000000ef000000| Complete |  0
| 241|0x00000000ef100000, 0x00000000ef200000, 0x00000000ef200000|100%| E|CS|TAMS 0x00000000ef100000| PB 0x00000000ef100000| Complete |  0
| 242|0x00000000ef200000, 0x00000000ef300000, 0x00000000ef300000|100%| E|CS|TAMS 0x00000000ef200000| PB 0x00000000ef200000| Complete |  0
| 243|0x00000000ef300000, 0x00000000ef400000, 0x00000000ef400000|100%| E|CS|TAMS 0x00000000ef300000| PB 0x00000000ef300000| Complete |  0
| 244|0x00000000ef400000, 0x00000000ef500000, 0x00000000ef500000|100%| E|CS|TAMS 0x00000000ef400000| PB 0x00000000ef400000| Complete |  0
| 245|0x00000000ef500000, 0x00000000ef600000, 0x00000000ef600000|100%| E|CS|TAMS 0x00000000ef500000| PB 0x00000000ef500000| Complete |  0
| 246|0x00000000ef600000, 0x00000000ef700000, 0x00000000ef700000|100%| E|CS|TAMS 0x00000000ef600000| PB 0x00000000ef600000| Complete |  0
| 247|0x00000000ef700000, 0x00000000ef800000, 0x00000000ef800000|100%| E|CS|TAMS 0x00000000ef700000| PB 0x00000000ef700000| Complete |  0
| 248|0x00000000ef800000, 0x00000000ef900000, 0x00000000ef900000|100%| E|CS|TAMS 0x00000000ef800000| PB 0x00000000ef800000| Complete |  0
| 249|0x00000000ef900000, 0x00000000efa00000, 0x00000000efa00000|100%| E|CS|TAMS 0x00000000ef900000| PB 0x00000000ef900000| Complete |  0
| 250|0x00000000efa00000, 0x00000000efb00000, 0x00000000efb00000|100%| E|CS|TAMS 0x00000000efa00000| PB 0x00000000efa00000| Complete |  0
| 251|0x00000000efb00000, 0x00000000efc00000, 0x00000000efc00000|100%| E|CS|TAMS 0x00000000efb00000| PB 0x00000000efb00000| Complete |  0
| 252|0x00000000efc00000, 0x00000000efd00000, 0x00000000efd00000|100%| E|CS|TAMS 0x00000000efc00000| PB 0x00000000efc00000| Complete |  0
| 253|0x00000000efd00000, 0x00000000efe00000, 0x00000000efe00000|100%| E|CS|TAMS 0x00000000efd00000| PB 0x00000000efd00000| Complete |  0
| 254|0x00000000efe00000, 0x00000000eff00000, 0x00000000eff00000|100%| E|CS|TAMS 0x00000000efe00000| PB 0x00000000efe00000| Complete |  0
| 255|0x00000000eff00000, 0x00000000f0000000, 0x00000000f0000000|100%| E|CS|TAMS 0x00000000eff00000| PB 0x00000000eff00000| Complete |  0

Card table byte_map: [0x00000235bdf00000,0x00000235be000000] _byte_map_base: 0x00000235bd800000

Marking Bits: (CMBitMap*) 0x00000235a47ca030
 Bits: [0x00000235be000000, 0x00000235be800000)

Polling page: 0x00000235a4860000

Metaspace:

Usage:
  Non-class:     57.05 MB used.
      Class:      9.62 MB used.
       Both:     66.67 MB used.

Virtual space:
  Non-class space:       64.00 MB reserved,      58.25 MB ( 91%) committed,  1 nodes.
      Class space:      320.00 MB reserved,      10.69 MB (  3%) committed,  1 nodes.
             Both:      384.00 MB reserved,      68.94 MB ( 18%) committed. 

Chunk freelists:
   Non-Class:  5.59 MB
       Class:  5.34 MB
        Both:  10.93 MB

MaxMetaspaceSize: 384.00 MB
CompressedClassSpaceSize: 320.00 MB
Initial GC threshold: 21.00 MB
Current GC threshold: 99.62 MB
CDS: on
 - commit_granule_bytes: 65536.
 - commit_granule_words: 8192.
 - virtual_space_node_default_size: 8388608.
 - enlarge_chunks_in_place: 1.
 - use_allocation_guard: 0.


Internal statistics:

num_allocs_failed_limit: 15.
num_arena_births: 3808.
num_arena_deaths: 0.
num_vsnodes_births: 2.
num_vsnodes_deaths: 0.
num_space_committed: 1103.
num_space_uncommitted: 0.
num_chunks_returned_to_freelist: 15.
num_chunks_taken_from_freelist: 6987.
num_chunk_merges: 15.
num_chunk_splits: 4515.
num_chunks_enlarged: 2762.
num_inconsistent_stats: 0.

CodeHeap 'non-profiled nmethods': size=120000Kb used=5416Kb max_used=5416Kb free=114583Kb
 bounds [0x00000235b5f50000, 0x00000235b64a0000, 0x00000235bd480000]
CodeHeap 'profiled nmethods': size=120000Kb used=17816Kb max_used=17816Kb free=102183Kb
 bounds [0x00000235ae480000, 0x00000235af5f0000, 0x00000235b59b0000]
CodeHeap 'non-nmethods': size=5760Kb used=2796Kb max_used=2844Kb free=2963Kb
 bounds [0x00000235b59b0000, 0x00000235b5c90000, 0x00000235b5f50000]
 total_blobs=10065 nmethods=9152 adapters=817
 compilation: enabled
              stopped_count=0, restarted_count=0
 full_count=0

Compilation events (20 events):
Event: 61.808 Thread 0x00000235c13b9990 9920       1       java.lang.invoke.MethodHandleImpl$AsVarargsCollector::getTarget (5 bytes)
Event: 61.808 Thread 0x00000235c13b9990 nmethod 9920 0x00000235b6499710 code [0x00000235b64998a0, 0x00000235b6499968]
Event: 61.842 Thread 0x00000235c13b9990 9921       3       org.gradle.api.internal.file.collections.DefaultConfigurableFileCollection::assertMutable (14 bytes)
Event: 61.843 Thread 0x00000235c13b9990 nmethod 9921 0x00000235af5d5b90 code [0x00000235af5d5da0, 0x00000235af5d6420]
Event: 61.843 Thread 0x00000235c13b9990 9922       3       org.gradle.api.internal.file.collections.DefaultConfigurableFileCollection$$Lambda/0x00000235c3718a18::<init> (10 bytes)
Event: 61.844 Thread 0x00000235c13b9990 nmethod 9922 0x00000235af5d6690 code [0x00000235af5d6820, 0x00000235af5d69d8]
Event: 61.846 Thread 0x00000235c13b9990 9923       3       java.util.Collections$UnmodifiableList::get (11 bytes)
Event: 61.846 Thread 0x00000235c13b9990 nmethod 9923 0x00000235af5d6a90 code [0x00000235af5d6c40, 0x00000235af5d6e18]
Event: 61.852 Thread 0x00000235c13b9990 9925       3       org.gradle.internal.lazy.UnsafeLazy::get (30 bytes)
Event: 61.853 Thread 0x00000235c13b9990 nmethod 9925 0x00000235af5d6f10 code [0x00000235af5d70c0, 0x00000235af5d7348]
Event: 61.853 Thread 0x00000235c13b9990 9926       3       org.gradle.api.internal.project.DefaultProjectStateRegistry$ProjectStateImpl::getDepth (16 bytes)
Event: 61.853 Thread 0x00000235c13b9990 nmethod 9926 0x00000235af5d7410 code [0x00000235af5d75c0, 0x00000235af5d7888]
Event: 61.892 Thread 0x00000235c13b9990 9927       3       com.google.common.collect.Iterables::toArray (10 bytes)
Event: 61.893 Thread 0x00000235c13b9990 nmethod 9927 0x00000235af5d7990 code [0x00000235af5d7ba0, 0x00000235af5d83d0]
Event: 61.897 Thread 0x00000235c13b9990 9928       3       org.gradle.api.DefaultTask::getName (5 bytes)
Event: 61.898 Thread 0x00000235c13b9990 nmethod 9928 0x00000235af5d8610 code [0x00000235af5d87a0, 0x00000235af5d8910]
Event: 61.898 Thread 0x00000235c13b9990 9929       3       org.gradle.api.internal.AbstractTask::getName (8 bytes)
Event: 61.898 Thread 0x00000235c13b9990 nmethod 9929 0x00000235af5d8a10 code [0x00000235af5d8ba0, 0x00000235af5d8cb8]
Event: 62.803 Thread 0x00000235c13b9990 9930       3       java.util.HashMap$ValueSpliterator::forEachRemaining (186 bytes)
Event: 62.804 Thread 0x00000235c13b9990 nmethod 9930 0x00000235af5d8d90 code [0x00000235af5d8fa0, 0x00000235af5d9780]

GC Heap History (20 events):
Event: 4.537 GC heap before
{Heap before GC invocations=1 (full 0):
 garbage-first heap   total reserved 524288K, committed 262144K, used 41642K [0x00000000e0000000, 0x0000000100000000)
  region size 1024K, 39 young (39936K), 3 survivors (3072K)
 Metaspace       used 4356K, committed 4608K, reserved 393216K
  class space    used 548K, committed 640K, reserved 327680K
}
Event: 4.542 GC heap after
{Heap after GC invocations=2 (full 0):
 garbage-first heap   total reserved 524288K, committed 262144K, used 11465K [0x00000000e0000000, 0x0000000100000000)
  region size 1024K, 5 young (5120K), 5 survivors (5120K)
 Metaspace       used 4356K, committed 4608K, reserved 393216K
  class space    used 548K, committed 640K, reserved 327680K
}
Event: 6.670 GC heap before
{Heap before GC invocations=2 (full 0):
 garbage-first heap   total reserved 524288K, committed 262144K, used 64713K [0x00000000e0000000, 0x0000000100000000)
  region size 1024K, 55 young (56320K), 5 survivors (5120K)
 Metaspace       used 6057K, committed 6272K, reserved 393216K
  class space    used 807K, committed 896K, reserved 327680K
}
Event: 6.675 GC heap after
{Heap after GC invocations=3 (full 0):
 garbage-first heap   total reserved 524288K, committed 262144K, used 18195K [0x00000000e0000000, 0x0000000100000000)
  region size 1024K, 6 young (6144K), 6 survivors (6144K)
 Metaspace       used 6057K, committed 6272K, reserved 393216K
  class space    used 807K, committed 896K, reserved 327680K
}
Event: 19.591 GC heap before
{Heap before GC invocations=3 (full 0):
 garbage-first heap   total reserved 524288K, committed 262144K, used 105235K [0x00000000e0000000, 0x0000000100000000)
  region size 1024K, 92 young (94208K), 6 survivors (6144K)
 Metaspace       used 20771K, committed 21504K, reserved 393216K
  class space    used 3070K, committed 3392K, reserved 327680K
}
Event: 19.605 GC heap after
{Heap after GC invocations=4 (full 0):
 garbage-first heap   total reserved 524288K, committed 262144K, used 24175K [0x00000000e0000000, 0x0000000100000000)
  region size 1024K, 12 young (12288K), 12 survivors (12288K)
 Metaspace       used 20771K, committed 21504K, reserved 393216K
  class space    used 3070K, committed 3392K, reserved 327680K
}
Event: 26.397 GC heap before
{Heap before GC invocations=5 (full 0):
 garbage-first heap   total reserved 524288K, committed 262144K, used 124527K [0x00000000e0000000, 0x0000000100000000)
  region size 1024K, 109 young (111616K), 12 survivors (12288K)
 Metaspace       used 34727K, committed 35968K, reserved 393216K
  class space    used 5136K, committed 5760K, reserved 327680K
}
Event: 26.418 GC heap after
{Heap after GC invocations=6 (full 0):
 garbage-first heap   total reserved 524288K, committed 262144K, used 29968K [0x00000000e0000000, 0x0000000100000000)
  region size 1024K, 12 young (12288K), 12 survivors (12288K)
 Metaspace       used 34727K, committed 35968K, reserved 393216K
  class space    used 5136K, committed 5760K, reserved 327680K
}
Event: 26.655 GC heap before
{Heap before GC invocations=6 (full 0):
 garbage-first heap   total reserved 524288K, committed 262144K, used 33040K [0x00000000e0000000, 0x0000000100000000)
  region size 1024K, 16 young (16384K), 12 survivors (12288K)
 Metaspace       used 35051K, committed 36288K, reserved 393216K
  class space    used 5162K, committed 5760K, reserved 327680K
}
Event: 26.669 GC heap after
{Heap after GC invocations=7 (full 0):
 garbage-first heap   total reserved 524288K, committed 262144K, used 31083K [0x00000000e0000000, 0x0000000100000000)
  region size 1024K, 7 young (7168K), 7 survivors (7168K)
 Metaspace       used 35051K, committed 36288K, reserved 393216K
  class space    used 5162K, committed 5760K, reserved 327680K
}
Event: 26.820 GC heap before
{Heap before GC invocations=7 (full 0):
 garbage-first heap   total reserved 524288K, committed 262144K, used 32107K [0x00000000e0000000, 0x0000000100000000)
  region size 1024K, 9 young (9216K), 7 survivors (7168K)
 Metaspace       used 35377K, committed 36608K, reserved 393216K
  class space    used 5168K, committed 5760K, reserved 327680K
}
Event: 26.826 GC heap after
{Heap after GC invocations=8 (full 0):
 garbage-first heap   total reserved 524288K, committed 262144K, used 30093K [0x00000000e0000000, 0x0000000100000000)
  region size 1024K, 6 young (6144K), 6 survivors (6144K)
 Metaspace       used 35377K, committed 36608K, reserved 393216K
  class space    used 5168K, committed 5760K, reserved 327680K
}
Event: 37.677 GC heap before
{Heap before GC invocations=9 (full 0):
 garbage-first heap   total reserved 524288K, committed 262144K, used 184717K [0x00000000e0000000, 0x0000000100000000)
  region size 1024K, 153 young (156672K), 6 survivors (6144K)
 Metaspace       used 49732K, committed 51584K, reserved 393216K
  class space    used 7190K, committed 8064K, reserved 327680K
}
Event: 37.702 GC heap after
{Heap after GC invocations=10 (full 0):
 garbage-first heap   total reserved 524288K, committed 262144K, used 41829K [0x00000000e0000000, 0x0000000100000000)
  region size 1024K, 18 young (18432K), 18 survivors (18432K)
 Metaspace       used 49732K, committed 51584K, reserved 393216K
  class space    used 7190K, committed 8064K, reserved 327680K
}
Event: 45.805 GC heap before
{Heap before GC invocations=10 (full 0):
 garbage-first heap   total reserved 524288K, committed 262144K, used 180069K [0x00000000e0000000, 0x0000000100000000)
  region size 1024K, 153 young (156672K), 18 survivors (18432K)
 Metaspace       used 55364K, committed 57344K, reserved 393216K
  class space    used 7950K, committed 8896K, reserved 327680K
}
Event: 45.835 GC heap after
{Heap after GC invocations=11 (full 0):
 garbage-first heap   total reserved 524288K, committed 262144K, used 50651K [0x00000000e0000000, 0x0000000100000000)
  region size 1024K, 10 young (10240K), 10 survivors (10240K)
 Metaspace       used 55364K, committed 57344K, reserved 393216K
  class space    used 7950K, committed 8896K, reserved 327680K
}
Event: 49.507 GC heap before
{Heap before GC invocations=11 (full 0):
 garbage-first heap   total reserved 524288K, committed 262144K, used 87515K [0x00000000e0000000, 0x0000000100000000)
  region size 1024K, 47 young (48128K), 10 survivors (10240K)
 Metaspace       used 58998K, committed 61120K, reserved 393216K
  class space    used 8519K, committed 9536K, reserved 327680K
}
Event: 49.519 GC heap after
{Heap after GC invocations=12 (full 0):
 garbage-first heap   total reserved 524288K, committed 262144K, used 50997K [0x00000000e0000000, 0x0000000100000000)
  region size 1024K, 10 young (10240K), 10 survivors (10240K)
 Metaspace       used 58998K, committed 61120K, reserved 393216K
  class space    used 8519K, committed 9536K, reserved 327680K
}
Event: 60.159 GC heap before
{Heap before GC invocations=13 (full 0):
 garbage-first heap   total reserved 524288K, committed 262144K, used 198453K [0x00000000e0000000, 0x0000000100000000)
  region size 1024K, 153 young (156672K), 10 survivors (10240K)
 Metaspace       used 66923K, committed 69184K, reserved 393216K
  class space    used 9613K, committed 10688K, reserved 327680K
}
Event: 60.193 GC heap after
{Heap after GC invocations=14 (full 0):
 garbage-first heap   total reserved 524288K, committed 262144K, used 66082K [0x00000000e0000000, 0x0000000100000000)
  region size 1024K, 20 young (20480K), 20 survivors (20480K)
 Metaspace       used 66923K, committed 69184K, reserved 393216K
  class space    used 9613K, committed 10688K, reserved 327680K
}

Dll operation events (15 events):
Event: 0.050 Loaded shared library C:\Program Files\Java\jdk-22\bin\java.dll
Event: 0.317 Loaded shared library C:\Program Files\Java\jdk-22\bin\jsvml.dll
Event: 0.394 Loaded shared library C:\Program Files\Java\jdk-22\bin\zip.dll
Event: 0.403 Loaded shared library C:\Program Files\Java\jdk-22\bin\instrument.dll
Event: 0.430 Loaded shared library C:\Program Files\Java\jdk-22\bin\net.dll
Event: 0.435 Loaded shared library C:\Program Files\Java\jdk-22\bin\nio.dll
Event: 0.441 Loaded shared library C:\Program Files\Java\jdk-22\bin\zip.dll
Event: 1.223 Loaded shared library C:\Program Files\Java\jdk-22\bin\jimage.dll
Event: 1.775 Loaded shared library C:\Program Files\Java\jdk-22\bin\verify.dll
Event: 2.246 Loaded shared library C:\Users\maria\.gradle\native\1def1411415f61bf3af743bc5b6707747c0891f09f0c88961ee8f79bc544acac\windows-amd64\native-platform.dll
Event: 2.289 Loaded shared library C:\Users\maria\.gradle\native\0.2.7\x86_64-windows-gnu\gradle-fileevents.dll
Event: 6.663 Loaded shared library C:\Program Files\Java\jdk-22\bin\management.dll
Event: 6.669 Loaded shared library C:\Program Files\Java\jdk-22\bin\management_ext.dll
Event: 7.295 Loaded shared library C:\Program Files\Java\jdk-22\bin\extnet.dll
Event: 10.548 Loaded shared library C:\Program Files\Java\jdk-22\bin\sunmscapi.dll

Deoptimization events (20 events):
Event: 60.604 Thread 0x00000235db3c6980 DEOPT PACKING pc=0x00000235b647dd50 sp=0x000000c2599f8b80
Event: 60.604 Thread 0x00000235db3c6980 DEOPT UNPACKING pc=0x00000235b5a046a2 sp=0x000000c2599f8b30 mode 2
Event: 61.096 Thread 0x00000235db3c6980 DEOPT PACKING pc=0x00000235aee8a48e sp=0x000000c2599f7b20
Event: 61.096 Thread 0x00000235db3c6980 DEOPT UNPACKING pc=0x00000235b5a04e42 sp=0x000000c2599f70e0 mode 0
Event: 61.249 Thread 0x00000235db3c6980 Uncommon trap: trap_request=0xffffffd6 fr.pc=0x00000235b648b290 relative=0x00000000000006b0
Event: 61.249 Thread 0x00000235db3c6980 Uncommon trap: reason=array_check action=maybe_recompile pc=0x00000235b648b290 method=java.util.TimSort.binarySort([Ljava/lang/Object;IIILjava/util/Comparator;)V @ 215 c2
Event: 61.249 Thread 0x00000235db3c6980 DEOPT PACKING pc=0x00000235b648b290 sp=0x000000c2599f5940
Event: 61.249 Thread 0x00000235db3c6980 DEOPT UNPACKING pc=0x00000235b5a046a2 sp=0x000000c2599f58d8 mode 2
Event: 61.250 Thread 0x00000235db3c6980 Uncommon trap: trap_request=0xffffffd6 fr.pc=0x00000235b648b290 relative=0x00000000000006b0
Event: 61.250 Thread 0x00000235db3c6980 Uncommon trap: reason=array_check action=maybe_recompile pc=0x00000235b648b290 method=java.util.TimSort.binarySort([Ljava/lang/Object;IIILjava/util/Comparator;)V @ 215 c2
Event: 61.250 Thread 0x00000235db3c6980 DEOPT PACKING pc=0x00000235b648b290 sp=0x000000c2599f5940
Event: 61.250 Thread 0x00000235db3c6980 DEOPT UNPACKING pc=0x00000235b5a046a2 sp=0x000000c2599f58d8 mode 2
Event: 61.250 Thread 0x00000235db3c6980 Uncommon trap: trap_request=0xffffffd6 fr.pc=0x00000235b648b534 relative=0x0000000000000954
Event: 61.250 Thread 0x00000235db3c6980 Uncommon trap: reason=array_check action=maybe_recompile pc=0x00000235b648b534 method=java.util.TimSort.binarySort([Ljava/lang/Object;IIILjava/util/Comparator;)V @ 183 c2
Event: 61.250 Thread 0x00000235db3c6980 DEOPT PACKING pc=0x00000235b648b534 sp=0x000000c2599f6080
Event: 61.250 Thread 0x00000235db3c6980 DEOPT UNPACKING pc=0x00000235b5a046a2 sp=0x000000c2599f6018 mode 2
Event: 61.250 Thread 0x00000235db3c6980 Uncommon trap: trap_request=0xffffffd6 fr.pc=0x00000235b648b290 relative=0x00000000000006b0
Event: 61.250 Thread 0x00000235db3c6980 Uncommon trap: reason=array_check action=maybe_recompile pc=0x00000235b648b290 method=java.util.TimSort.binarySort([Ljava/lang/Object;IIILjava/util/Comparator;)V @ 215 c2
Event: 61.250 Thread 0x00000235db3c6980 DEOPT PACKING pc=0x00000235b648b290 sp=0x000000c2599f6080
Event: 61.250 Thread 0x00000235db3c6980 DEOPT UNPACKING pc=0x00000235b5a046a2 sp=0x000000c2599f6018 mode 2

Classes loaded (20 events):
Event: 55.949 Loading class java/io/PrintWriter$1
Event: 55.949 Loading class jdk/internal/access/JavaIOPrintWriterAccess
Event: 55.949 Loading class jdk/internal/access/JavaIOPrintWriterAccess done
Event: 55.949 Loading class java/io/PrintWriter$1 done
Event: 56.526 Loading class java/lang/EnumBeanInfo
Event: 56.526 Loading class java/lang/EnumBeanInfo done
Event: 56.527 Loading class java/lang/EnumBeanInfo
Event: 56.527 Loading class java/lang/EnumBeanInfo done
Event: 56.528 Loading class java/lang/EnumCustomizer
Event: 56.528 Loading class java/lang/EnumCustomizer done
Event: 56.528 Loading class java/lang/EnumCustomizer
Event: 56.528 Loading class java/lang/EnumCustomizer done
Event: 58.216 Loading class sun/reflect/generics/tree/LongSignature
Event: 58.225 Loading class sun/reflect/generics/tree/LongSignature done
Event: 60.199 Loading class java/util/TreeMap$ValueSpliterator
Event: 60.202 Loading class java/util/TreeMap$ValueSpliterator done
Event: 60.488 Loading class java/util/TreeMap$KeySpliterator
Event: 60.489 Loading class java/util/TreeMap$KeySpliterator done
Event: 61.360 Loading class java/io/FilterReader
Event: 61.361 Loading class java/io/FilterReader done

Classes unloaded (0 events):
No events

Classes redefined (0 events):
No events

Internal exceptions (20 events):
Event: 60.753 Thread 0x00000235db3c6980 Exception <a 'java/lang/ClassNotFoundException'{0x00000000ef9ad3e0}: build_5yx982cqvsdz663qvem851ypeBeanInfo> (0x00000000ef9ad3e0) 
thrown [s\open\src\hotspot\share\classfile\systemDictionary.cpp, line 313]
Event: 60.754 Thread 0x00000235db3c6980 Exception <a 'java/lang/ClassNotFoundException'{0x00000000ef9b4168}: build_5yx982cqvsdz663qvem851ypeCustomizer> (0x00000000ef9b4168) 
thrown [s\open\src\hotspot\share\classfile\systemDictionary.cpp, line 313]
Event: 61.005 Thread 0x00000235db3c6980 Exception <a 'java/lang/ClassNotFoundException'{0x00000000ef6d40b0}: io/spring/gradle/dependencymanagement/internal/dsl/StandardImportsHandlerBeanInfo> (0x00000000ef6d40b0) 
thrown [s\open\src\hotspot\share\classfile\systemDictionary.cpp, line 313]
Event: 61.007 Thread 0x00000235db3c6980 Exception <a 'java/lang/ClassNotFoundException'{0x00000000ef6e01b8}: io/spring/gradle/dependencymanagement/internal/dsl/StandardImportsHandlerCustomizer> (0x00000000ef6e01b8) 
thrown [s\open\src\hotspot\share\classfile\systemDictionary.cpp, line 313]
Event: 61.034 Thread 0x00000235db3c6980 Exception <a 'java/lang/NoClassDefFoundError'{0x00000000ef56a538}: org/jetbrains/kotlin/gradle/plugin/KotlinPluginWrapper> (0x00000000ef56a538) 
thrown [s\open\src\hotspot\share\classfile\systemDictionary.cpp, line 302]
Event: 61.034 Thread 0x00000235db3c6980 Exception <a 'java/lang/NoClassDefFoundError'{0x00000000ef571550}: org/graalvm/buildtools/gradle/NativeImagePlugin> (0x00000000ef571550) 
thrown [s\open\src\hotspot\share\classfile\systemDictionary.cpp, line 302]
Event: 61.036 Thread 0x00000235db3c6980 Exception <a 'java/lang/NoClassDefFoundError'{0x00000000ef578360}: org/cyclonedx/gradle/CycloneDxPlugin> (0x00000000ef578360) 
thrown [s\open\src\hotspot\share\classfile\systemDictionary.cpp, line 302]
Event: 61.323 Thread 0x00000235db3c6980 Exception <a 'java/lang/ClassNotFoundException'{0x00000000eee4a3f8}: org/gradle/api/tasks/bundling/Jar_DecoratedBeanInfo> (0x00000000eee4a3f8) 
thrown [s\open\src\hotspot\share\classfile\systemDictionary.cpp, line 313]
Event: 61.330 Thread 0x00000235db3c6980 Exception <a 'java/lang/ClassNotFoundException'{0x00000000eee5f778}: org/gradle/api/tasks/bundling/JarBeanInfo> (0x00000000eee5f778) 
thrown [s\open\src\hotspot\share\classfile\systemDictionary.cpp, line 313]
Event: 61.332 Thread 0x00000235db3c6980 Exception <a 'java/lang/ClassNotFoundException'{0x00000000eee74678}: org/gradle/jvm/tasks/JarBeanInfo> (0x00000000eee74678) 
thrown [s\open\src\hotspot\share\classfile\systemDictionary.cpp, line 313]
Event: 61.334 Thread 0x00000235db3c6980 Exception <a 'java/lang/ClassNotFoundException'{0x00000000eee87cc0}: org/gradle/api/tasks/bundling/ZipBeanInfo> (0x00000000eee87cc0) 
thrown [s\open\src\hotspot\share\classfile\systemDictionary.cpp, line 313]
Event: 61.342 Thread 0x00000235db3c6980 Exception <a 'java/lang/ClassNotFoundException'{0x00000000eee9b728}: org/gradle/api/tasks/bundling/AbstractArchiveTaskBeanInfo> (0x00000000eee9b728) 
thrown [s\open\src\hotspot\share\classfile\systemDictionary.cpp, line 313]
Event: 61.347 Thread 0x00000235db3c6980 Exception <a 'java/lang/ClassNotFoundException'{0x00000000eeeaeb30}: org/gradle/api/tasks/AbstractCopyTaskBeanInfo> (0x00000000eeeaeb30) 
thrown [s\open\src\hotspot\share\classfile\systemDictionary.cpp, line 313]
Event: 61.350 Thread 0x00000235db3c6980 Exception <a 'java/lang/ClassNotFoundException'{0x00000000eeec21c8}: org/gradle/api/tasks/AbstractCopyTaskCustomizer> (0x00000000eeec21c8) 
thrown [s\open\src\hotspot\share\classfile\systemDictionary.cpp, line 313]
Event: 61.374 Thread 0x00000235db3c6980 Exception <a 'java/lang/ClassNotFoundException'{0x00000000eed5bee0}: org/gradle/api/tasks/bundling/AbstractArchiveTaskCustomizer> (0x00000000eed5bee0) 
thrown [s\open\src\hotspot\share\classfile\systemDictionary.cpp, line 313]
Event: 61.382 Thread 0x00000235db3c6980 Exception <a 'java/lang/ClassNotFoundException'{0x00000000eed9b3c8}: org/gradle/api/tasks/bundling/ZipCustomizer> (0x00000000eed9b3c8) 
thrown [s\open\src\hotspot\share\classfile\systemDictionary.cpp, line 313]
Event: 61.389 Thread 0x00000235db3c6980 Exception <a 'java/lang/ClassNotFoundException'{0x00000000eedcdad0}: org/gradle/jvm/tasks/JarCustomizer> (0x00000000eedcdad0) 
thrown [s\open\src\hotspot\share\classfile\systemDictionary.cpp, line 313]
Event: 61.398 Thread 0x00000235db3c6980 Exception <a 'java/lang/ClassNotFoundException'{0x00000000eec08bd8}: org/gradle/api/tasks/bundling/JarCustomizer> (0x00000000eec08bd8) 
thrown [s\open\src\hotspot\share\classfile\systemDictionary.cpp, line 313]
Event: 61.409 Thread 0x00000235db3c6980 Exception <a 'java/lang/ClassNotFoundException'{0x00000000eec3dc98}: org/gradle/api/tasks/bundling/Jar_DecoratedCustomizer> (0x00000000eec3dc98) 
thrown [s\open\src\hotspot\share\classfile\systemDictionary.cpp, line 313]
Event: 61.416 Thread 0x00000235db3c6980 Exception <a 'java/lang/NoSuchMethodError'{0x00000000eecdfd38}: 'void java.lang.invoke.DirectMethodHandle$Holder.invokeInterface(java.lang.Object, java.lang.Object, int)'> (0x00000000eecdfd38) 
thrown [s\open\src\hotspot\share\interpreter\linkResolver.cpp, line 774]

ZGC Phase Switch (0 events):
No events

VM Operations (20 events):
Event: 56.087 Executing VM operation: Cleanup
Event: 56.087 Executing VM operation: Cleanup done
Event: 57.095 Executing VM operation: Cleanup
Event: 57.096 Executing VM operation: Cleanup done
Event: 58.100 Executing VM operation: Cleanup
Event: 58.101 Executing VM operation: Cleanup done
Event: 59.109 Executing VM operation: Cleanup
Event: 59.109 Executing VM operation: Cleanup done
Event: 60.125 Executing VM operation: Cleanup
Event: 60.125 Executing VM operation: Cleanup done
Event: 60.141 Executing VM operation: HandshakeAllThreads (HandshakeForDeflation)
Event: 60.141 Executing VM operation: HandshakeAllThreads (HandshakeForDeflation) done
Event: 60.141 Executing VM operation: RendezvousGCThreads
Event: 60.141 Executing VM operation: RendezvousGCThreads done
Event: 60.159 Executing VM operation: G1CollectForAllocation (G1 Evacuation Pause)
Event: 60.193 Executing VM operation: G1CollectForAllocation (G1 Evacuation Pause) done
Event: 61.195 Executing VM operation: Cleanup
Event: 61.211 Executing VM operation: Cleanup done
Event: 62.216 Executing VM operation: Cleanup
Event: 62.217 Executing VM operation: Cleanup done

Memory protections (0 events):
No events

Nmethod flushes (20 events):
Event: 49.607 Thread 0x00000235c1258d90 flushing  nmethod 0x00000235ae5ab110
Event: 49.607 Thread 0x00000235c1258d90 flushing  nmethod 0x00000235ae618710
Event: 49.607 Thread 0x00000235c1258d90 flushing  nmethod 0x00000235ae61a010
Event: 49.607 Thread 0x00000235c1258d90 flushing  nmethod 0x00000235ae643190
Event: 49.607 Thread 0x00000235c1258d90 flushing  nmethod 0x00000235ae647090
Event: 49.607 Thread 0x00000235c1258d90 flushing  nmethod 0x00000235ae7bc690
Event: 49.607 Thread 0x00000235c1258d90 flushing  nmethod 0x00000235ae8ed710
Event: 49.607 Thread 0x00000235c1258d90 flushing  nmethod 0x00000235ae90a290
Event: 49.607 Thread 0x00000235c1258d90 flushing  nmethod 0x00000235ae957e10
Event: 49.607 Thread 0x00000235c1258d90 flushing  nmethod 0x00000235ae97c410
Event: 49.607 Thread 0x00000235c1258d90 flushing  nmethod 0x00000235aead8290
Event: 49.607 Thread 0x00000235c1258d90 flushing  nmethod 0x00000235aead9c10
Event: 49.607 Thread 0x00000235c1258d90 flushing  nmethod 0x00000235aeb25b10
Event: 49.607 Thread 0x00000235c1258d90 flushing  nmethod 0x00000235aeb26390
Event: 49.607 Thread 0x00000235c1258d90 flushing  nmethod 0x00000235aeb26a10
Event: 49.607 Thread 0x00000235c1258d90 flushing  nmethod 0x00000235aeb27290
Event: 49.607 Thread 0x00000235c1258d90 flushing  nmethod 0x00000235aeb27f90
Event: 49.607 Thread 0x00000235c1258d90 flushing  nmethod 0x00000235aeb29310
Event: 49.607 Thread 0x00000235c1258d90 flushing osr nmethod 0x00000235aeb2f310
Event: 49.607 Thread 0x00000235c1258d90 flushing  nmethod 0x00000235aeb54390

Events (20 events):
Event: 43.581 Thread 0x00000235db3c6980 Thread added: 0x00000235dd019680
Event: 43.898 Thread 0x00000235db3c6980 Thread added: 0x00000235dd016890
Event: 43.901 Thread 0x00000235db3c6980 Thread added: 0x00000235de0a2390
Event: 43.916 Thread 0x00000235db3c6980 Thread added: 0x00000235de0a30b0
Event: 43.919 Thread 0x00000235db3c6980 Thread added: 0x00000235de09fc30
Event: 43.925 Thread 0x00000235db3c6980 Thread added: 0x00000235de0a2a20
Event: 43.928 Thread 0x00000235db3c6980 Thread added: 0x00000235de0a02c0
Event: 43.933 Thread 0x00000235db3c6980 Thread added: 0x00000235de0a0950
Event: 44.104 Thread 0x00000235c13b9990 Thread added: 0x00000235deda9fb0
Event: 44.460 Thread 0x00000235db3c6980 Thread added: 0x00000235de0a1670
Event: 44.462 Thread 0x00000235db3c6980 Thread added: 0x00000235de0a1d00
Event: 44.463 Thread 0x00000235db3c6980 Thread added: 0x00000235dfe79da0
Event: 44.465 Thread 0x00000235db3c6980 Thread added: 0x00000235dfe7d220
Event: 44.468 Thread 0x00000235db3c6980 Thread added: 0x00000235dfe7d8b0
Event: 44.470 Thread 0x00000235db3c6980 Thread added: 0x00000235dfe7be70
Event: 44.471 Thread 0x00000235db3c6980 Thread added: 0x00000235dfe7a430
Event: 46.121 Thread 0x00000235deda9fb0 Thread exited: 0x00000235deda9fb0
Event: 48.454 Thread 0x00000235db3c6980 Thread added: 0x00000235dfe7df40
Event: 60.388 Thread 0x00000235c13b9990 Thread added: 0x00000235dd1b2ed0
Event: 60.539 Thread 0x00000235dd1b2ed0 Thread exited: 0x00000235dd1b2ed0


Dynamic libraries:
0x00007ff756970000 - 0x00007ff756980000 	C:\Program Files\Java\jdk-22\bin\java.exe
0x00007ffbc4260000 - 0x00007ffbc44c7000 	C:\WINDOWS\SYSTEM32\ntdll.dll
0x00007ffbc3530000 - 0x00007ffbc35f9000 	C:\WINDOWS\System32\KERNEL32.DLL
0x00007ffbc15b0000 - 0x00007ffbc19a0000 	C:\WINDOWS\System32\KERNELBASE.dll
0x00007ffbc19b0000 - 0x00007ffbc1afb000 	C:\WINDOWS\System32\ucrtbase.dll
0x00007ffbb0e30000 - 0x00007ffbb0e47000 	C:\Program Files\Java\jdk-22\bin\jli.dll
0x00007ffbb19a0000 - 0x00007ffbb19bb000 	C:\Program Files\Java\jdk-22\bin\VCRUNTIME140.dll
0x00007ffbc4000000 - 0x00007ffbc41c5000 	C:\WINDOWS\System32\USER32.dll
0x00007ffbc1390000 - 0x00007ffbc13b7000 	C:\WINDOWS\System32\win32u.dll
0x00007ffbc3360000 - 0x00007ffbc338b000 	C:\WINDOWS\System32\GDI32.dll
0x00007ffba9b70000 - 0x00007ffba9e0a000 	C:\WINDOWS\WinSxS\amd64_microsoft.windows.common-controls_6595b64144ccf1df_6.0.26100.4768_none_3e0c112ce331287c\COMCTL32.dll
0x00007ffbc2ae0000 - 0x00007ffbc2b89000 	C:\WINDOWS\System32\msvcrt.dll
0x00007ffbc1470000 - 0x00007ffbc15a8000 	C:\WINDOWS\System32\gdi32full.dll
0x00007ffbc13c0000 - 0x00007ffbc1463000 	C:\WINDOWS\System32\msvcp_win.dll
0x00007ffbc41e0000 - 0x00007ffbc420f000 	C:\WINDOWS\System32\IMM32.DLL
0x00007ffbb60e0000 - 0x00007ffbb60ec000 	C:\Program Files\Java\jdk-22\bin\vcruntime140_1.dll
0x00007ffb97c10000 - 0x00007ffb97c9e000 	C:\Program Files\Java\jdk-22\bin\msvcp140.dll
0x00007ffb49a90000 - 0x00007ffb4a7d9000 	C:\Program Files\Java\jdk-22\bin\server\jvm.dll
0x00007ffbc2a20000 - 0x00007ffbc2ad4000 	C:\WINDOWS\System32\ADVAPI32.dll
0x00007ffbc3ca0000 - 0x00007ffbc3d46000 	C:\WINDOWS\System32\sechost.dll
0x00007ffbc3970000 - 0x00007ffbc3a88000 	C:\WINDOWS\System32\RPCRT4.dll
0x00007ffbc32e0000 - 0x00007ffbc3354000 	C:\WINDOWS\System32\WS2_32.dll
0x00007ffbc11f0000 - 0x00007ffbc124e000 	C:\WINDOWS\SYSTEM32\POWRPROF.dll
0x00007ffbb6140000 - 0x00007ffbb6175000 	C:\WINDOWS\SYSTEM32\WINMM.dll
0x00007ffbb14a0000 - 0x00007ffbb14ab000 	C:\WINDOWS\SYSTEM32\VERSION.dll
0x00007ffbc11d0000 - 0x00007ffbc11e4000 	C:\WINDOWS\SYSTEM32\UMPDC.dll
0x00007ffbc0110000 - 0x00007ffbc012b000 	C:\WINDOWS\SYSTEM32\kernel.appcore.dll
0x00007ffbb5270000 - 0x00007ffbb527a000 	C:\Program Files\Java\jdk-22\bin\jimage.dll
0x00007ffbbb680000 - 0x00007ffbbb8c1000 	C:\WINDOWS\SYSTEM32\DBGHELP.DLL
0x00007ffbc2690000 - 0x00007ffbc2a15000 	C:\WINDOWS\System32\combase.dll
0x00007ffbc33c0000 - 0x00007ffbc34a0000 	C:\WINDOWS\System32\OLEAUT32.dll
0x00007ffb9c900000 - 0x00007ffb9c943000 	C:\WINDOWS\SYSTEM32\dbgcore.DLL
0x00007ffbc1b90000 - 0x00007ffbc1c29000 	C:\WINDOWS\System32\bcryptPrimitives.dll
0x00007ffbb5240000 - 0x00007ffbb524f000 	C:\Program Files\Java\jdk-22\bin\instrument.dll
0x00007ffbad170000 - 0x00007ffbad18e000 	C:\Program Files\Java\jdk-22\bin\java.dll
0x00007ffbc2b90000 - 0x00007ffbc32dd000 	C:\WINDOWS\System32\SHELL32.dll
0x00007ffbc1db0000 - 0x00007ffbc1f23000 	C:\WINDOWS\System32\wintypes.dll
0x00007ffbc3600000 - 0x00007ffbc37a0000 	C:\WINDOWS\System32\ole32.dll
0x00007ffbbef70000 - 0x00007ffbbf7d0000 	C:\WINDOWS\SYSTEM32\windows.storage.dll
0x00007ffbc2590000 - 0x00007ffbc2685000 	C:\WINDOWS\System32\SHCORE.dll
0x00007ffbc37b0000 - 0x00007ffbc381a000 	C:\WINDOWS\System32\shlwapi.dll
0x00007ffbc12b0000 - 0x00007ffbc12d9000 	C:\WINDOWS\SYSTEM32\profapi.dll
0x00007ffb80290000 - 0x00007ffb80367000 	C:\Program Files\Java\jdk-22\bin\jsvml.dll
0x00007ffba46a0000 - 0x00007ffba46b7000 	C:\Program Files\Java\jdk-22\bin\zip.dll
0x00007ffbb3660000 - 0x00007ffbb3670000 	C:\Program Files\Java\jdk-22\bin\net.dll
0x00007ffbc06a0000 - 0x00007ffbc070b000 	C:\WINDOWS\system32\mswsock.dll
0x00007ffba4470000 - 0x00007ffba4486000 	C:\Program Files\Java\jdk-22\bin\nio.dll
0x00007ffbb0fe0000 - 0x00007ffbb0ff0000 	C:\Program Files\Java\jdk-22\bin\verify.dll
0x00007ffbb0f80000 - 0x00007ffbb0fa7000 	C:\Users\maria\.gradle\native\1def1411415f61bf3af743bc5b6707747c0891f09f0c88961ee8f79bc544acac\windows-amd64\native-platform.dll
0x00007ffb97b90000 - 0x00007ffb97c08000 	C:\Users\maria\.gradle\native\0.2.7\x86_64-windows-gnu\gradle-fileevents.dll
0x00007ffbb0ea0000 - 0x00007ffbb0eaa000 	C:\Program Files\Java\jdk-22\bin\management.dll
0x00007ffbb0e20000 - 0x00007ffbb0e2b000 	C:\Program Files\Java\jdk-22\bin\management_ext.dll
0x00007ffbc41d0000 - 0x00007ffbc41d8000 	C:\WINDOWS\System32\PSAPI.DLL
0x00007ffbbfb00000 - 0x00007ffbbfb33000 	C:\WINDOWS\SYSTEM32\IPHLPAPI.DLL
0x00007ffbc3c90000 - 0x00007ffbc3c9a000 	C:\WINDOWS\System32\NSI.dll
0x00007ffbaeb40000 - 0x00007ffbaeb49000 	C:\Program Files\Java\jdk-22\bin\extnet.dll
0x00007ffbc0960000 - 0x00007ffbc097b000 	C:\WINDOWS\SYSTEM32\CRYPTSP.dll
0x00007ffbc0070000 - 0x00007ffbc00ab000 	C:\WINDOWS\system32\rsaenh.dll
0x00007ffbc0740000 - 0x00007ffbc076b000 	C:\WINDOWS\SYSTEM32\USERENV.dll
0x00007ffbc1280000 - 0x00007ffbc12a6000 	C:\WINDOWS\SYSTEM32\bcrypt.dll
0x00007ffbc0980000 - 0x00007ffbc098c000 	C:\WINDOWS\SYSTEM32\CRYPTBASE.dll
0x00007ffbabba0000 - 0x00007ffbabbae000 	C:\Program Files\Java\jdk-22\bin\sunmscapi.dll
0x00007ffbc1c30000 - 0x00007ffbc1da7000 	C:\WINDOWS\System32\CRYPT32.dll
0x00007ffbc0b80000 - 0x00007ffbc0bb0000 	C:\WINDOWS\SYSTEM32\ncrypt.dll
0x00007ffbc0b30000 - 0x00007ffbc0b6f000 	C:\WINDOWS\SYSTEM32\NTASN1.dll
0x00007ffbaeb20000 - 0x00007ffbaeb28000 	C:\WINDOWS\system32\wshunix.dll

dbghelp: loaded successfully - version: 4.0.5 - missing functions: none
symbol engine: initialized successfully - sym options: 0x614 - pdb path: .;C:\Program Files\Java\jdk-22\bin;C:\WINDOWS\SYSTEM32;C:\WINDOWS\WinSxS\amd64_microsoft.windows.common-controls_6595b64144ccf1df_6.0.26100.4768_none_3e0c112ce331287c;C:\Program Files\Java\jdk-22\bin\server;C:\Users\maria\.gradle\native\1def1411415f61bf3af743bc5b6707747c0891f09f0c88961ee8f79bc544acac\windows-amd64;C:\Users\maria\.gradle\native\0.2.7\x86_64-windows-gnu

VM Arguments:
jvm_args: --add-opens=java.base/java.lang=ALL-UNNAMED --add-opens=java.base/java.lang.invoke=ALL-UNNAMED --add-opens=java.base/java.util=ALL-UNNAMED --add-opens=java.prefs/java.util.prefs=ALL-UNNAMED --add-exports=jdk.compiler/com.sun.tools.javac.api=ALL-UNNAMED --add-exports=jdk.compiler/com.sun.tools.javac.util=ALL-UNNAMED --add-opens=java.base/java.util=ALL-UNNAMED --add-opens=java.prefs/java.util.prefs=ALL-UNNAMED --add-opens=java.base/java.nio.charset=ALL-UNNAMED --add-opens=java.base/java.net=ALL-UNNAMED --add-opens=java.base/java.util.concurrent.atomic=ALL-UNNAMED --add-opens=java.xml/javax.xml.namespace=ALL-UNNAMED -XX:MaxMetaspaceSize=384m -XX:+HeapDumpOnOutOfMemoryError -Xms256m -Xmx512m -Dfile.encoding=UTF-8 -Duser.country=PE -Duser.language=es -Duser.variant -javaagent:C:\Users\maria\.gradle\wrapper\dists\gradle-8.14.3-bin\cv11ve7ro1n3o1j4so8xd9n66\gradle-8.14.3\lib\agents\gradle-instrumentation-agent-8.14.3.jar 
java_command: org.gradle.launcher.daemon.bootstrap.GradleDaemon 8.14.3
java_class_path (initial): C:\Users\maria\.gradle\wrapper\dists\gradle-8.14.3-bin\cv11ve7ro1n3o1j4so8xd9n66\gradle-8.14.3\lib\gradle-daemon-main-8.14.3.jar
Launcher Type: SUN_STANDARD

[Global flags]
     intx CICompilerCount                          = 4                                         {product} {ergonomic}
   size_t CompressedClassSpaceSize                 = 335544320                                 {product} {ergonomic}
     uint ConcGCThreads                            = 2                                         {product} {ergonomic}
     uint G1ConcRefinementThreads                  = 8                                         {product} {ergonomic}
   size_t G1HeapRegionSize                         = 1048576                                   {product} {ergonomic}
     bool HeapDumpOnOutOfMemoryError               = true                                   {manageable} {command line}
   size_t InitialHeapSize                          = 268435456                                 {product} {command line}
   size_t MarkStackSize                            = 4194304                                   {product} {ergonomic}
   size_t MaxHeapSize                              = 536870912                                 {product} {command line}
   size_t MaxMetaspaceSize                         = 402653184                                 {product} {command line}
   size_t MaxNewSize                               = 321912832                                 {product} {ergonomic}
   size_t MinHeapDeltaBytes                        = 1048576                                   {product} {ergonomic}
   size_t MinHeapSize                              = 268435456                                 {product} {command line}
    uintx NonNMethodCodeHeapSize                   = 5839372                                {pd product} {ergonomic}
    uintx NonProfiledCodeHeapSize                  = 122909434                              {pd product} {ergonomic}
    uintx ProfiledCodeHeapSize                     = 122909434                              {pd product} {ergonomic}
    uintx ReservedCodeCacheSize                    = 251658240                              {pd product} {ergonomic}
     bool SegmentedCodeCache                       = true                                      {product} {ergonomic}
   size_t SoftMaxHeapSize                          = 536870912                              {manageable} {ergonomic}
     bool UseCompressedOops                        = true                           {product lp64_product} {ergonomic}
     bool UseG1GC                                  = true                                      {product} {ergonomic}
     bool UseLargePagesIndividualAllocation        = false                                  {pd product} {ergonomic}

Logging:
Log output configuration:
 #0: stdout all=warning uptime,level,tags foldmultilines=false
 #1: stderr all=off uptime,level,tags foldmultilines=false

Environment Variables:
PATH=C:\Program Files\Common Files\Oracle\Java\javapath;C:\WINDOWS\system32;C:\WINDOWS;C:\WINDOWS\System32\Wbem;C:\WINDOWS\System32\WindowsPowerShell\v1.0\;C:\WINDOWS\System32\OpenSSH\;C:\Users\maria\AppData\Roaming\nvm;C:\Program Files\nodejs;C:\Program Files\Docker\Docker\resources\bin;C:\Program Files\Git\cmd;C:\Program Files (x86)\Microsoft SQL Server\160\DTS\Binn\;C:\Program Files\Amazon\AWSCLIV2\;C:\Program Files\dotnet\;C:\Users\maria\AppData\Local\Programs\Python\Python313;C:\Users\maria\AppData\Local\Programs\Python\Python313\Scripts;C:\gradle-8.14.3\bin;C:\Users\maria\AppData\Local\Programs\Python\Launcher\;C:\Users\maria\.console-ninja\.bin;C:\Users\maria\AppData\Local\Microsoft\WindowsApps;C:\Users\maria\AppData\Roaming\nvm;C:\Program Files\nodejs;C:\Users\maria\AppData\Local\Programs\Microsoft VS Code\bin;C:\Program Files\JetBrains\WebStorm 2024.3.1.1\bin;;C:\Users\maria\.bun\bin;C:\Users\maria\AppData\Local\Microsoft\WindowsApps;C:\Users\maria\AppData\Local\Programs\Python\Python313;C:\Users\maria\AppData\Local\Programs\Python\Python313\Scripts;
USERNAME=Irma
OS=Windows_NT
PROCESSOR_IDENTIFIER=AMD64 Family 23 Model 160 Stepping 0, AuthenticAMD
TMP=C:\Users\maria\AppData\Local\Temp
TEMP=C:\Users\maria\AppData\Local\Temp




Periodic native trim disabled

---------------  S Y S T E M  ---------------

OS:
 Windows 11 , 64 bit Build 26100 (10.0.26100.4768)
OS uptime: 5 days 20:54 hours
Hyper-V role detected

CPU: total 8 (initial active 8) (8 cores per cpu, 2 threads per core) family 23 model 160 stepping 0 microcode 0x8a00006, cx8, cmov, fxsr, ht, mmx, 3dnowpref, sse, sse2, sse3, ssse3, sse4a, sse4.1, sse4.2, popcnt, lzcnt, tsc, tscinvbit, avx, avx2, aes, clmul, bmi1, bmi2, adx, sha, fma, vzeroupper, clflush, clflushopt, hv, rdtscp, rdpid, f16c
Processor Information for processor 0
  Max Mhz: 2801, Current Mhz: 2801, Mhz Limit: 2801
Processor Information for processor 1
  Max Mhz: 2801, Current Mhz: 2801, Mhz Limit: 2801
Processor Information for processor 2
  Max Mhz: 2801, Current Mhz: 2801, Mhz Limit: 2801
Processor Information for processor 3
  Max Mhz: 2801, Current Mhz: 2246, Mhz Limit: 2801
Processor Information for processor 4
  Max Mhz: 2801, Current Mhz: 2801, Mhz Limit: 2801
Processor Information for processor 5
  Max Mhz: 2801, Current Mhz: 2801, Mhz Limit: 2801
Processor Information for processor 6
  Max Mhz: 2801, Current Mhz: 2801, Mhz Limit: 2801
Processor Information for processor 7
  Max Mhz: 2801, Current Mhz: 2246, Mhz Limit: 2801

Memory: 4k page, system-wide physical 7455M (296M free)
TotalPageFile size 29983M (AvailPageFile size 3M)
current process WorkingSet (physical memory assigned to process): 330M, peak: 341M
current process commit charge ("private bytes"): 521M, peak: 524M

vm_info: Java HotSpot(TM) 64-Bit Server VM (22.0.2+9-70) for windows-amd64 JRE (22.0.2+9-70), built on 2024-06-04T16:52:23Z by "mach5one" with MS VC++ 17.6 (VS2022)

END.
